#
# A fatal error has been detected by the Java Runtime Environment:
#
#  SIGSEGV (0xb) at pc=0x0000000000000000, pid=14276, tid=775
#
# JRE version: OpenJDK Runtime Environment AdoptOpenJDK (11.0.8+10) (build 11.0.8+10)
# Java VM: OpenJDK 64-Bit Server VM AdoptOpenJDK (11.0.8+10, mixed mode, tiered, compressed oops, g1 gc, bsd-amd64)
# Problematic frame:
# C  0x0000000000000000
#
# No core dump will be written. Core dumps have been disabled. To enable core dumping, try "ulimit -c unlimited" before starting Java again
#
# If you would like to submit a bug report, please visit:
#   https://github.com/AdoptOpenJDK/openjdk-support/issues
# The crash happened outside the Java Virtual Machine in native code.
# See problematic frame for where to report the bug.
#

---------------  S U M M A R Y ------------

Command Line: -agentlib:jdwp=transport=dt_socket,server=n,suspend=y,address=localhost:53460 -Djava.library.path=/Users/cadennewton/Documents/romi-examples-main 2/RomiExample/build/tmp/jniExtractDir -Dfile.encoding=UTF-8 frc.robot.Main

Host: MacBookPro14,2 x86_64 3300 MHz, 4 cores, 16G, Darwin 20.3.0
Time: Sun Aug 22 09:35:22 2021 PDT elapsed time: 14 seconds (0d 0h 0m 14s)

---------------  T H R E A D  ---------------

Current thread (0x00007fe583015000):  JavaThread "main" [_thread_in_native, id=775, stack(0x00007ffee4441000,0x00007ffee4c41000)]

Stack: [0x00007ffee4441000,0x00007ffee4c41000],  sp=0x00007ffee4c3d638,  free space=8177k
Java frames: (J=compiled Java code, j=interpreted, Vv=VM code)
j  edu.wpi.first.hal.HAL.runMain()V+0
j  edu.wpi.first.wpilibj.RobotBase.startRobot(Ljava/util/function/Supplier;)V+64
j  frc.robot.Main.main([Ljava/lang/String;)V+5
v  ~StubRoutines::call_stub

siginfo: si_signo: 11 (SIGSEGV), si_code: 1 (SEGV_MAPERR), si_addr: 0x0000000000000000

Register to memory mapping:

RAX=