#
# A fatal error has been detected by the Java Runtime Environment:
#
#  SIGSEGV (0xb) at pc=0x0000000000000000, pid=14117, tid=775
#
# JRE version: OpenJDK Runtime Environment AdoptOpenJDK (11.0.8+10) (build 11.0.8+10)
# Java VM: OpenJDK 64-Bit Server VM AdoptOpenJDK (11.0.8+10, mixed mode, tiered, compressed oops, g1 gc, bsd-amd64)
# Problematic frame:
# C  0x0000000000000000
#
# No core dump will be written. Core dumps have been disabled. To enable core dumping, try "ulimit -c unlimited" before starting Java again
#
# If you would like to submit a bug report, please visit:
#   https://github.com/AdoptOpenJDK/openjdk-support/issues
# The crash happened outside the Java Virtual Machine in native code.
# See problematic frame for where to report the bug.
#

---------------  S U M M A R Y ------------

Command Line: -agentlib:jdwp=transport=dt_socket,server=n,suspend=y,address=localhost:53442 -Djava.library.path=/Users/cadennewton/Documents/romi-examples-main 2/RomiExample/build/tmp/jniExtractDir -Dfile.encoding=UTF-8 frc.robot.Main

Host: MacBookPro14,2 x86_64 3300 MHz, 4 cores, 16G, Darwin 20.3.0
Time: Sun Aug 22 09:26:28 2021 PDT elapsed time: 54 seconds (0d 0h 0m 54s)

---------------  T H R E A D  ---------------

Current thread (0x00007f8be0009800):  JavaThread "main" [_thread_in_native, id=775, stack(0x00007ffedf94e000,0x00007ffee014e000)]

Stack: [0x00007ffedf94e000,0x00007ffee014e000],  sp=0x00007ffee014a638,  free space=8177k
Java frames: (J=compiled Java code, j=interpreted, Vv=VM code)
j  edu.wpi.first.hal.HAL.runMain()V+0
j  edu.wpi.first.wpilibj.RobotBase.startRobot(Ljava/util/function/Supplier;)V+64
j  frc.robot.Main.main([Ljava/lang/String;)V+5
v  ~StubRoutines::call_stub

siginfo: si_signo: 11 (SIGSEGV), si_code: 1 (SEGV_MAPERR), si_addr: 0x0000000000000000

Register to memory mapping:

RAX=0x00000001385f7e50: _ZTVN5glass13WindowManagerE+0x10 in /Users/cadennewton/Documents/romi-examples-main 2/RomiExample/build/tmp/expandedArchives/halsim_gui-2021.2.2-osxx86-64.zip_f5561bcd7c4301ba6b8af8f98515ed37/osx/x86-64/shared/libhalsim_gui.dylib at 0x000000013830d000
RBX=0x0 is NULL
RCX=0x00007f8bde54f950 points into unknown readable memory: a8 2a 5f 38 01 00 00 00
RDX=0x00007ffee014a654 is pointing into the stack for thread: 0x00007f8be0009800
RSP=0x00007ffee014a638 is pointing into the stack for thread: 0x00007f8be0009800
RBP=0x00007ffee014a670 is pointing into the stack for thread: 0x00007f8be0009800
RSI=0x00007ffee014a64c is pointing into the stack for thread: 0x00007f8be0009800
RDI=0x00000001386079d0: _ZN9halsimgui9HALSimGui11halProviderE+0 in /Users/cadennewton/Documents/romi-examples-main 2/RomiExample/build/tmp/expandedArchives/halsim_gui-2021.2.2-osxx86-64.zip_f5561bcd7c4301ba6b8af8f98515ed37/osx/x86-64/shared/libhalsim_gui.dylib at 0x000000013830d000
R8 =0x0 is NULL
R9 =0x00007f8be2917240 points into unknown readable memory: 00 00 00 00 00 00 00 00
R10=0x0000000000000061 is an unknown value
R11=0x0000000000000003 is an unknown value
R12=0x00007f8bde6a1df0 points into unknown readable memory: 6d 40 f9 88 ff ff 1d 02
R13=0x00007f8bde6353e0 points into unknown readable memory: 21 d7 fe 8b ff ff 1d 02
R14=0xaaaaaaaaaaaaaaab is an unknown value
R15=0x0000000000000020 is an unknown value


Registers:
RAX=0x00000001385f7e50, RBX=0x0000000000000000, RCX=0x00007f8bde54f950, RDX=0x00007ffee014a654
RSP=0x00007ffee014a638, RBP=0x00007ffee014a670, RSI=0x00007ffee014a64c, RDI=0x00000001386079d0
R8 =0x0000000000000000, R9 =0x00007f8be2917240, R10=0x0000000000000061, R11=0x0000000000000003
R12=0x00007f8bde6a1df0, R13=0x00007f8bde6353e0, R14=0xaaaaaaaaaaaaaaab, R15=0x0000000000000020
RIP=0x0000000000000000, EFLAGS=0x0000000000010206, ERR=0x0000000000000014
  TRAPNO=0x000000000000000e

Top of Stack: (sp=0x00007ffee014a638)
0x00007ffee014a638:   000000013836b618 00007ffee014a670
0x00007ffee014a648:   0000000238556b83 0000000800000000
0x00007ffee014a658:   00007f8bde6ef1f0 00007f8bde578250
0x00007ffee014a668:   00007fff204dc9a0 00007ffee014a730
0x00007ffee014a678:   000000013837e136 3fdcccccc0000000
0x00007ffee014a688:   3fe19999a0000000 3fe3333340000000
0x00007ffee014a698:   3ff0000000000000 3fdcccccc0000000
0x00007ffee014a6a8:   3fe19999a0000000 3fe3333340000000
0x00007ffee014a6b8:   3ff0000000000000 3fdcccccc0000000
0x00007ffee014a6c8:   3fe19999a0000000 3fe3333340000000
0x00007ffee014a6d8:   3ff0000000000000 0000000000000000
0x00007ffee014a6e8:   00007f8bdf00c150 00007f8bde6a1df0
0x00007ffee014a6f8:   00007f8bde6353e0 0000053600000a00
0x00007ffee014a708:   00000001361a53e8 0000000000000000
0x00007ffee014a718:   00000001361a53e8 00007ffee014a7c0
0x00007ffee014a728:   00007f8be0009800 00007ffee014a740
0x00007ffee014a738:   000000013836b4ed 00007ffee014a750
0x00007ffee014a748:   000000013832c749 00007ffee014a7a8
0x00007ffee014a758:   0000000122d34c77 00007ffee014a760
0x00007ffee014a768:   00000001361a53e8 00007ffee014a7c0
0x00007ffee014a778:   00000001361a7710 0000000000000000
0x00007ffee014a788:   000000070f102000 00000001361a53e8
0x00007ffee014a798:   0000000000000000 00007ffee014a7c8
0x00007ffee014a7a8:   00007ffee014a810 0000000122d2bc5c
0x00007ffee014a7b8:   000000070f102000 0000000122d30378
0x00007ffee014a7c8:   00007ffee014a7c8 00000001361a2468
0x00007ffee014a7d8:   00007ffee014a838 00000001361a2fb8
0x00007ffee014a7e8:   0000000000000000 000000070f102080
0x00007ffee014a7f8:   00000001361a2508 00007ffee014a7c8
0x00007ffee014a808:   00007ffee014a838 00007ffee014a888
0x00007ffee014a818:   0000000122d2bc5c 0000000000000000
0x00007ffee014a828:   0000000000000000 000000070f102118 

Instructions: (pc=0x0000000000000000)
0xffffffffffffff00:   


Stack slot to memory mapping:
stack at sp + 0 slots: 0x000000013836b618: _ZN3wpi3gui17CommonRenderFrameEv+0xf8 in /Users/cadennewton/Documents/romi-examples-main 2/RomiExample/build/tmp/expandedArchives/halsim_gui-2021.2.2-osxx86-64.zip_f5561bcd7c4301ba6b8af8f98515ed37/osx/x86-64/shared/libhalsim_gui.dylib at 0x000000013830d000
stack at sp + 1 slots: 0x00007ffee014a670 is pointing into the stack for thread: 0x00007f8be0009800
stack at sp + 2 slots: 0x0000000238556b83 is an unknown value
stack at sp + 3 slots: 0x0000000800000000 is pointing into metadata
stack at sp + 4 slots: 0x00007f8bde6ef1f0 points into unknown readable memory: f1 d4 fe 8b ff ff 1d 01
stack at sp + 5 slots: 0x00007f8bde578250 points into unknown readable memory: 31 a6 25 89 ff ff 1d 03
stack at sp + 6 slots: 0x00007fff204dc9a0: objc_release+0 in /usr/lib/libobjc.A.dylib at 0x00007fff204d5000
stack at sp + 7 slots: 0x00007ffee014a730 is pointing into the stack for thread: 0x00007f8be0009800


---------------  P R O C E S S  ---------------

Threads class SMR info:
_java_thread_list=0x00007f8bde4a1c00, length=15, elements={
0x00007f8be0009800, 0x00007f8bde86b800, 0x00007f8bdf895800, 0x00007f8be0056800,
0x00007f8be0057800, 0x00007f8be005b800, 0x00007f8be005c800, 0x00007f8bdf8f3000,
0x00007f8bdf892800, 0x00007f8be009c800, 0x00007f8bdf901000, 0x00007f8bdf12e800,
0x00007f8be0120800, 0x00007f8bdf2a4800, 0x00007f8bde91f800
}

Java Threads: ( => current thread )
=>0x00007f8be0009800 JavaThread "main" [_thread_in_native, id=775, stack(0x00007ffedf94e000,0x00007ffee014e000)]
  0x00007f8bde86b800 JavaThread "Reference Handler" daemon [_thread_blocked, id=14851, stack(0x0000700003be7000,0x0000700003ce7000)]
  0x00007f8bdf895800 JavaThread "Finalizer" daemon [_thread_blocked, id=19715, stack(0x0000700003cea000,0x0000700003dea000)]
  0x00007f8be0056800 JavaThread "Signal Dispatcher" daemon [_thread_blocked, id=21763, stack(0x0000700003ef3000,0x0000700003ff3000)]
  0x00007f8be0057800 JavaThread "C2 CompilerThread0" daemon [_thread_blocked, id=42755, stack(0x0000700003ff6000,0x00007000040f6000)]
  0x00007f8be005b800 JavaThread "C1 CompilerThread0" daemon [_thread_blocked, id=42243, stack(0x00007000040f9000,0x00007000041f9000)]
  0x00007f8be005c800 JavaThread "Sweeper thread" daemon [_thread_blocked, id=22275, stack(0x00007000041fc000,0x00007000042fc000)]
  0x00007f8bdf8f3000 JavaThread "JDWP Transport Listener: dt_socket" daemon [_thread_in_native, id=22787, stack(0x00007000042ff000,0x00007000043ff000)]
  0x00007f8bdf892800 JavaThread "JDWP Event Helper Thread" daemon [_thread_blocked, id=23555, stack(0x0000700004402000,0x0000700004502000)]
  0x00007f8be009c800 JavaThread "Service Thread" daemon [_thread_blocked, id=40707, stack(0x0000700004608000,0x0000700004708000)]
  0x00007f8bdf901000 JavaThread "Common-Cleaner" daemon [_thread_blocked, id=39939, stack(0x000070000480e000,0x000070000490e000)]
  0x00007f8bdf12e800 JavaThread "robot main" daemon [_thread_in_native, id=75779, stack(0x0000700004c23000,0x0000700004d23000)]
  0x00007f8be0120800 JavaThread "FRCDriverStation" daemon [_thread_in_vm, id=62211, stack(0x00007000050bb000,0x00007000051bb000)]
  0x00007f8bdf2a4800 JavaThread "Thread-0" daemon [_thread_blocked, id=61443, stack(0x00007000051be000,0x00007000052be000)]
  0x00007f8bde91f800 JavaThread "NTEntryListener" daemon [_thread_in_native, id=88067, stack(0x00007000053c4000,0x00007000054c4000)]

Other Threads:
  0x00007f8bdf00d800 VMThread "VM Thread" [stack: 0x0000700003ae4000,0x0000700003be4000] [id=20227]
  0x00007f8bdf8f6800 WatcherThread [stack: 0x000070000470b000,0x000070000480b000] [id=24835]
  0x00007f8bdf016000 GCTaskThread "GC Thread#0" [stack: 0x00007000035d5000,0x00007000036d5000] [id=21507]
  0x00007f8be015d000 GCTaskThread "GC Thread#1" [stack: 0x000070000554a000,0x000070000564a000] [id=75015]
  0x00007f8be015e000 GCTaskThread "GC Thread#2" [stack: 0x000070000564d000,0x000070000574d000] [id=88579]
  0x00007f8be02fa000 GCTaskThread "GC Thread#3" [stack: 0x0000700005750000,0x0000700005850000] [id=130563]
  0x00007f8be0046800 ConcurrentGCThread "G1 Main Marker" [stack: 0x00007000036d8000,0x00007000037d8000] [id=12035]
  0x00007f8bdf814000 ConcurrentGCThread "G1 Conc#0" [stack: 0x00007000037db000,0x00007000038db000] [id=12803]
  0x00007f8bde855800 ConcurrentGCThread "G1 Refine#0" [stack: 0x00007000038de000,0x00007000039de000] [id=13315]
  0x00007f8bdf016800 ConcurrentGCThread "G1 Young RemSet Sampling" [stack: 0x00007000039e1000,0x0000700003ae1000] [id=13571]

Threads with active compile tasks:

VM state:not at safepoint (normal execution)

VM Mutex/Monitor currently owned by a thread: None

Heap address: 0x0000000700000000, size: 4096 MB, Compressed Oops mode: Zero based, Oop shift amount: 3
Narrow klass base: 0x0000000800000000, Narrow klass shift: 0
Compressed class space size: 1073741824 Address: 0x0000000800000000

Heap:
 garbage-first heap   total 262144K, used 3572K [0x0000000700000000, 0x0000000800000000)
  region size 1024K, 5 young (5120K), 2 survivors (2048K)
 Metaspace       used 8128K, capacity 8348K, committed 8576K, reserved 1056768K
  class space    used 777K, capacity 888K, committed 896K, reserved 1048576K
Heap Regions: E=young(eden), S=young(survivor), O=old, HS=humongous(starts), HC=humongous(continues), CS=collection set, F=free, A=archive, TAMS=top-at-mark-start (previous, next)
|   0|0x0000000700000000, 0x0000000700000000, 0x0000000700100000|  0%| F|  |TAMS 0x0000000700000000, 0x0000000700000000| Untracked 
|   1|0x0000000700100000, 0x0000000700100000, 0x0000000700200000|  0%| F|  |TAMS 0x0000000700100000, 0x0000000700100000| Untracked 
|   2|0x0000000700200000, 0x0000000700200000, 0x0000000700300000|  0%| F|  |TAMS 0x0000000700200000, 0x0000000700200000| Untracked 
|   3|0x0000000700300000, 0x0000000700300000, 0x0000000700400000|  0%| F|  |TAMS 0x0000000700300000, 0x0000000700300000| Untracked 
|   4|0x0000000700400000, 0x0000000700400000, 0x0000000700500000|  0%| F|  |TAMS 0x0000000700400000, 0x0000000700400000| Untracked 
|   5|0x0000000700500000, 0x0000000700500000, 0x0000000700600000|  0%| F|  |TAMS 0x0000000700500000, 0x0000000700500000| Untracked 
|   6|0x0000000700600000, 0x0000000700600000, 0x0000000700700000|  0%| F|  |TAMS 0x0000000700600000, 0x0000000700600000| Untracked 
|   7|0x0000000700700000, 0x0000000700700000, 0x0000000700800000|  0%| F|  |TAMS 0x0000000700700000, 0x0000000700700000| Untracked 
|   8|0x0000000700800000, 0x0000000700800000, 0x0000000700900000|  0%| F|  |TAMS 0x0000000700800000, 0x0000000700800000| Untracked 
|   9|0x0000000700900000, 0x0000000700900000, 0x0000000700a00000|  0%| F|  |TAMS 0x0000000700900000, 0x0000000700900000| Untracked 
|  10|0x0000000700a00000, 0x0000000700a00000, 0x0000000700b00000|  0%| F|  |TAMS 0x0000000700a00000, 0x0000000700a00000| Untracked 
|  11|0x0000000700b00000, 0x0000000700b00000, 0x0000000700c00000|  0%| F|  |TAMS 0x0000000700b00000, 0x0000000700b00000| Untracked 
|  12|0x0000000700c00000, 0x0000000700c00000, 0x0000000700d00000|  0%| F|  |TAMS 0x0000000700c00000, 0x0000000700c00000| Untracked 
|  13|0x0000000700d00000, 0x0000000700d00000, 0x0000000700e00000|  0%| F|  |TAMS 0x0000000700d00000, 0x0000000700d00000| Untracked 
|  14|0x0000000700e00000, 0x0000000700e00000, 0x0000000700f00000|  0%| F|  |TAMS 0x0000000700e00000, 0x0000000700e00000| Untracked 
|  15|0x0000000700f00000, 0x0000000700f00000, 0x0000000701000000|  0%| F|  |TAMS 0x0000000700f00000, 0x0000000700f00000| Untracked 
|  16|0x0000000701000000, 0x0000000701000000, 0x0000000701100000|  0%| F|  |TAMS 0x0000000701000000, 0x0000000701000000| Untracked 
|  17|0x0000000701100000, 0x0000000701100000, 0x0000000701200000|  0%| F|  |TAMS 0x0000000701100000, 0x0000000701100000| Untracked 
|  18|0x0000000701200000, 0x0000000701200000, 0x0000000701300000|  0%| F|  |TAMS 0x0000000701200000, 0x0000000701200000| Untracked 
|  19|0x0000000701300000, 0x0000000701300000, 0x0000000701400000|  0%| F|  |TAMS 0x0000000701300000, 0x0000000701300000| Untracked 
|  20|0x0000000701400000, 0x0000000701400000, 0x0000000701500000|  0%| F|  |TAMS 0x0000000701400000, 0x0000000701400000| Untracked 
|  21|0x0000000701500000, 0x0000000701500000, 0x0000000701600000|  0%| F|  |TAMS 0x0000000701500000, 0x0000000701500000| Untracked 
|  22|0x0000000701600000, 0x0000000701600000, 0x0000000701700000|  0%| F|  |TAMS 0x0000000701600000, 0x0000000701600000| Untracked 
|  23|0x0000000701700000, 0x0000000701700000, 0x0000000701800000|  0%| F|  |TAMS 0x0000000701700000, 0x0000000701700000| Untracked 
|  24|0x0000000701800000, 0x0000000701800000, 0x0000000701900000|  0%| F|  |TAMS 0x0000000701800000, 0x0000000701800000| Untracked 
|  25|0x0000000701900000, 0x0000000701900000, 0x0000000701a00000|  0%| F|  |TAMS 0x0000000701900000, 0x0000000701900000| Untracked 
|  26|0x0000000701a00000, 0x0000000701a00000, 0x0000000701b00000|  0%| F|  |TAMS 0x0000000701a00000, 0x0000000701a00000| Untracked 
|  27|0x0000000701b00000, 0x0000000701b00000, 0x0000000701c00000|  0%| F|  |TAMS 0x0000000701b00000, 0x0000000701b00000| Untracked 
|  28|0x0000000701c00000, 0x0000000701c00000, 0x0000000701d00000|  0%| F|  |TAMS 0x0000000701c00000, 0x0000000701c00000| Untracked 
|  29|0x0000000701d00000, 0x0000000701d00000, 0x0000000701e00000|  0%| F|  |TAMS 0x0000000701d00000, 0x0000000701d00000| Untracked 
|  30|0x0000000701e00000, 0x0000000701e00000, 0x0000000701f00000|  0%| F|  |TAMS 0x0000000701e00000, 0x0000000701e00000| Untracked 
|  31|0x0000000701f00000, 0x0000000701f00000, 0x0000000702000000|  0%| F|  |TAMS 0x0000000701f00000, 0x0000000701f00000| Untracked 
|  32|0x0000000702000000, 0x0000000702000000, 0x0000000702100000|  0%| F|  |TAMS 0x0000000702000000, 0x0000000702000000| Untracked 
|  33|0x0000000702100000, 0x0000000702100000, 0x0000000702200000|  0%| F|  |TAMS 0x0000000702100000, 0x0000000702100000| Untracked 
|  34|0x0000000702200000, 0x0000000702200000, 0x0000000702300000|  0%| F|  |TAMS 0x0000000702200000, 0x0000000702200000| Untracked 
|  35|0x0000000702300000, 0x0000000702300000, 0x0000000702400000|  0%| F|  |TAMS 0x0000000702300000, 0x0000000702300000| Untracked 
|  36|0x0000000702400000, 0x0000000702400000, 0x0000000702500000|  0%| F|  |TAMS 0x0000000702400000, 0x0000000702400000| Untracked 
|  37|0x0000000702500000, 0x0000000702500000, 0x0000000702600000|  0%| F|  |TAMS 0x0000000702500000, 0x0000000702500000| Untracked 
|  38|0x0000000702600000, 0x0000000702600000, 0x0000000702700000|  0%| F|  |TAMS 0x0000000702600000, 0x0000000702600000| Untracked 
|  39|0x0000000702700000, 0x0000000702700000, 0x0000000702800000|  0%| F|  |TAMS 0x0000000702700000, 0x0000000702700000| Untracked 
|  40|0x0000000702800000, 0x0000000702800000, 0x0000000702900000|  0%| F|  |TAMS 0x0000000702800000, 0x0000000702800000| Untracked 
|  41|0x0000000702900000, 0x0000000702900000, 0x0000000702a00000|  0%| F|  |TAMS 0x0000000702900000, 0x0000000702900000| Untracked 
|  42|0x0000000702a00000, 0x0000000702a00000, 0x0000000702b00000|  0%| F|  |TAMS 0x0000000702a00000, 0x0000000702a00000| Untracked 
|  43|0x0000000702b00000, 0x0000000702b00000, 0x0000000702c00000|  0%| F|  |TAMS 0x0000000702b00000, 0x0000000702b00000| Untracked 
|  44|0x0000000702c00000, 0x0000000702c00000, 0x0000000702d00000|  0%| F|  |TAMS 0x0000000702c00000, 0x0000000702c00000| Untracked 
|  45|0x0000000702d00000, 0x0000000702d00000, 0x0000000702e00000|  0%| F|  |TAMS 0x0000000702d00000, 0x0000000702d00000| Untracked 
|  46|0x0000000702e00000, 0x0000000702e00000, 0x0000000702f00000|  0%| F|  |TAMS 0x0000000702e00000, 0x0000000702e00000| Untracked 
|  47|0x0000000702f00000, 0x0000000702f00000, 0x0000000703000000|  0%| F|  |TAMS 0x0000000702f00000, 0x0000000702f00000| Untracked 
|  48|0x0000000703000000, 0x0000000703000000, 0x0000000703100000|  0%| F|  |TAMS 0x0000000703000000, 0x0000000703000000| Untracked 
|  49|0x0000000703100000, 0x0000000703100000, 0x0000000703200000|  0%| F|  |TAMS 0x0000000703100000, 0x0000000703100000| Untracked 
|  50|0x0000000703200000, 0x0000000703200000, 0x0000000703300000|  0%| F|  |TAMS 0x0000000703200000, 0x0000000703200000| Untracked 
|  51|0x0000000703300000, 0x0000000703300000, 0x0000000703400000|  0%| F|  |TAMS 0x0000000703300000, 0x0000000703300000| Untracked 
|  52|0x0000000703400000, 0x0000000703400000, 0x0000000703500000|  0%| F|  |TAMS 0x0000000703400000, 0x0000000703400000| Untracked 
|  53|0x0000000703500000, 0x0000000703500000, 0x0000000703600000|  0%| F|  |TAMS 0x0000000703500000, 0x0000000703500000| Untracked 
|  54|0x0000000703600000, 0x0000000703600000, 0x0000000703700000|  0%| F|  |TAMS 0x0000000703600000, 0x0000000703600000| Untracked 
|  55|0x0000000703700000, 0x0000000703700000, 0x0000000703800000|  0%| F|  |TAMS 0x0000000703700000, 0x0000000703700000| Untracked 
|  56|0x0000000703800000, 0x0000000703800000, 0x0000000703900000|  0%| F|  |TAMS 0x0000000703800000, 0x0000000703800000| Untracked 
|  57|0x0000000703900000, 0x0000000703900000, 0x0000000703a00000|  0%| F|  |TAMS 0x0000000703900000, 0x0000000703900000| Untracked 
|  58|0x0000000703a00000, 0x0000000703a00000, 0x0000000703b00000|  0%| F|  |TAMS 0x0000000703a00000, 0x0000000703a00000| Untracked 
|  59|0x0000000703b00000, 0x0000000703b00000, 0x0000000703c00000|  0%| F|  |TAMS 0x0000000703b00000, 0x0000000703b00000| Untracked 
|  60|0x0000000703c00000, 0x0000000703c00000, 0x0000000703d00000|  0%| F|  |TAMS 0x0000000703c00000, 0x0000000703c00000| Untracked 
|  61|0x0000000703d00000, 0x0000000703d00000, 0x0000000703e00000|  0%| F|  |TAMS 0x0000000703d00000, 0x0000000703d00000| Untracked 
|  62|0x0000000703e00000, 0x0000000703e00000, 0x0000000703f00000|  0%| F|  |TAMS 0x0000000703e00000, 0x0000000703e00000| Untracked 
|  63|0x0000000703f00000, 0x0000000703f00000, 0x0000000704000000|  0%| F|  |TAMS 0x0000000703f00000, 0x0000000703f00000| Untracked 
|  64|0x0000000704000000, 0x0000000704000000, 0x0000000704100000|  0%| F|  |TAMS 0x0000000704000000, 0x0000000704000000| Untracked 
|  65|0x0000000704100000, 0x0000000704100000, 0x0000000704200000|  0%| F|  |TAMS 0x0000000704100000, 0x0000000704100000| Untracked 
|  66|0x0000000704200000, 0x0000000704200000, 0x0000000704300000|  0%| F|  |TAMS 0x0000000704200000, 0x0000000704200000| Untracked 
|  67|0x0000000704300000, 0x0000000704300000, 0x0000000704400000|  0%| F|  |TAMS 0x0000000704300000, 0x0000000704300000| Untracked 
|  68|0x0000000704400000, 0x0000000704400000, 0x0000000704500000|  0%| F|  |TAMS 0x0000000704400000, 0x0000000704400000| Untracked 
|  69|0x0000000704500000, 0x0000000704500000, 0x0000000704600000|  0%| F|  |TAMS 0x0000000704500000, 0x0000000704500000| Untracked 
|  70|0x0000000704600000, 0x0000000704600000, 0x0000000704700000|  0%| F|  |TAMS 0x0000000704600000, 0x0000000704600000| Untracked 
|  71|0x0000000704700000, 0x0000000704700000, 0x0000000704800000|  0%| F|  |TAMS 0x0000000704700000, 0x0000000704700000| Untracked 
|  72|0x0000000704800000, 0x0000000704800000, 0x0000000704900000|  0%| F|  |TAMS 0x0000000704800000, 0x0000000704800000| Untracked 
|  73|0x0000000704900000, 0x0000000704900000, 0x0000000704a00000|  0%| F|  |TAMS 0x0000000704900000, 0x0000000704900000| Untracked 
|  74|0x0000000704a00000, 0x0000000704a00000, 0x0000000704b00000|  0%| F|  |TAMS 0x0000000704a00000, 0x0000000704a00000| Untracked 
|  75|0x0000000704b00000, 0x0000000704b00000, 0x0000000704c00000|  0%| F|  |TAMS 0x0000000704b00000, 0x0000000704b00000| Untracked 
|  76|0x0000000704c00000, 0x0000000704c00000, 0x0000000704d00000|  0%| F|  |TAMS 0x0000000704c00000, 0x0000000704c00000| Untracked 
|  77|0x0000000704d00000, 0x0000000704d00000, 0x0000000704e00000|  0%| F|  |TAMS 0x0000000704d00000, 0x0000000704d00000| Untracked 
|  78|0x0000000704e00000, 0x0000000704e00000, 0x0000000704f00000|  0%| F|  |TAMS 0x0000000704e00000, 0x0000000704e00000| Untracked 
|  79|0x0000000704f00000, 0x0000000704f00000, 0x0000000705000000|  0%| F|  |TAMS 0x0000000704f00000, 0x0000000704f00000| Untracked 
|  80|0x0000000705000000, 0x0000000705000000, 0x0000000705100000|  0%| F|  |TAMS 0x0000000705000000, 0x0000000705000000| Untracked 
|  81|0x0000000705100000, 0x0000000705100000, 0x0000000705200000|  0%| F|  |TAMS 0x0000000705100000, 0x0000000705100000| Untracked 
|  82|0x0000000705200000, 0x0000000705200000, 0x0000000705300000|  0%| F|  |TAMS 0x0000000705200000, 0x0000000705200000| Untracked 
|  83|0x0000000705300000, 0x0000000705300000, 0x0000000705400000|  0%| F|  |TAMS 0x0000000705300000, 0x0000000705300000| Untracked 
|  84|0x0000000705400000, 0x0000000705400000, 0x0000000705500000|  0%| F|  |TAMS 0x0000000705400000, 0x0000000705400000| Untracked 
|  85|0x0000000705500000, 0x0000000705500000, 0x0000000705600000|  0%| F|  |TAMS 0x0000000705500000, 0x0000000705500000| Untracked 
|  86|0x0000000705600000, 0x0000000705600000, 0x0000000705700000|  0%| F|  |TAMS 0x0000000705600000, 0x0000000705600000| Untracked 
|  87|0x0000000705700000, 0x0000000705700000, 0x0000000705800000|  0%| F|  |TAMS 0x0000000705700000, 0x0000000705700000| Untracked 
|  88|0x0000000705800000, 0x0000000705800000, 0x0000000705900000|  0%| F|  |TAMS 0x0000000705800000, 0x0000000705800000| Untracked 
|  89|0x0000000705900000, 0x0000000705900000, 0x0000000705a00000|  0%| F|  |TAMS 0x0000000705900000, 0x0000000705900000| Untracked 
|  90|0x0000000705a00000, 0x0000000705a00000, 0x0000000705b00000|  0%| F|  |TAMS 0x0000000705a00000, 0x0000000705a00000| Untracked 
|  91|0x0000000705b00000, 0x0000000705b00000, 0x0000000705c00000|  0%| F|  |TAMS 0x0000000705b00000, 0x0000000705b00000| Untracked 
|  92|0x0000000705c00000, 0x0000000705c00000, 0x0000000705d00000|  0%| F|  |TAMS 0x0000000705c00000, 0x0000000705c00000| Untracked 
|  93|0x0000000705d00000, 0x0000000705d00000, 0x0000000705e00000|  0%| F|  |TAMS 0x0000000705d00000, 0x0000000705d00000| Untracked 
|  94|0x0000000705e00000, 0x0000000705e00000, 0x0000000705f00000|  0%| F|  |TAMS 0x0000000705e00000, 0x0000000705e00000| Untracked 
|  95|0x0000000705f00000, 0x0000000705f00000, 0x0000000706000000|  0%| F|  |TAMS 0x0000000705f00000, 0x0000000705f00000| Untracked 
|  96|0x0000000706000000, 0x0000000706000000, 0x0000000706100000|  0%| F|  |TAMS 0x0000000706000000, 0x0000000706000000| Untracked 
|  97|0x0000000706100000, 0x0000000706100000, 0x0000000706200000|  0%| F|  |TAMS 0x0000000706100000, 0x0000000706100000| Untracked 
|  98|0x0000000706200000, 0x0000000706200000, 0x0000000706300000|  0%| F|  |TAMS 0x0000000706200000, 0x0000000706200000| Untracked 
|  99|0x0000000706300000, 0x0000000706300000, 0x0000000706400000|  0%| F|  |TAMS 0x0000000706300000, 0x0000000706300000| Untracked 
| 100|0x0000000706400000, 0x0000000706400000, 0x0000000706500000|  0%| F|  |TAMS 0x0000000706400000, 0x0000000706400000| Untracked 
| 101|0x0000000706500000, 0x0000000706500000, 0x0000000706600000|  0%| F|  |TAMS 0x0000000706500000, 0x0000000706500000| Untracked 
| 102|0x0000000706600000, 0x0000000706600000, 0x0000000706700000|  0%| F|  |TAMS 0x0000000706600000, 0x0000000706600000| Untracked 
| 103|0x0000000706700000, 0x0000000706700000, 0x0000000706800000|  0%| F|  |TAMS 0x0000000706700000, 0x0000000706700000| Untracked 
| 104|0x0000000706800000, 0x0000000706800000, 0x0000000706900000|  0%| F|  |TAMS 0x0000000706800000, 0x0000000706800000| Untracked 
| 105|0x0000000706900000, 0x0000000706900000, 0x0000000706a00000|  0%| F|  |TAMS 0x0000000706900000, 0x0000000706900000| Untracked 
| 106|0x0000000706a00000, 0x0000000706a00000, 0x0000000706b00000|  0%| F|  |TAMS 0x0000000706a00000, 0x0000000706a00000| Untracked 
| 107|0x0000000706b00000, 0x0000000706b00000, 0x0000000706c00000|  0%| F|  |TAMS 0x0000000706b00000, 0x0000000706b00000| Untracked 
| 108|0x0000000706c00000, 0x0000000706c00000, 0x0000000706d00000|  0%| F|  |TAMS 0x0000000706c00000, 0x0000000706c00000| Untracked 
| 109|0x0000000706d00000, 0x0000000706d00000, 0x0000000706e00000|  0%| F|  |TAMS 0x0000000706d00000, 0x0000000706d00000| Untracked 
| 110|0x0000000706e00000, 0x0000000706e00000, 0x0000000706f00000|  0%| F|  |TAMS 0x0000000706e00000, 0x0000000706e00000| Untracked 
| 111|0x0000000706f00000, 0x0000000706f00000, 0x0000000707000000|  0%| F|  |TAMS 0x0000000706f00000, 0x0000000706f00000| Untracked 
| 112|0x0000000707000000, 0x0000000707000000, 0x0000000707100000|  0%| F|  |TAMS 0x0000000707000000, 0x0000000707000000| Untracked 
| 113|0x0000000707100000, 0x0000000707100000, 0x0000000707200000|  0%| F|  |TAMS 0x0000000707100000, 0x0000000707100000| Untracked 
| 114|0x0000000707200000, 0x0000000707200000, 0x0000000707300000|  0%| F|  |TAMS 0x0000000707200000, 0x0000000707200000| Untracked 
| 115|0x0000000707300000, 0x0000000707300000, 0x0000000707400000|  0%| F|  |TAMS 0x0000000707300000, 0x0000000707300000| Untracked 
| 116|0x0000000707400000, 0x0000000707400000, 0x0000000707500000|  0%| F|  |TAMS 0x0000000707400000, 0x0000000707400000| Untracked 
| 117|0x0000000707500000, 0x0000000707500000, 0x0000000707600000|  0%| F|  |TAMS 0x0000000707500000, 0x0000000707500000| Untracked 
| 118|0x0000000707600000, 0x0000000707600000, 0x0000000707700000|  0%| F|  |TAMS 0x0000000707600000, 0x0000000707600000| Untracked 
| 119|0x0000000707700000, 0x0000000707700000, 0x0000000707800000|  0%| F|  |TAMS 0x0000000707700000, 0x0000000707700000| Untracked 
| 120|0x0000000707800000, 0x0000000707800000, 0x0000000707900000|  0%| F|  |TAMS 0x0000000707800000, 0x0000000707800000| Untracked 
| 121|0x0000000707900000, 0x0000000707900000, 0x0000000707a00000|  0%| F|  |TAMS 0x0000000707900000, 0x0000000707900000| Untracked 
| 122|0x0000000707a00000, 0x0000000707a00000, 0x0000000707b00000|  0%| F|  |TAMS 0x0000000707a00000, 0x0000000707a00000| Untracked 
| 123|0x0000000707b00000, 0x0000000707b00000, 0x0000000707c00000|  0%| F|  |TAMS 0x0000000707b00000, 0x0000000707b00000| Untracked 
| 124|0x0000000707c00000, 0x0000000707c00000, 0x0000000707d00000|  0%| F|  |TAMS 0x0000000707c00000, 0x0000000707c00000| Untracked 
| 125|0x0000000707d00000, 0x0000000707d00000, 0x0000000707e00000|  0%| F|  |TAMS 0x0000000707d00000, 0x0000000707d00000| Untracked 
| 126|0x0000000707e00000, 0x0000000707e00000, 0x0000000707f00000|  0%| F|  |TAMS 0x0000000707e00000, 0x0000000707e00000| Untracked 
| 127|0x0000000707f00000, 0x0000000707f00000, 0x0000000708000000|  0%| F|  |TAMS 0x0000000707f00000, 0x0000000707f00000| Untracked 
| 128|0x0000000708000000, 0x0000000708000000, 0x0000000708100000|  0%| F|  |TAMS 0x0000000708000000, 0x0000000708000000| Untracked 
| 129|0x0000000708100000, 0x0000000708100000, 0x0000000708200000|  0%| F|  |TAMS 0x0000000708100000, 0x0000000708100000| Untracked 
| 130|0x0000000708200000, 0x0000000708200000, 0x0000000708300000|  0%| F|  |TAMS 0x0000000708200000, 0x0000000708200000| Untracked 
| 131|0x0000000708300000, 0x0000000708300000, 0x0000000708400000|  0%| F|  |TAMS 0x0000000708300000, 0x0000000708300000| Untracked 
| 132|0x0000000708400000, 0x0000000708400000, 0x0000000708500000|  0%| F|  |TAMS 0x0000000708400000, 0x0000000708400000| Untracked 
| 133|0x0000000708500000, 0x0000000708500000, 0x0000000708600000|  0%| F|  |TAMS 0x0000000708500000, 0x0000000708500000| Untracked 
| 134|0x0000000708600000, 0x0000000708600000, 0x0000000708700000|  0%| F|  |TAMS 0x0000000708600000, 0x0000000708600000| Untracked 
| 135|0x0000000708700000, 0x0000000708700000, 0x0000000708800000|  0%| F|  |TAMS 0x0000000708700000, 0x0000000708700000| Untracked 
| 136|0x0000000708800000, 0x0000000708800000, 0x0000000708900000|  0%| F|  |TAMS 0x0000000708800000, 0x0000000708800000| Untracked 
| 137|0x0000000708900000, 0x0000000708900000, 0x0000000708a00000|  0%| F|  |TAMS 0x0000000708900000, 0x0000000708900000| Untracked 
| 138|0x0000000708a00000, 0x0000000708a00000, 0x0000000708b00000|  0%| F|  |TAMS 0x0000000708a00000, 0x0000000708a00000| Untracked 
| 139|0x0000000708b00000, 0x0000000708b00000, 0x0000000708c00000|  0%| F|  |TAMS 0x0000000708b00000, 0x0000000708b00000| Untracked 
| 140|0x0000000708c00000, 0x0000000708c00000, 0x0000000708d00000|  0%| F|  |TAMS 0x0000000708c00000, 0x0000000708c00000| Untracked 
| 141|0x0000000708d00000, 0x0000000708d00000, 0x0000000708e00000|  0%| F|  |TAMS 0x0000000708d00000, 0x0000000708d00000| Untracked 
| 142|0x0000000708e00000, 0x0000000708e00000, 0x0000000708f00000|  0%| F|  |TAMS 0x0000000708e00000, 0x0000000708e00000| Untracked 
| 143|0x0000000708f00000, 0x0000000708f00000, 0x0000000709000000|  0%| F|  |TAMS 0x0000000708f00000, 0x0000000708f00000| Untracked 
| 144|0x0000000709000000, 0x0000000709000000, 0x0000000709100000|  0%| F|  |TAMS 0x0000000709000000, 0x0000000709000000| Untracked 
| 145|0x0000000709100000, 0x0000000709100000, 0x0000000709200000|  0%| F|  |TAMS 0x0000000709100000, 0x0000000709100000| Untracked 
| 146|0x0000000709200000, 0x0000000709200000, 0x0000000709300000|  0%| F|  |TAMS 0x0000000709200000, 0x0000000709200000| Untracked 
| 147|0x0000000709300000, 0x0000000709300000, 0x0000000709400000|  0%| F|  |TAMS 0x0000000709300000, 0x0000000709300000| Untracked 
| 148|0x0000000709400000, 0x0000000709400000, 0x0000000709500000|  0%| F|  |TAMS 0x0000000709400000, 0x0000000709400000| Untracked 
| 149|0x0000000709500000, 0x0000000709500000, 0x0000000709600000|  0%| F|  |TAMS 0x0000000709500000, 0x0000000709500000| Untracked 
| 150|0x0000000709600000, 0x0000000709600000, 0x0000000709700000|  0%| F|  |TAMS 0x0000000709600000, 0x0000000709600000| Untracked 
| 151|0x0000000709700000, 0x0000000709700000, 0x0000000709800000|  0%| F|  |TAMS 0x0000000709700000, 0x0000000709700000| Untracked 
| 152|0x0000000709800000, 0x0000000709800000, 0x0000000709900000|  0%| F|  |TAMS 0x0000000709800000, 0x0000000709800000| Untracked 
| 153|0x0000000709900000, 0x0000000709900000, 0x0000000709a00000|  0%| F|  |TAMS 0x0000000709900000, 0x0000000709900000| Untracked 
| 154|0x0000000709a00000, 0x0000000709a00000, 0x0000000709b00000|  0%| F|  |TAMS 0x0000000709a00000, 0x0000000709a00000| Untracked 
| 155|0x0000000709b00000, 0x0000000709b00000, 0x0000000709c00000|  0%| F|  |TAMS 0x0000000709b00000, 0x0000000709b00000| Untracked 
| 156|0x0000000709c00000, 0x0000000709c00000, 0x0000000709d00000|  0%| F|  |TAMS 0x0000000709c00000, 0x0000000709c00000| Untracked 
| 157|0x0000000709d00000, 0x0000000709d00000, 0x0000000709e00000|  0%| F|  |TAMS 0x0000000709d00000, 0x0000000709d00000| Untracked 
| 158|0x0000000709e00000, 0x0000000709e00000, 0x0000000709f00000|  0%| F|  |TAMS 0x0000000709e00000, 0x0000000709e00000| Untracked 
| 159|0x0000000709f00000, 0x0000000709f00000, 0x000000070a000000|  0%| F|  |TAMS 0x0000000709f00000, 0x0000000709f00000| Untracked 
| 160|0x000000070a000000, 0x000000070a000000, 0x000000070a100000|  0%| F|  |TAMS 0x000000070a000000, 0x000000070a000000| Untracked 
| 161|0x000000070a100000, 0x000000070a100000, 0x000000070a200000|  0%| F|  |TAMS 0x000000070a100000, 0x000000070a100000| Untracked 
| 162|0x000000070a200000, 0x000000070a200000, 0x000000070a300000|  0%| F|  |TAMS 0x000000070a200000, 0x000000070a200000| Untracked 
| 163|0x000000070a300000, 0x000000070a300000, 0x000000070a400000|  0%| F|  |TAMS 0x000000070a300000, 0x000000070a300000| Untracked 
| 164|0x000000070a400000, 0x000000070a400000, 0x000000070a500000|  0%| F|  |TAMS 0x000000070a400000, 0x000000070a400000| Untracked 
| 165|0x000000070a500000, 0x000000070a500000, 0x000000070a600000|  0%| F|  |TAMS 0x000000070a500000, 0x000000070a500000| Untracked 
| 166|0x000000070a600000, 0x000000070a600000, 0x000000070a700000|  0%| F|  |TAMS 0x000000070a600000, 0x000000070a600000| Untracked 
| 167|0x000000070a700000, 0x000000070a700000, 0x000000070a800000|  0%| F|  |TAMS 0x000000070a700000, 0x000000070a700000| Untracked 
| 168|0x000000070a800000, 0x000000070a800000, 0x000000070a900000|  0%| F|  |TAMS 0x000000070a800000, 0x000000070a800000| Untracked 
| 169|0x000000070a900000, 0x000000070a900000, 0x000000070aa00000|  0%| F|  |TAMS 0x000000070a900000, 0x000000070a900000| Untracked 
| 170|0x000000070aa00000, 0x000000070aa00000, 0x000000070ab00000|  0%| F|  |TAMS 0x000000070aa00000, 0x000000070aa00000| Untracked 
| 171|0x000000070ab00000, 0x000000070ab00000, 0x000000070ac00000|  0%| F|  |TAMS 0x000000070ab00000, 0x000000070ab00000| Untracked 
| 172|0x000000070ac00000, 0x000000070ac00000, 0x000000070ad00000|  0%| F|  |TAMS 0x000000070ac00000, 0x000000070ac00000| Untracked 
| 173|0x000000070ad00000, 0x000000070ad00000, 0x000000070ae00000|  0%| F|  |TAMS 0x000000070ad00000, 0x000000070ad00000| Untracked 
| 174|0x000000070ae00000, 0x000000070ae00000, 0x000000070af00000|  0%| F|  |TAMS 0x000000070ae00000, 0x000000070ae00000| Untracked 
| 175|0x000000070af00000, 0x000000070af00000, 0x000000070b000000|  0%| F|  |TAMS 0x000000070af00000, 0x000000070af00000| Untracked 
| 176|0x000000070b000000, 0x000000070b000000, 0x000000070b100000|  0%| F|  |TAMS 0x000000070b000000, 0x000000070b000000| Untracked 
| 177|0x000000070b100000, 0x000000070b100000, 0x000000070b200000|  0%| F|  |TAMS 0x000000070b100000, 0x000000070b100000| Untracked 
| 178|0x000000070b200000, 0x000000070b200000, 0x000000070b300000|  0%| F|  |TAMS 0x000000070b200000, 0x000000070b200000| Untracked 
| 179|0x000000070b300000, 0x000000070b300000, 0x000000070b400000|  0%| F|  |TAMS 0x000000070b300000, 0x000000070b300000| Untracked 
| 180|0x000000070b400000, 0x000000070b400000, 0x000000070b500000|  0%| F|  |TAMS 0x000000070b400000, 0x000000070b400000| Untracked 
| 181|0x000000070b500000, 0x000000070b500000, 0x000000070b600000|  0%| F|  |TAMS 0x000000070b500000, 0x000000070b500000| Untracked 
| 182|0x000000070b600000, 0x000000070b600000, 0x000000070b700000|  0%| F|  |TAMS 0x000000070b600000, 0x000000070b600000| Untracked 
| 183|0x000000070b700000, 0x000000070b700000, 0x000000070b800000|  0%| F|  |TAMS 0x000000070b700000, 0x000000070b700000| Untracked 
| 184|0x000000070b800000, 0x000000070b800000, 0x000000070b900000|  0%| F|  |TAMS 0x000000070b800000, 0x000000070b800000| Untracked 
| 185|0x000000070b900000, 0x000000070b900000, 0x000000070ba00000|  0%| F|  |TAMS 0x000000070b900000, 0x000000070b900000| Untracked 
| 186|0x000000070ba00000, 0x000000070ba00000, 0x000000070bb00000|  0%| F|  |TAMS 0x000000070ba00000, 0x000000070ba00000| Untracked 
| 187|0x000000070bb00000, 0x000000070bb00000, 0x000000070bc00000|  0%| F|  |TAMS 0x000000070bb00000, 0x000000070bb00000| Untracked 
| 188|0x000000070bc00000, 0x000000070bc00000, 0x000000070bd00000|  0%| F|  |TAMS 0x000000070bc00000, 0x000000070bc00000| Untracked 
| 189|0x000000070bd00000, 0x000000070bd00000, 0x000000070be00000|  0%| F|  |TAMS 0x000000070bd00000, 0x000000070bd00000| Untracked 
| 190|0x000000070be00000, 0x000000070be00000, 0x000000070bf00000|  0%| F|  |TAMS 0x000000070be00000, 0x000000070be00000| Untracked 
| 191|0x000000070bf00000, 0x000000070bf00000, 0x000000070c000000|  0%| F|  |TAMS 0x000000070bf00000, 0x000000070bf00000| Untracked 
| 192|0x000000070c000000, 0x000000070c000000, 0x000000070c100000|  0%| F|  |TAMS 0x000000070c000000, 0x000000070c000000| Untracked 
| 193|0x000000070c100000, 0x000000070c100000, 0x000000070c200000|  0%| F|  |TAMS 0x000000070c100000, 0x000000070c100000| Untracked 
| 194|0x000000070c200000, 0x000000070c200000, 0x000000070c300000|  0%| F|  |TAMS 0x000000070c200000, 0x000000070c200000| Untracked 
| 195|0x000000070c300000, 0x000000070c300000, 0x000000070c400000|  0%| F|  |TAMS 0x000000070c300000, 0x000000070c300000| Untracked 
| 196|0x000000070c400000, 0x000000070c400000, 0x000000070c500000|  0%| F|  |TAMS 0x000000070c400000, 0x000000070c400000| Untracked 
| 197|0x000000070c500000, 0x000000070c500000, 0x000000070c600000|  0%| F|  |TAMS 0x000000070c500000, 0x000000070c500000| Untracked 
| 198|0x000000070c600000, 0x000000070c600000, 0x000000070c700000|  0%| F|  |TAMS 0x000000070c600000, 0x000000070c600000| Untracked 
| 199|0x000000070c700000, 0x000000070c700000, 0x000000070c800000|  0%| F|  |TAMS 0x000000070c700000, 0x000000070c700000| Untracked 
| 200|0x000000070c800000, 0x000000070c800000, 0x000000070c900000|  0%| F|  |TAMS 0x000000070c800000, 0x000000070c800000| Untracked 
| 201|0x000000070c900000, 0x000000070c900000, 0x000000070ca00000|  0%| F|  |TAMS 0x000000070c900000, 0x000000070c900000| Untracked 
| 202|0x000000070ca00000, 0x000000070ca00000, 0x000000070cb00000|  0%| F|  |TAMS 0x000000070ca00000, 0x000000070ca00000| Untracked 
| 203|0x000000070cb00000, 0x000000070cb00000, 0x000000070cc00000|  0%| F|  |TAMS 0x000000070cb00000, 0x000000070cb00000| Untracked 
| 204|0x000000070cc00000, 0x000000070cc00000, 0x000000070cd00000|  0%| F|  |TAMS 0x000000070cc00000, 0x000000070cc00000| Untracked 
| 205|0x000000070cd00000, 0x000000070cd00000, 0x000000070ce00000|  0%| F|  |TAMS 0x000000070cd00000, 0x000000070cd00000| Untracked 
| 206|0x000000070ce00000, 0x000000070ce00000, 0x000000070cf00000|  0%| F|  |TAMS 0x000000070ce00000, 0x000000070ce00000| Untracked 
| 207|0x000000070cf00000, 0x000000070cf00000, 0x000000070d000000|  0%| F|  |TAMS 0x000000070cf00000, 0x000000070cf00000| Untracked 
| 208|0x000000070d000000, 0x000000070d000000, 0x000000070d100000|  0%| F|  |TAMS 0x000000070d000000, 0x000000070d000000| Untracked 
| 209|0x000000070d100000, 0x000000070d100000, 0x000000070d200000|  0%| F|  |TAMS 0x000000070d100000, 0x000000070d100000| Untracked 
| 210|0x000000070d200000, 0x000000070d200000, 0x000000070d300000|  0%| F|  |TAMS 0x000000070d200000, 0x000000070d200000| Untracked 
| 211|0x000000070d300000, 0x000000070d300000, 0x000000070d400000|  0%| F|  |TAMS 0x000000070d300000, 0x000000070d300000| Untracked 
| 212|0x000000070d400000, 0x000000070d400000, 0x000000070d500000|  0%| F|  |TAMS 0x000000070d400000, 0x000000070d400000| Untracked 
| 213|0x000000070d500000, 0x000000070d500000, 0x000000070d600000|  0%| F|  |TAMS 0x000000070d500000, 0x000000070d500000| Untracked 
| 214|0x000000070d600000, 0x000000070d600000, 0x000000070d700000|  0%| F|  |TAMS 0x000000070d600000, 0x000000070d600000| Untracked 
| 215|0x000000070d700000, 0x000000070d700000, 0x000000070d800000|  0%| F|  |TAMS 0x000000070d700000, 0x000000070d700000| Untracked 
| 216|0x000000070d800000, 0x000000070d800000, 0x000000070d900000|  0%| F|  |TAMS 0x000000070d800000, 0x000000070d800000| Untracked 
| 217|0x000000070d900000, 0x000000070d900000, 0x000000070da00000|  0%| F|  |TAMS 0x000000070d900000, 0x000000070d900000| Untracked 
| 218|0x000000070da00000, 0x000000070da00000, 0x000000070db00000|  0%| F|  |TAMS 0x000000070da00000, 0x000000070da00000| Untracked 
| 219|0x000000070db00000, 0x000000070db00000, 0x000000070dc00000|  0%| F|  |TAMS 0x000000070db00000, 0x000000070db00000| Untracked 
| 220|0x000000070dc00000, 0x000000070dc00000, 0x000000070dd00000|  0%| F|  |TAMS 0x000000070dc00000, 0x000000070dc00000| Untracked 
| 221|0x000000070dd00000, 0x000000070dd00000, 0x000000070de00000|  0%| F|  |TAMS 0x000000070dd00000, 0x000000070dd00000| Untracked 
| 222|0x000000070de00000, 0x000000070de00000, 0x000000070df00000|  0%| F|  |TAMS 0x000000070de00000, 0x000000070de00000| Untracked 
| 223|0x000000070df00000, 0x000000070df00000, 0x000000070e000000|  0%| F|  |TAMS 0x000000070df00000, 0x000000070df00000| Untracked 
| 224|0x000000070e000000, 0x000000070e000000, 0x000000070e100000|  0%| F|  |TAMS 0x000000070e000000, 0x000000070e000000| Untracked 
| 225|0x000000070e100000, 0x000000070e100000, 0x000000070e200000|  0%| F|  |TAMS 0x000000070e100000, 0x000000070e100000| Untracked 
| 226|0x000000070e200000, 0x000000070e200000, 0x000000070e300000|  0%| F|  |TAMS 0x000000070e200000, 0x000000070e200000| Untracked 
| 227|0x000000070e300000, 0x000000070e300000, 0x000000070e400000|  0%| F|  |TAMS 0x000000070e300000, 0x000000070e300000| Untracked 
| 228|0x000000070e400000, 0x000000070e400000, 0x000000070e500000|  0%| F|  |TAMS 0x000000070e400000, 0x000000070e400000| Untracked 
| 229|0x000000070e500000, 0x000000070e500000, 0x000000070e600000|  0%| F|  |TAMS 0x000000070e500000, 0x000000070e500000| Untracked 
| 230|0x000000070e600000, 0x000000070e600000, 0x000000070e700000|  0%| F|  |TAMS 0x000000070e600000, 0x000000070e600000| Untracked 
| 231|0x000000070e700000, 0x000000070e700000, 0x000000070e800000|  0%| F|  |TAMS 0x000000070e700000, 0x000000070e700000| Untracked 
| 232|0x000000070e800000, 0x000000070e800000, 0x000000070e900000|  0%| F|  |TAMS 0x000000070e800000, 0x000000070e800000| Untracked 
| 233|0x000000070e900000, 0x000000070e900000, 0x000000070ea00000|  0%| F|  |TAMS 0x000000070e900000, 0x000000070e900000| Untracked 
| 234|0x000000070ea00000, 0x000000070ea00000, 0x000000070eb00000|  0%| F|  |TAMS 0x000000070ea00000, 0x000000070ea00000| Untracked 
| 235|0x000000070eb00000, 0x000000070eb00000, 0x000000070ec00000|  0%| F|  |TAMS 0x000000070eb00000, 0x000000070eb00000| Untracked 
| 236|0x000000070ec00000, 0x000000070ec00000, 0x000000070ed00000|  0%| F|  |TAMS 0x000000070ec00000, 0x000000070ec00000| Untracked 
| 237|0x000000070ed00000, 0x000000070ed00000, 0x000000070ee00000|  0%| F|  |TAMS 0x000000070ed00000, 0x000000070ed00000| Untracked 
| 238|0x000000070ee00000, 0x000000070ee00000, 0x000000070ef00000|  0%| F|  |TAMS 0x000000070ee00000, 0x000000070ee00000| Untracked 
| 239|0x000000070ef00000, 0x000000070ef00000, 0x000000070f000000|  0%| F|  |TAMS 0x000000070ef00000, 0x000000070ef00000| Untracked 
| 240|0x000000070f000000, 0x000000070f07d070, 0x000000070f100000| 48%| S|CS|TAMS 0x000000070f000000, 0x000000070f000000| Complete 
| 241|0x000000070f100000, 0x000000070f200000, 0x000000070f200000|100%| S|CS|TAMS 0x000000070f100000, 0x000000070f100000| Complete 
| 242|0x000000070f200000, 0x000000070f200000, 0x000000070f300000|  0%| F|  |TAMS 0x000000070f200000, 0x000000070f200000| Untracked 
| 243|0x000000070f300000, 0x000000070f300000, 0x000000070f400000|  0%| F|  |TAMS 0x000000070f300000, 0x000000070f300000| Untracked 
| 244|0x000000070f400000, 0x000000070f400000, 0x000000070f500000|  0%| F|  |TAMS 0x000000070f400000, 0x000000070f400000| Untracked 
| 245|0x000000070f500000, 0x000000070f500000, 0x000000070f600000|  0%| F|  |TAMS 0x000000070f500000, 0x000000070f500000| Untracked 
| 246|0x000000070f600000, 0x000000070f600000, 0x000000070f700000|  0%| F|  |TAMS 0x000000070f600000, 0x000000070f600000| Untracked 
| 247|0x000000070f700000, 0x000000070f700000, 0x000000070f800000|  0%| F|  |TAMS 0x000000070f700000, 0x000000070f700000| Untracked 
| 248|0x000000070f800000, 0x000000070f800000, 0x000000070f900000|  0%| F|  |TAMS 0x000000070f800000, 0x000000070f800000| Untracked 
| 249|0x000000070f900000, 0x000000070f900000, 0x000000070fa00000|  0%| F|  |TAMS 0x000000070f900000, 0x000000070f900000| Untracked 
| 250|0x000000070fa00000, 0x000000070fa00000, 0x000000070fb00000|  0%| F|  |TAMS 0x000000070fa00000, 0x000000070fa00000| Untracked 
| 251|0x000000070fb00000, 0x000000070fb00000, 0x000000070fc00000|  0%| F|  |TAMS 0x000000070fb00000, 0x000000070fb00000| Untracked 
| 252|0x000000070fc00000, 0x000000070fc00000, 0x000000070fd00000|  0%| F|  |TAMS 0x000000070fc00000, 0x000000070fc00000| Untracked 
| 253|0x000000070fd00000, 0x000000070fd80800, 0x000000070fe00000| 50%| E|  |TAMS 0x000000070fd00000, 0x000000070fd00000| Complete 
| 254|0x000000070fe00000, 0x000000070ff00000, 0x000000070ff00000|100%| E|CS|TAMS 0x000000070fe00000, 0x000000070fe00000| Complete 
| 255|0x000000070ff00000, 0x0000000710000000, 0x0000000710000000|100%| E|CS|TAMS 0x000000070ff00000, 0x000000070ff00000| Complete 

Card table byte_map: [0x0000000113552000,0x0000000113d52000] _byte_map_base: 0x000000010fd52000

Marking Bits (Prev, Next): (CMBitMap*) 0x00007f8be0035e18, (CMBitMap*) 0x00007f8be0035e50
 Prev Bits: [0x0000000114552000, 0x0000000118552000)
 Next Bits: [0x0000000131d20000, 0x0000000135d20000)

Polling page: 0x000000010fb31000

Metaspace:

Usage:
  Non-class:      7.29 MB capacity,     7.19 MB ( 99%) used,    79.18 KB (  1%) free+waste,    23.38 KB ( <1%) overhead. 
      Class:    888.00 KB capacity,   779.09 KB ( 88%) used,    97.23 KB ( 11%) free+waste,    11.69 KB (  1%) overhead. 
       Both:      8.15 MB capacity,     7.95 MB ( 97%) used,   176.41 KB (  2%) free+waste,    35.06 KB ( <1%) overhead. 

Virtual space:
  Non-class space:        8.00 MB reserved,       7.50 MB ( 94%) committed 
      Class space:        1.00 GB reserved,     896.00 KB ( <1%) committed 
             Both:        1.01 GB reserved,       8.38 MB ( <1%) committed 

Chunk freelists:
   Non-Class:  28.00 KB
       Class:  8.00 KB
        Both:  36.00 KB

MaxMetaspaceSize: unlimited
CompressedClassSpaceSize: 1.00 GB

CodeHeap 'non-profiled nmethods': size=120032Kb used=536Kb max_used=536Kb free=119495Kb
 bounds [0x000000012a7e8000, 0x000000012aa58000, 0x0000000131d20000]
CodeHeap 'profiled nmethods': size=120032Kb used=1757Kb max_used=1757Kb free=118274Kb
 bounds [0x00000001232b0000, 0x0000000123520000, 0x000000012a7e8000]
CodeHeap 'non-nmethods': size=5696Kb used=1149Kb max_used=1202Kb free=4546Kb
 bounds [0x0000000122d20000, 0x0000000122f90000, 0x00000001232b0000]
 total_blobs=1430 nmethods=1024 adapters=327
 compilation: enabled
              stopped_count=0, restarted_count=0
 full_count=0

Compilation events (20 events):
Event: 40.883 Thread 0x00007f8be005b800 nmethod 1015 0x0000000123467410 code [0x00000001234675c0, 0x00000001234676f0]
Event: 41.117 Thread 0x00007f8be0057800 nmethod 1011 0x000000012a854410 code [0x000000012a855420, 0x000000012a8615e8]
Event: 41.118 Thread 0x00007f8be0057800 1016       4       edu.wpi.first.wpilibj2.command.SubsystemBase$$Lambda$41/0x00000008000ce440::get (8 bytes)
Event: 41.141 Thread 0x00007f8be0057800 nmethod 1016 0x000000012a867c90 code [0x000000012a867f40, 0x000000012a869a50]
Event: 42.719 Thread 0x00007f8be0057800 1017       4       java.util.ArrayList::add (25 bytes)
Event: 42.728 Thread 0x00007f8be0057800 nmethod 1017 0x000000012a86a590 code [0x000000012a86a740, 0x000000012a86ade8]
Event: 43.023 Thread 0x00007f8be0057800 1018       4       java.util.concurrent.locks.ReentrantLock::unlock (10 bytes)
Event: 43.024 Thread 0x00007f8be0057800 nmethod 1018 0x000000012a86b090 code [0x000000012a86b240, 0x000000012a86b418]
Event: 45.466 Thread 0x00007f8be0057800 1019       4       edu.wpi.first.wpilibj.DriverStation::isDisabled (13 bytes)
Event: 45.470 Thread 0x00007f8be0057800 nmethod 1019 0x000000012a86b590 code [0x000000012a86b740, 0x000000012a86bcf8]
Event: 46.100 Thread 0x00007f8be0057800 1020       4       edu.wpi.first.hal.MatchInfoData::setData (28 bytes)
Event: 46.104 Thread 0x00007f8be0057800 nmethod 1020 0x000000012a86bf10 code [0x000000012a86c0a0, 0x000000012a86c2b8]
Event: 46.999 Thread 0x00007f8be0057800 1021       4       edu.wpi.first.wpilibj2.command.SubsystemBase$$Lambda$40/0x00000008000ce040::getAsBoolean (8 bytes)
Event: 47.000 Thread 0x00007f8be0057800 nmethod 1021 0x000000012a86c310 code [0x000000012a86c4a0, 0x000000012a86c558]
Event: 48.659 Thread 0x00007f8be0057800 1022       4       java.util.PriorityQueue::add (6 bytes)
Event: 48.665 Thread 0x00007f8be0057800 nmethod 1022 0x000000012a86c690 code [0x000000012a86c840, 0x000000012a86cd98]
Event: 51.339 Thread 0x00007f8be0057800 1023  s    4       edu.wpi.first.wpilibj.smartdashboard.SendableRegistry::getName (25 bytes)
Event: 51.344 Thread 0x00007f8be0057800 nmethod 1023 0x000000012a86d190 code [0x000000012a86d360, 0x000000012a86d998]
Event: 53.660 Thread 0x00007f8be0057800 1024       4       java.util.concurrent.locks.ReentrantLock::lock (9 bytes)
Event: 53.664 Thread 0x00007f8be0057800 nmethod 1024 0x000000012a86dd90 code [0x000000012a86df40, 0x000000012a86e158]

GC Heap History (2 events):
Event: 40.879 GC heap before
{Heap before GC invocations=0 (full 0):
 garbage-first heap   total 262144K, used 14336K [0x0000000700000000, 0x0000000800000000)
  region size 1024K, 14 young (14336K), 0 survivors (0K)
 Metaspace       used 8125K, capacity 8348K, committed 8576K, reserved 1056768K
  class space    used 777K, capacity 888K, committed 896K, reserved 1048576K
}
Event: 40.881 GC heap after
{Heap after GC invocations=1 (full 0):
 garbage-first heap   total 262144K, used 1524K [0x0000000700000000, 0x0000000800000000)
  region size 1024K, 2 young (2048K), 2 survivors (2048K)
 Metaspace       used 8125K, capacity 8348K, committed 8576K, reserved 1056768K
  class space    used 777K, capacity 888K, committed 896K, reserved 1048576K
}

Deoptimization events (20 events):
Event: 24.799 Thread 0x00007f8bdf12e800 Uncommon trap: trap_request=0xffffffde fr.pc=0x000000012a846fc0 relative=0x0000000000000120
Event: 24.799 Thread 0x00007f8bdf12e800 Uncommon trap: reason=class_check action=maybe_recompile pc=0x000000012a846fc0 method=jdk.internal.misc.Unsafe.allocateUninitializedArray(Ljava/lang/Class;I)Ljava/lang/Object; @ 48 c2
Event: 24.799 Thread 0x00007f8bdf12e800 DEOPT PACKING pc=0x000000012a846fc0 sp=0x0000700004d22140
Event: 24.799 Thread 0x00007f8bdf12e800 DEOPT UNPACKING pc=0x0000000122d56f25 sp=0x0000700004d220e8 mode 2
Event: 24.799 Thread 0x00007f8bdf12e800 Uncommon trap: trap_request=0xffffffde fr.pc=0x000000012a846fc0 relative=0x0000000000000120
Event: 24.799 Thread 0x00007f8bdf12e800 Uncommon trap: reason=class_check action=maybe_recompile pc=0x000000012a846fc0 method=jdk.internal.misc.Unsafe.allocateUninitializedArray(Ljava/lang/Class;I)Ljava/lang/Object; @ 48 c2
Event: 24.799 Thread 0x00007f8bdf12e800 DEOPT PACKING pc=0x000000012a846fc0 sp=0x0000700004d22140
Event: 24.799 Thread 0x00007f8bdf12e800 DEOPT UNPACKING pc=0x0000000122d56f25 sp=0x0000700004d220e8 mode 2
Event: 24.799 Thread 0x00007f8bdf12e800 Uncommon trap: trap_request=0xffffffde fr.pc=0x000000012a846fc0 relative=0x0000000000000120
Event: 24.799 Thread 0x00007f8bdf12e800 Uncommon trap: reason=class_check action=maybe_recompile pc=0x000000012a846fc0 method=jdk.internal.misc.Unsafe.allocateUninitializedArray(Ljava/lang/Class;I)Ljava/lang/Object; @ 48 c2
Event: 24.799 Thread 0x00007f8bdf12e800 DEOPT PACKING pc=0x000000012a846fc0 sp=0x0000700004d22140
Event: 24.799 Thread 0x00007f8bdf12e800 DEOPT UNPACKING pc=0x0000000122d56f25 sp=0x0000700004d220e8 mode 2
Event: 40.898 Thread 0x00007f8bdf12e800 Uncommon trap: trap_request=0xffffff4d fr.pc=0x000000012a84dd00 relative=0x0000000000000140
Event: 40.898 Thread 0x00007f8bdf12e800 Uncommon trap: reason=unstable_if action=reinterpret pc=0x000000012a84dd00 method=java.lang.ref.SoftReference.get()Ljava/lang/Object; @ 17 c2
Event: 40.898 Thread 0x00007f8bdf12e800 DEOPT PACKING pc=0x000000012a84dd00 sp=0x0000700004d22140
Event: 40.898 Thread 0x00007f8bdf12e800 DEOPT UNPACKING pc=0x0000000122d56f25 sp=0x0000700004d22088 mode 2
Event: 40.898 Thread 0x00007f8bdf12e800 Uncommon trap: trap_request=0xffffff4d fr.pc=0x000000012a84c580 relative=0x00000000000000e0
Event: 40.898 Thread 0x00007f8bdf12e800 Uncommon trap: reason=unstable_if action=reinterpret pc=0x000000012a84c580 method=java.lang.ref.SoftReference.get()Ljava/lang/Object; @ 17 c2
Event: 40.898 Thread 0x00007f8bdf12e800 DEOPT PACKING pc=0x000000012a84c580 sp=0x0000700004d220c0
Event: 40.899 Thread 0x00007f8bdf12e800 DEOPT UNPACKING pc=0x0000000122d56f25 sp=0x0000700004d22078 mode 2

Classes redefined (0 events):
No events

Internal exceptions (19 events):
Event: 3.416 Thread 0x00007f8bdf12e800 Exception <a 'java/lang/NoSuchMethodError'{0x000000070fc7c468}: 'java.lang.Object java.lang.invoke.DirectMethodHandle$Holder.invokeStatic(java.lang.Object, java.lang.Object, java.lang.Object, java.lang.Object, java.lang.Object, java.lang.Object, java.lang.Object, java.lang.Object, java.lang.Object, java.lang.Object, java.lang.Object, int)'> (0x000000070fc7c468) thrown at [./src/hotspot/share/interpreter/linkResolver.cpp, line 773]
Event: 3.421 Thread 0x00007f8bdf12e800 Exception <a 'java/lang/NoSuchMethodError'{0x000000070fc9aec0}: 'java.lang.Object java.lang.invoke.DirectMethodHandle$Holder.invokeStatic(java.lang.Object, java.lang.Object, java.lang.Object, java.lang.Object, java.lang.Object, java.lang.Object, java.lang.Object, java.lang.Object, java.lang.Object, java.lang.Object, java.lang.Object, int, int)'> (0x000000070fc9aec0) thrown at [./src/hotspot/share/interpreter/linkResolver.cpp, line 773]
Event: 3.426 Thread 0x00007f8bdf12e800 Exception <a 'java/lang/NoSuchMethodError'{0x000000070fcba198}: 'java.lang.Object java.lang.invoke.DirectMethodHandle$Holder.invokeStatic(java.lang.Object, java.lang.Object, java.lang.Object, java.lang.Object, java.lang.Object, java.lang.Object, java.lang.Object, java.lang.Object, java.lang.Object, java.lang.Object, java.lang.Object, int, int, java.lang.Object)'> (0x000000070fcba198) thrown at [./src/hotspot/share/interpreter/linkResolver.cpp, line 773]
Event: 3.430 Thread 0x00007f8bdf12e800 Exception <a 'java/lang/NoSuchMethodError'{0x000000070fcdabe8}: 'java.lang.Object java.lang.invoke.DirectMethodHandle$Holder.invokeStatic(java.lang.Object, java.lang.Object, java.lang.Object, java.lang.Object, java.lang.Object, java.lang.Object, java.lang.Object, java.lang.Object, java.lang.Object, java.lang.Object, java.lang.Object, int, int, java.lang.Object, java.lang.Object)'> (0x000000070fcdabe8) thrown at [./src/hotspot/share/interpreter/linkResolver.cpp, line 773]
Event: 3.468 Thread 0x00007f8bdf12e800 Exception <a 'java/lang/NoSuchMethodError'{0x000000070fa06bd8}: 'void java.lang.invoke.DirectMethodHandle$Holder.invokeSpecial(java.lang.Object, java.lang.Object)'> (0x000000070fa06bd8) thrown at [./src/hotspot/share/interpreter/linkResolver.cpp, line 773]
Event: 3.474 Thread 0x00007f8bdf12e800 Exception <a 'java/lang/NoSuchMethodError'{0x000000070fa17508}: 'void java.lang.invoke.DirectMethodHandle$Holder.invokeStaticInit(java.lang.Object)'> (0x000000070fa17508) thrown at [./src/hotspot/share/interpreter/linkResolver.cpp, line 773]
Event: 3.478 Thread 0x00007f8bdf12e800 Exception <a 'java/lang/NoSuchMethodError'{0x000000070fa29b88}: 'void java.lang.invoke.DirectMethodHandle$Holder.invokeVirtual(java.lang.Object, java.lang.Object)'> (0x000000070fa29b88) thrown at [./src/hotspot/share/interpreter/linkResolver.cpp, line 773]
Event: 3.517 Thread 0x00007f8bdf12e800 Exception <a 'java/lang/NoSuchMethodError'{0x000000070f9588f0}: 'java.lang.Object java.lang.invoke.DirectMethodHandle$Holder.invokeStatic(java.lang.Object, java.lang.Object, java.lang.Object, java.lang.Object, java.lang.Object, java.lang.Object, java.lang.Object, java.lang.Object, java.lang.Object, java.lang.Object, java.lang.Object, java.lang.Object, java.lang.Object, int)'> (0x000000070f9588f0) thrown at [./src/hotspot/share/interpreter/linkResolver.cpp, line 773]
Event: 3.519 Thread 0x00007f8bdf12e800 Exception <a 'java/lang/NoSuchMethodError'{0x000000070f965138}: 'java.lang.Object java.lang.invoke.DirectMethodHandle$Holder.invokeStatic(java.lang.Object, java.lang.Object, java.lang.Object, java.lang.Object, java.lang.Object, java.lang.Object, java.lang.Object, java.lang.Object, java.lang.Object, java.lang.Object, java.lang.Object, java.lang.Object, java.lang.Object, int, int)'> (0x000000070f965138) thrown at [./src/hotspot/share/interpreter/linkResolver.cpp, line 773]
Event: 3.522 Thread 0x00007f8bdf12e800 Exception <a 'java/lang/NoSuchMethodError'{0x000000070f971ce0}: 'java.lang.Object java.lang.invoke.DirectMethodHandle$Holder.invokeStatic(java.lang.Object, java.lang.Object, java.lang.Object, java.lang.Object, java.lang.Object, java.lang.Object, java.lang.Object, java.lang.Object, java.lang.Object, java.lang.Object, java.lang.Object, java.lang.Object, java.lang.Object, int, int, java.lang.Object)'> (0x000000070f971ce0) thrown at [./src/hotspot/share/interpreter/linkResolver.cpp, line 773]
Event: 3.524 Thread 0x00007f8bdf12e800 Exception <a 'java/lang/NoSuchMethodError'{0x000000070f97f320}: 'java.lang.Object java.lang.invoke.Invokers$Holder.linkToTargetMethod(java.lang.Object, int, java.lang.Object)'> (0x000000070f97f320) thrown at [./src/hotspot/share/interpreter/linkResolver.cpp, line 773]
Event: 3.564 Thread 0x00007f8bdf12e800 Exception <a 'java/lang/NoSuchMethodError'{0x000000070f816770}: 'int java.lang.invoke.DirectMethodHandle$Holder.invokeVirtual(java.lang.Object, java.lang.Object)'> (0x000000070f816770) thrown at [./src/hotspot/share/interpreter/linkResolver.cpp, line 773]
Event: 3.593 Thread 0x00007f8bdf12e800 Exception <a 'java/lang/NoSuchMethodError'{0x000000070f8d8478}: 'double java.lang.invoke.DirectMethodHandle$Holder.invokeInterface(java.lang.Object, java.lang.Object)'> (0x000000070f8d8478) thrown at [./src/hotspot/share/interpreter/linkResolver.cpp, line 773]
Event: 3.593 Thread 0x00007f8bdf12e800 Exception <a 'java/lang/NoSuchMethodError'{0x000000070f8de7e8}: 'void java.lang.invoke.DirectMethodHandle$Holder.invokeInterface(java.lang.Object, java.lang.Object, double)'> (0x000000070f8de7e8) thrown at [./src/hotspot/share/interpreter/linkResolver.cpp, line 773]
Event: 3.594 Thread 0x00007f8bdf12e800 Exception <a 'java/lang/NoSuchMethodError'{0x000000070f8eae00}: 'double java.lang.invoke.DirectMethodHandle$Holder.invokeSpecial(java.lang.Object, java.lang.Object)'> (0x000000070f8eae00) thrown at [./src/hotspot/share/interpreter/linkResolver.cpp, line 773]
Event: 3.595 Thread 0x00007f8bdf12e800 Exception <a 'java/lang/NoSuchMethodError'{0x000000070f8f0438}: 'void java.lang.invoke.DirectMethodHandle$Holder.invokeSpecial(java.lang.Object, java.lang.Object, double)'> (0x000000070f8f0438) thrown at [./src/hotspot/share/interpreter/linkResolver.cpp, line 773]
Event: 3.596 Thread 0x00007f8bdf12e800 Exception <a 'java/lang/NoSuchMethodError'{0x000000070f8f6368}: 'double java.lang.invoke.DirectMethodHandle$Holder.invokeVirtual(java.lang.Object, java.lang.Object)'> (0x000000070f8f6368) thrown at [./src/hotspot/share/interpreter/linkResolver.cpp, line 773]
Event: 3.597 Thread 0x00007f8bdf12e800 Exception <a 'java/lang/NoSuchMethodError'{0x000000070f8fb638}: 'void java.lang.invoke.DirectMethodHandle$Holder.invokeVirtual(java.lang.Object, java.lang.Object, double)'> (0x000000070f8fb638) thrown at [./src/hotspot/share/interpreter/linkResolver.cpp, line 773]
Event: 3.629 Thread 0x00007f8bdf12e800 Exception <a 'java/lang/NoSuchMethodError'{0x000000070f726b98}: 'void java.lang.invoke.DirectMethodHandle$Holder.invokeVirtual(java.lang.Object, java.lang.Object, int)'> (0x000000070f726b98) thrown at [./src/hotspot/share/interpreter/linkResolver.cpp, line 773]

Events (20 events):
