#
# A fatal error has been detected by the Java Runtime Environment:
#
#  SIGSEGV (0xb) at pc=0x00000001125d8018, pid=36049, tid=51971
#
# JRE version: OpenJDK Runtime Environment AdoptOpenJDK (11.0.8+10) (build 11.0.8+10)
# Java VM: OpenJDK 64-Bit Server VM AdoptOpenJDK (11.0.8+10, mixed mode, tiered, compressed oops, g1 gc, bsd-amd64)
# Problematic frame:
# C  [libwpiutil.dylib+0x86018]  uv_timer_start(uv_timer_s*, void (*)(uv_timer_s*), unsigned long long, unsigned long long)+0x38
#
# No core dump will be written. Core dumps have been disabled. To enable core dumping, try "ulimit -c unlimited" before starting Java again
#
# If you would like to submit a bug report, please visit:
#   https://github.com/AdoptOpenJDK/openjdk-support/issues
#

---------------  S U M M A R Y ------------

Command Line: -agentlib:jdwp=transport=dt_socket,server=n,suspend=y,address=localhost:62954 -Djava.library.path=/Users/cadennewton/Documents/romi-examples-main 2/RomiExample/build/tmp/jniExtractDir -Dfile.encoding=UTF-8 frc.robot.Main

Host: MacBookPro14,2 x86_64 3300 MHz, 4 cores, 16G, Darwin 20.3.0
Time: Sat Jun 19 14:08:07 2021 PDT elapsed time: 63 seconds (0d 0h 1m 3s)

---------------  T H R E A D  ---------------

Current thread is native thread

Stack: [0x0000700010a9c000,0x0000700010b1c000],  sp=0x0000700010b1be30,  free space=511k
Native frames: (J=compiled Java code, A=aot compiled Java code, j=interpreted, Vv=VM code, C=native code)
C  [libwpiutil.dylib+0x86018]  uv_timer_start(uv_timer_s*, void (*)(uv_timer_s*), unsigned long long, unsigned long long)+0x38
C  [libwpiutil.dylib+0x5c512]  wpi::uv::Timer::Start(std::__1::chrono::duration<unsigned long long, std::__1::ratio<1l, 1000l> >, std::__1::chrono::duration<unsigned long long, std::__1::ratio<1l, 1000l> >)+0x22
C  [libwpiutil.dylib+0x50826]  std::__1::__function::__func<wpi::uv::ConnectReq::ConnectReq()::$_0, std::__1::allocator<wpi::uv::ConnectReq::ConnectReq()::$_0>, void (wpi::uv::Error)>::operator()(wpi::uv::Error&&)+0x36
C  [libwpiutil.dylib+0x48061]  wpi::uv::Tcp::Connect(sockaddr const&, std::__1::shared_ptr<wpi::uv::TcpConnectReq> const&)::$_1::__invoke(uv_connect_s*, int)+0x41
C  [libwpiutil.dylib+0x8edb3]  uv__stream_destroy(uv_stream_s*)+0x53
C  [libwpiutil.dylib+0x95ca9]  uv_run(uv_loop_s*, uv_run_mode)+0x259
C  [libwpiutil.dylib+0x51edd]  wpi::EventLoopRunner::Thread::Main()+0x2d
C  [libwpiutil.dylib+0x6ec4e]  void* std::__1::__thread_proxy<std::__1::tuple<std::__1::unique_ptr<std::__1::__thread_struct, std::__1::default_delete<std::__1::__thread_struct> >, wpi::detail::SafeThreadOwnerBase::Start(std::__1::shared_ptr<wpi::SafeThread>)::$_0> >(void*)+0x2e
C  [libsystem_pthread.dylib+0x6950]  _pthread_start+0xe0
C  [libsystem_pthread.dylib+0x247b]  thread_start+0xf


siginfo: si_signo: 11 (SIGSEGV), si_code: 0 (unknown), si_addr: 0x0000000000000000

Register to memory mapping:

RAX=
[error occurred during error reporting (printing register info), id 0xb, SIGSEGV (0xb) at pc=0x000000010fef575c]

Registers:
RAX=0x00007fc82ee8ce38, RBX=0x00007fc82ee8d5e0, RCX=0x0000000000000000, RDX=0x00000000000003e8
RSP=0x0000700010b1be30, RBP=0x0000700010b1be70, RSI=0x00000001125aed40, RDI=0x00007fc82ee8d2a0
R8 =0x0000000000008935, R9 =0x0000000000000038, R10=0xb000000000000000, R11=0x0000000000000000
R12=0x00000000000003e8, R13=0x00007fc82ee8d2a0, R14=0x0000000000000000, R15=0x00000001125aed40
RIP=0x00000001125d8018, EFLAGS=0x0000000000010246, ERR=0x0000000000000000
  TRAPNO=0x000000000000000d

Top of Stack: (sp=0x0000700010b1be30)
0x0000700010b1be30:   0000000000000020 00007fc82ee8d3c0
0x0000700010b1be40:   00007fc82ee00000 00007fc82ee8d5e0
0x0000700010b1be50:   000000000001275e 00007fc82ed9c730
0x0000700010b1be60:   00007fc82f8c58d0 00007fc82f8c5888
0x0000700010b1be70:   0000700010b1be90 00000001125ae512
0x0000700010b1be80:   00007fc82ee8ce38 00007fc82eeac6b0
0x0000700010b1be90:   0000700010b1beb0 00000001125a2826
0x0000700010b1bea0:   000000010d1b6000 00000000ffffffa7
0x0000700010b1beb0:   0000700010b1bed0 000000011259a061
0x0000700010b1bec0:   00007fc8ffffffa7 00007fc82ee8d110
0x0000700010b1bed0:   0000700010b1bef0 00000001125e0db3
0x0000700010b1bee0:   000000000000000c 00007fc82ee8d110
0x0000700010b1bef0:   0000700010b1bf60 00000001125e7ca9
0x0000700010b1bf00:   00007fc82f8c5ad0 ffffffff00000000
0x0000700010b1bf10:   0000000000000000 00007fc82f8c58d0
0x0000700010b1bf20:   0000000000000000 0000000000000000
0x0000700010b1bf30:   70f3b1c6d3760016 00007fc82f8c5820
0x0000700010b1bf40:   0000000000000000 0000000000000000
0x0000700010b1bf50:   0000000000000000 00007fc82ed9c7b0
0x0000700010b1bf60:   0000700010b1bf80 00000001125a3edd
0x0000700010b1bf70:   0000700010b1c000 0000000000000000
0x0000700010b1bf80:   0000700010b1bfb0 00000001125c0c4e
0x0000700010b1bf90:   000000000000cb03 0000700010b1c000
0x0000700010b1bfa0:   0000000000000000 0000000000000000
0x0000700010b1bfb0:   0000700010b1bfd0 00007fff20461950
0x0000700010b1bfc0:   0000000000000000 0000000000000000
0x0000700010b1bfd0:   0000700010b1bff0 00007fff2045d47b
0x0000700010b1bfe0:   0000000000000000 0000000000000000
0x0000700010b1bff0:   0000000000000000 0000000000000000
0x0000700010b1c000:   7d1c8bdcc8df1dc0 0000000000000000
0x0000700010b1c010:   0000700010b9f000 0000700010a99010
0x0000700010b1c020:   0000700010400a00 0000000000000000 

Instructions: (pc=0x00000001125d8018)
0x00000001125d7f18:   8d 47 10 48 89 c1 66 90 48 8b 09 48 39 c1 74 0b
0x00000001125d7f28:   f6 41 38 10 75 f2 e8 0d b0 01 00 48 89 df e8 b5
0x00000001125d7f38:   18 01 00 48 8d 7b 08 ba 28 04 00 00 be ff 00 00
0x00000001125d7f48:   00 e8 be da 01 00 48 39 1d 53 96 05 00 75 0b 48
0x00000001125d7f58:   c7 05 46 96 05 00 00 00 00 00 49 39 de 74 19 e8
0x00000001125d7f68:   96 d8 01 00 44 8b 30 48 89 df ff 15 38 93 05 00
0x00000001125d7f78:   e8 85 d8 01 00 44 89 30 5b 41 5e 5d c3 66 2e 0f
0x00000001125d7f88:   1f 84 00 00 00 00 00 90 55 48 89 e5 48 89 7e 08
0x00000001125d7f98:   c7 46 10 0d 00 00 00 c7 46 58 08 00 00 00 48 8d
0x00000001125d7fa8:   47 10 48 8d 4e 20 48 89 46 20 48 8b 47 18 48 89
0x00000001125d7fb8:   46 28 48 89 08 48 89 4f 18 48 c7 46 50 00 00 00
0x00000001125d7fc8:   00 48 c7 46 60 00 00 00 00 48 c7 86 88 00 00 00
0x00000001125d7fd8:   00 00 00 00 31 c0 5d c3 55 48 89 e5 41 57 41 56
0x00000001125d7fe8:   41 55 41 54 53 48 83 ec 18 48 85 f6 0f 84 fb 00
0x00000001125d7ff8:   00 00 49 89 ce 49 89 d4 49 89 f7 49 89 fd f6 47
0x00000001125d8008:   58 04 74 08 4c 89 ef e8 7c 02 00 00 4d 8b 55 08
0x00000001125d8018:   4d 03 a2 d0 02 00 00 49 c7 c3 ff ff ff ff 4d 0f
0x00000001125d8028:   43 dc 4d 89 7d 60 4d 89 9d 80 00 00 00 4d 89 b5
0x00000001125d8038:   88 00 00 00 49 8b 82 c8 02 00 00 48 8d 48 01 49
0x00000001125d8048:   89 8a c8 02 00 00 49 89 85 90 00 00 00 4d 8d 82
0x00000001125d8058:   b8 02 00 00 4d 8d 75 68 49 c7 45 68 00 00 00 00
0x00000001125d8068:   49 c7 45 70 00 00 00 00 49 c7 45 78 00 00 00 00
0x00000001125d8078:   45 8b 8a c0 02 00 00 41 ff c1 41 83 f9 02 72 77
0x00000001125d8088:   45 31 ff 44 89 ca 31 ff 44 89 c9 66 2e 0f 1f 84
0x00000001125d8098:   00 00 00 00 00 0f 1f 00 45 89 fc 89 d0 83 e0 01
0x00000001125d80a8:   8d 3c 78 45 8d 7c 24 01 d1 e9 83 fa 03 89 ca 77
0x00000001125d80b8:   e7 41 f6 c7 03 74 48 44 89 f8 83 e0 03 31 c9 4c
0x00000001125d80c8:   89 c3 66 0f 1f 44 00 00 48 89 da 48 8b 33 48 8d
0x00000001125d80d8:   5e 08 40 f6 c7 01 48 0f 44 de d1 ef ff c1 39 c8
0x00000001125d80e8:   75 e6 41 29 cf 41 83 fc 03 73 1d eb 71 b8 ea ff
0x00000001125d80f8:   ff ff e9 73 01 00 00 4c 89 c2 4c 89 c3 eb 5f 4c
0x00000001125d8108:   89 c3 41 83 fc 03 72 56 89 fe 66 2e 0f 1f 84 00 


Stack slot to memory mapping:
stack at sp + 0 slots: 
[error occurred during error reporting (inspecting top of stack), id 0xb, SIGSEGV (0xb) at pc=0x000000010fef575c]


---------------  P R O C E S S  ---------------

VM state:not at safepoint (normal execution)

VM Mutex/Monitor currently owned by a thread: None

Heap address: 0x0000000700000000, size: 4096 MB, Compressed Oops mode: Zero based, Oop shift amount: 3
Narrow klass base: 0x0000000800000000, Narrow klass shift: 0
Compressed class space size: 1073741824 Address: 0x0000000800000000

Heap:
 garbage-first heap   total 262144K, used 4611K [0x0000000700000000, 0x0000000800000000)
  region size 1024K, 6 young (6144K), 2 survivors (2048K)
 Metaspace       used 8149K, capacity 8411K, committed 8576K, reserved 1056768K
  class space    used 775K, capacity 888K, committed 896K, reserved 1048576K
Heap Regions: E=young(eden), S=young(survivor), O=old, HS=humongous(starts), HC=humongous(continues), CS=collection set, F=free, A=archive, TAMS=top-at-mark-start (previous, next)
|   0|0x0000000700000000, 0x0000000700000000, 0x0000000700100000|  0%| F|  |TAMS 0x0000000700000000, 0x0000000700000000| Untracked 
|   1|0x0000000700100000, 0x0000000700100000, 0x0000000700200000|  0%| F|  |TAMS 0x0000000700100000, 0x0000000700100000| Untracked 
|   2|0x0000000700200000, 0x0000000700200000, 0x0000000700300000|  0%| F|  |TAMS 0x0000000700200000, 0x0000000700200000| Untracked 
|   3|0x0000000700300000, 0x0000000700300000, 0x0000000700400000|  0%| F|  |TAMS 0x0000000700300000, 0x0000000700300000| Untracked 
|   4|0x0000000700400000, 0x0000000700400000, 0x0000000700500000|  0%| F|  |TAMS 0x0000000700400000, 0x0000000700400000| Untracked 
|   5|0x0000000700500000, 0x0000000700500000, 0x0000000700600000|  0%| F|  |TAMS 0x0000000700500000, 0x0000000700500000| Untracked 
|   6|0x0000000700600000, 0x0000000700600000, 0x0000000700700000|  0%| F|  |TAMS 0x0000000700600000, 0x0000000700600000| Untracked 
|   7|0x0000000700700000, 0x0000000700700000, 0x0000000700800000|  0%| F|  |TAMS 0x0000000700700000, 0x0000000700700000| Untracked 
|   8|0x0000000700800000, 0x0000000700800000, 0x0000000700900000|  0%| F|  |TAMS 0x0000000700800000, 0x0000000700800000| Untracked 
|   9|0x0000000700900000, 0x0000000700900000, 0x0000000700a00000|  0%| F|  |TAMS 0x0000000700900000, 0x0000000700900000| Untracked 
|  10|0x0000000700a00000, 0x0000000700a00000, 0x0000000700b00000|  0%| F|  |TAMS 0x0000000700a00000, 0x0000000700a00000| Untracked 
|  11|0x0000000700b00000, 0x0000000700b00000, 0x0000000700c00000|  0%| F|  |TAMS 0x0000000700b00000, 0x0000000700b00000| Untracked 
|  12|0x0000000700c00000, 0x0000000700c00000, 0x0000000700d00000|  0%| F|  |TAMS 0x0000000700c00000, 0x0000000700c00000| Untracked 
|  13|0x0000000700d00000, 0x0000000700d00000, 0x0000000700e00000|  0%| F|  |TAMS 0x0000000700d00000, 0x0000000700d00000| Untracked 
|  14|0x0000000700e00000, 0x0000000700e00000, 0x0000000700f00000|  0%| F|  |TAMS 0x0000000700e00000, 0x0000000700e00000| Untracked 
|  15|0x0000000700f00000, 0x0000000700f00000, 0x0000000701000000|  0%| F|  |TAMS 0x0000000700f00000, 0x0000000700f00000| Untracked 
|  16|0x0000000701000000, 0x0000000701000000, 0x0000000701100000|  0%| F|  |TAMS 0x0000000701000000, 0x0000000701000000| Untracked 
|  17|0x0000000701100000, 0x0000000701100000, 0x0000000701200000|  0%| F|  |TAMS 0x0000000701100000, 0x0000000701100000| Untracked 
|  18|0x0000000701200000, 0x0000000701200000, 0x0000000701300000|  0%| F|  |TAMS 0x0000000701200000, 0x0000000701200000| Untracked 
|  19|0x0000000701300000, 0x0000000701300000, 0x0000000701400000|  0%| F|  |TAMS 0x0000000701300000, 0x0000000701300000| Untracked 
|  20|0x0000000701400000, 0x0000000701400000, 0x0000000701500000|  0%| F|  |TAMS 0x0000000701400000, 0x0000000701400000| Untracked 
|  21|0x0000000701500000, 0x0000000701500000, 0x0000000701600000|  0%| F|  |TAMS 0x0000000701500000, 0x0000000701500000| Untracked 
|  22|0x0000000701600000, 0x0000000701600000, 0x0000000701700000|  0%| F|  |TAMS 0x0000000701600000, 0x0000000701600000| Untracked 
|  23|0x0000000701700000, 0x0000000701700000, 0x0000000701800000|  0%| F|  |TAMS 0x0000000701700000, 0x0000000701700000| Untracked 
|  24|0x0000000701800000, 0x0000000701800000, 0x0000000701900000|  0%| F|  |TAMS 0x0000000701800000, 0x0000000701800000| Untracked 
|  25|0x0000000701900000, 0x0000000701900000, 0x0000000701a00000|  0%| F|  |TAMS 0x0000000701900000, 0x0000000701900000| Untracked 
|  26|0x0000000701a00000, 0x0000000701a00000, 0x0000000701b00000|  0%| F|  |TAMS 0x0000000701a00000, 0x0000000701a00000| Untracked 
|  27|0x0000000701b00000, 0x0000000701b00000, 0x0000000701c00000|  0%| F|  |TAMS 0x0000000701b00000, 0x0000000701b00000| Untracked 
|  28|0x0000000701c00000, 0x0000000701c00000, 0x0000000701d00000|  0%| F|  |TAMS 0x0000000701c00000, 0x0000000701c00000| Untracked 
|  29|0x0000000701d00000, 0x0000000701d00000, 0x0000000701e00000|  0%| F|  |TAMS 0x0000000701d00000, 0x0000000701d00000| Untracked 
|  30|0x0000000701e00000, 0x0000000701e00000, 0x0000000701f00000|  0%| F|  |TAMS 0x0000000701e00000, 0x0000000701e00000| Untracked 
|  31|0x0000000701f00000, 0x0000000701f00000, 0x0000000702000000|  0%| F|  |TAMS 0x0000000701f00000, 0x0000000701f00000| Untracked 
|  32|0x0000000702000000, 0x0000000702000000, 0x0000000702100000|  0%| F|  |TAMS 0x0000000702000000, 0x0000000702000000| Untracked 
|  33|0x0000000702100000, 0x0000000702100000, 0x0000000702200000|  0%| F|  |TAMS 0x0000000702100000, 0x0000000702100000| Untracked 
|  34|0x0000000702200000, 0x0000000702200000, 0x0000000702300000|  0%| F|  |TAMS 0x0000000702200000, 0x0000000702200000| Untracked 
|  35|0x0000000702300000, 0x0000000702300000, 0x0000000702400000|  0%| F|  |TAMS 0x0000000702300000, 0x0000000702300000| Untracked 
|  36|0x0000000702400000, 0x0000000702400000, 0x0000000702500000|  0%| F|  |TAMS 0x0000000702400000, 0x0000000702400000| Untracked 
|  37|0x0000000702500000, 0x0000000702500000, 0x0000000702600000|  0%| F|  |TAMS 0x0000000702500000, 0x0000000702500000| Untracked 
|  38|0x0000000702600000, 0x0000000702600000, 0x0000000702700000|  0%| F|  |TAMS 0x0000000702600000, 0x0000000702600000| Untracked 
|  39|0x0000000702700000, 0x0000000702700000, 0x0000000702800000|  0%| F|  |TAMS 0x0000000702700000, 0x0000000702700000| Untracked 
|  40|0x0000000702800000, 0x0000000702800000, 0x0000000702900000|  0%| F|  |TAMS 0x0000000702800000, 0x0000000702800000| Untracked 
|  41|0x0000000702900000, 0x0000000702900000, 0x0000000702a00000|  0%| F|  |TAMS 0x0000000702900000, 0x0000000702900000| Untracked 
|  42|0x0000000702a00000, 0x0000000702a00000, 0x0000000702b00000|  0%| F|  |TAMS 0x0000000702a00000, 0x0000000702a00000| Untracked 
|  43|0x0000000702b00000, 0x0000000702b00000, 0x0000000702c00000|  0%| F|  |TAMS 0x0000000702b00000, 0x0000000702b00000| Untracked 
|  44|0x0000000702c00000, 0x0000000702c00000, 0x0000000702d00000|  0%| F|  |TAMS 0x0000000702c00000, 0x0000000702c00000| Untracked 
|  45|0x0000000702d00000, 0x0000000702d00000, 0x0000000702e00000|  0%| F|  |TAMS 0x0000000702d00000, 0x0000000702d00000| Untracked 
|  46|0x0000000702e00000, 0x0000000702e00000, 0x0000000702f00000|  0%| F|  |TAMS 0x0000000702e00000, 0x0000000702e00000| Untracked 
|  47|0x0000000702f00000, 0x0000000702f00000, 0x0000000703000000|  0%| F|  |TAMS 0x0000000702f00000, 0x0000000702f00000| Untracked 
|  48|0x0000000703000000, 0x0000000703000000, 0x0000000703100000|  0%| F|  |TAMS 0x0000000703000000, 0x0000000703000000| Untracked 
|  49|0x0000000703100000, 0x0000000703100000, 0x0000000703200000|  0%| F|  |TAMS 0x0000000703100000, 0x0000000703100000| Untracked 
|  50|0x0000000703200000, 0x0000000703200000, 0x0000000703300000|  0%| F|  |TAMS 0x0000000703200000, 0x0000000703200000| Untracked 
|  51|0x0000000703300000, 0x0000000703300000, 0x0000000703400000|  0%| F|  |TAMS 0x0000000703300000, 0x0000000703300000| Untracked 
|  52|0x0000000703400000, 0x0000000703400000, 0x0000000703500000|  0%| F|  |TAMS 0x0000000703400000, 0x0000000703400000| Untracked 
|  53|0x0000000703500000, 0x0000000703500000, 0x0000000703600000|  0%| F|  |TAMS 0x0000000703500000, 0x0000000703500000| Untracked 
|  54|0x0000000703600000, 0x0000000703600000, 0x0000000703700000|  0%| F|  |TAMS 0x0000000703600000, 0x0000000703600000| Untracked 
|  55|0x0000000703700000, 0x0000000703700000, 0x0000000703800000|  0%| F|  |TAMS 0x0000000703700000, 0x0000000703700000| Untracked 
|  56|0x0000000703800000, 0x0000000703800000, 0x0000000703900000|  0%| F|  |TAMS 0x0000000703800000, 0x0000000703800000| Untracked 
|  57|0x0000000703900000, 0x0000000703900000, 0x0000000703a00000|  0%| F|  |TAMS 0x0000000703900000, 0x0000000703900000| Untracked 
|  58|0x0000000703a00000, 0x0000000703a00000, 0x0000000703b00000|  0%| F|  |TAMS 0x0000000703a00000, 0x0000000703a00000| Untracked 
|  59|0x0000000703b00000, 0x0000000703b00000, 0x0000000703c00000|  0%| F|  |TAMS 0x0000000703b00000, 0x0000000703b00000| Untracked 
|  60|0x0000000703c00000, 0x0000000703c00000, 0x0000000703d00000|  0%| F|  |TAMS 0x0000000703c00000, 0x0000000703c00000| Untracked 
|  61|0x0000000703d00000, 0x0000000703d00000, 0x0000000703e00000|  0%| F|  |TAMS 0x0000000703d00000, 0x0000000703d00000| Untracked 
|  62|0x0000000703e00000, 0x0000000703e00000, 0x0000000703f00000|  0%| F|  |TAMS 0x0000000703e00000, 0x0000000703e00000| Untracked 
|  63|0x0000000703f00000, 0x0000000703f00000, 0x0000000704000000|  0%| F|  |TAMS 0x0000000703f00000, 0x0000000703f00000| Untracked 
|  64|0x0000000704000000, 0x0000000704000000, 0x0000000704100000|  0%| F|  |TAMS 0x0000000704000000, 0x0000000704000000| Untracked 
|  65|0x0000000704100000, 0x0000000704100000, 0x0000000704200000|  0%| F|  |TAMS 0x0000000704100000, 0x0000000704100000| Untracked 
|  66|0x0000000704200000, 0x0000000704200000, 0x0000000704300000|  0%| F|  |TAMS 0x0000000704200000, 0x0000000704200000| Untracked 
|  67|0x0000000704300000, 0x0000000704300000, 0x0000000704400000|  0%| F|  |TAMS 0x0000000704300000, 0x0000000704300000| Untracked 
|  68|0x0000000704400000, 0x0000000704400000, 0x0000000704500000|  0%| F|  |TAMS 0x0000000704400000, 0x0000000704400000| Untracked 
|  69|0x0000000704500000, 0x0000000704500000, 0x0000000704600000|  0%| F|  |TAMS 0x0000000704500000, 0x0000000704500000| Untracked 
|  70|0x0000000704600000, 0x0000000704600000, 0x0000000704700000|  0%| F|  |TAMS 0x0000000704600000, 0x0000000704600000| Untracked 
|  71|0x0000000704700000, 0x0000000704700000, 0x0000000704800000|  0%| F|  |TAMS 0x0000000704700000, 0x0000000704700000| Untracked 
|  72|0x0000000704800000, 0x0000000704800000, 0x0000000704900000|  0%| F|  |TAMS 0x0000000704800000, 0x0000000704800000| Untracked 
|  73|0x0000000704900000, 0x0000000704900000, 0x0000000704a00000|  0%| F|  |TAMS 0x0000000704900000, 0x0000000704900000| Untracked 
|  74|0x0000000704a00000, 0x0000000704a00000, 0x0000000704b00000|  0%| F|  |TAMS 0x0000000704a00000, 0x0000000704a00000| Untracked 
|  75|0x0000000704b00000, 0x0000000704b00000, 0x0000000704c00000|  0%| F|  |TAMS 0x0000000704b00000, 0x0000000704b00000| Untracked 
|  76|0x0000000704c00000, 0x0000000704c00000, 0x0000000704d00000|  0%| F|  |TAMS 0x0000000704c00000, 0x0000000704c00000| Untracked 
|  77|0x0000000704d00000, 0x0000000704d00000, 0x0000000704e00000|  0%| F|  |TAMS 0x0000000704d00000, 0x0000000704d00000| Untracked 
|  78|0x0000000704e00000, 0x0000000704e00000, 0x0000000704f00000|  0%| F|  |TAMS 0x0000000704e00000, 0x0000000704e00000| Untracked 
|  79|0x0000000704f00000, 0x0000000704f00000, 0x0000000705000000|  0%| F|  |TAMS 0x0000000704f00000, 0x0000000704f00000| Untracked 
|  80|0x0000000705000000, 0x0000000705000000, 0x0000000705100000|  0%| F|  |TAMS 0x0000000705000000, 0x0000000705000000| Untracked 
|  81|0x0000000705100000, 0x0000000705100000, 0x0000000705200000|  0%| F|  |TAMS 0x0000000705100000, 0x0000000705100000| Untracked 
|  82|0x0000000705200000, 0x0000000705200000, 0x0000000705300000|  0%| F|  |TAMS 0x0000000705200000, 0x0000000705200000| Untracked 
|  83|0x0000000705300000, 0x0000000705300000, 0x0000000705400000|  0%| F|  |TAMS 0x0000000705300000, 0x0000000705300000| Untracked 
|  84|0x0000000705400000, 0x0000000705400000, 0x0000000705500000|  0%| F|  |TAMS 0x0000000705400000, 0x0000000705400000| Untracked 
|  85|0x0000000705500000, 0x0000000705500000, 0x0000000705600000|  0%| F|  |TAMS 0x0000000705500000, 0x0000000705500000| Untracked 
|  86|0x0000000705600000, 0x0000000705600000, 0x0000000705700000|  0%| F|  |TAMS 0x0000000705600000, 0x0000000705600000| Untracked 
|  87|0x0000000705700000, 0x0000000705700000, 0x0000000705800000|  0%| F|  |TAMS 0x0000000705700000, 0x0000000705700000| Untracked 
|  88|0x0000000705800000, 0x0000000705800000, 0x0000000705900000|  0%| F|  |TAMS 0x0000000705800000, 0x0000000705800000| Untracked 
|  89|0x0000000705900000, 0x0000000705900000, 0x0000000705a00000|  0%| F|  |TAMS 0x0000000705900000, 0x0000000705900000| Untracked 
|  90|0x0000000705a00000, 0x0000000705a00000, 0x0000000705b00000|  0%| F|  |TAMS 0x0000000705a00000, 0x0000000705a00000| Untracked 
|  91|0x0000000705b00000, 0x0000000705b00000, 0x0000000705c00000|  0%| F|  |TAMS 0x0000000705b00000, 0x0000000705b00000| Untracked 
|  92|0x0000000705c00000, 0x0000000705c00000, 0x0000000705d00000|  0%| F|  |TAMS 0x0000000705c00000, 0x0000000705c00000| Untracked 
|  93|0x0000000705d00000, 0x0000000705d00000, 0x0000000705e00000|  0%| F|  |TAMS 0x0000000705d00000, 0x0000000705d00000| Untracked 
|  94|0x0000000705e00000, 0x0000000705e00000, 0x0000000705f00000|  0%| F|  |TAMS 0x0000000705e00000, 0x0000000705e00000| Untracked 
|  95|0x0000000705f00000, 0x0000000705f00000, 0x0000000706000000|  0%| F|  |TAMS 0x0000000705f00000, 0x0000000705f00000| Untracked 
|  96|0x0000000706000000, 0x0000000706000000, 0x0000000706100000|  0%| F|  |TAMS 0x0000000706000000, 0x0000000706000000| Untracked 
|  97|0x0000000706100000, 0x0000000706100000, 0x0000000706200000|  0%| F|  |TAMS 0x0000000706100000, 0x0000000706100000| Untracked 
|  98|0x0000000706200000, 0x0000000706200000, 0x0000000706300000|  0%| F|  |TAMS 0x0000000706200000, 0x0000000706200000| Untracked 
|  99|0x0000000706300000, 0x0000000706300000, 0x0000000706400000|  0%| F|  |TAMS 0x0000000706300000, 0x0000000706300000| Untracked 
| 100|0x0000000706400000, 0x0000000706400000, 0x0000000706500000|  0%| F|  |TAMS 0x0000000706400000, 0x0000000706400000| Untracked 
| 101|0x0000000706500000, 0x0000000706500000, 0x0000000706600000|  0%| F|  |TAMS 0x0000000706500000, 0x0000000706500000| Untracked 
| 102|0x0000000706600000, 0x0000000706600000, 0x0000000706700000|  0%| F|  |TAMS 0x0000000706600000, 0x0000000706600000| Untracked 
| 103|0x0000000706700000, 0x0000000706700000, 0x0000000706800000|  0%| F|  |TAMS 0x0000000706700000, 0x0000000706700000| Untracked 
| 104|0x0000000706800000, 0x0000000706800000, 0x0000000706900000|  0%| F|  |TAMS 0x0000000706800000, 0x0000000706800000| Untracked 
| 105|0x0000000706900000, 0x0000000706900000, 0x0000000706a00000|  0%| F|  |TAMS 0x0000000706900000, 0x0000000706900000| Untracked 
| 106|0x0000000706a00000, 0x0000000706a00000, 0x0000000706b00000|  0%| F|  |TAMS 0x0000000706a00000, 0x0000000706a00000| Untracked 
| 107|0x0000000706b00000, 0x0000000706b00000, 0x0000000706c00000|  0%| F|  |TAMS 0x0000000706b00000, 0x0000000706b00000| Untracked 
| 108|0x0000000706c00000, 0x0000000706c00000, 0x0000000706d00000|  0%| F|  |TAMS 0x0000000706c00000, 0x0000000706c00000| Untracked 
| 109|0x0000000706d00000, 0x0000000706d00000, 0x0000000706e00000|  0%| F|  |TAMS 0x0000000706d00000, 0x0000000706d00000| Untracked 
| 110|0x0000000706e00000, 0x0000000706e00000, 0x0000000706f00000|  0%| F|  |TAMS 0x0000000706e00000, 0x0000000706e00000| Untracked 
| 111|0x0000000706f00000, 0x0000000706f00000, 0x0000000707000000|  0%| F|  |TAMS 0x0000000706f00000, 0x0000000706f00000| Untracked 
| 112|0x0000000707000000, 0x0000000707000000, 0x0000000707100000|  0%| F|  |TAMS 0x0000000707000000, 0x0000000707000000| Untracked 
| 113|0x0000000707100000, 0x0000000707100000, 0x0000000707200000|  0%| F|  |TAMS 0x0000000707100000, 0x0000000707100000| Untracked 
| 114|0x0000000707200000, 0x0000000707200000, 0x0000000707300000|  0%| F|  |TAMS 0x0000000707200000, 0x0000000707200000| Untracked 
| 115|0x0000000707300000, 0x0000000707300000, 0x0000000707400000|  0%| F|  |TAMS 0x0000000707300000, 0x0000000707300000| Untracked 
| 116|0x0000000707400000, 0x0000000707400000, 0x0000000707500000|  0%| F|  |TAMS 0x0000000707400000, 0x0000000707400000| Untracked 
| 117|0x0000000707500000, 0x0000000707500000, 0x0000000707600000|  0%| F|  |TAMS 0x0000000707500000, 0x0000000707500000| Untracked 
| 118|0x0000000707600000, 0x0000000707600000, 0x0000000707700000|  0%| F|  |TAMS 0x0000000707600000, 0x0000000707600000| Untracked 
| 119|0x0000000707700000, 0x0000000707700000, 0x0000000707800000|  0%| F|  |TAMS 0x0000000707700000, 0x0000000707700000| Untracked 
| 120|0x0000000707800000, 0x0000000707800000, 0x0000000707900000|  0%| F|  |TAMS 0x0000000707800000, 0x0000000707800000| Untracked 
| 121|0x0000000707900000, 0x0000000707900000, 0x0000000707a00000|  0%| F|  |TAMS 0x0000000707900000, 0x0000000707900000| Untracked 
| 122|0x0000000707a00000, 0x0000000707a00000, 0x0000000707b00000|  0%| F|  |TAMS 0x0000000707a00000, 0x0000000707a00000| Untracked 
| 123|0x0000000707b00000, 0x0000000707b00000, 0x0000000707c00000|  0%| F|  |TAMS 0x0000000707b00000, 0x0000000707b00000| Untracked 
| 124|0x0000000707c00000, 0x0000000707c00000, 0x0000000707d00000|  0%| F|  |TAMS 0x0000000707c00000, 0x0000000707c00000| Untracked 
| 125|0x0000000707d00000, 0x0000000707d00000, 0x0000000707e00000|  0%| F|  |TAMS 0x0000000707d00000, 0x0000000707d00000| Untracked 
| 126|0x0000000707e00000, 0x0000000707e00000, 0x0000000707f00000|  0%| F|  |TAMS 0x0000000707e00000, 0x0000000707e00000| Untracked 
| 127|0x0000000707f00000, 0x0000000707f00000, 0x0000000708000000|  0%| F|  |TAMS 0x0000000707f00000, 0x0000000707f00000| Untracked 
| 128|0x0000000708000000, 0x0000000708000000, 0x0000000708100000|  0%| F|  |TAMS 0x0000000708000000, 0x0000000708000000| Untracked 
| 129|0x0000000708100000, 0x0000000708100000, 0x0000000708200000|  0%| F|  |TAMS 0x0000000708100000, 0x0000000708100000| Untracked 
| 130|0x0000000708200000, 0x0000000708200000, 0x0000000708300000|  0%| F|  |TAMS 0x0000000708200000, 0x0000000708200000| Untracked 
| 131|0x0000000708300000, 0x0000000708300000, 0x0000000708400000|  0%| F|  |TAMS 0x0000000708300000, 0x0000000708300000| Untracked 
| 132|0x0000000708400000, 0x0000000708400000, 0x0000000708500000|  0%| F|  |TAMS 0x0000000708400000, 0x0000000708400000| Untracked 
| 133|0x0000000708500000, 0x0000000708500000, 0x0000000708600000|  0%| F|  |TAMS 0x0000000708500000, 0x0000000708500000| Untracked 
| 134|0x0000000708600000, 0x0000000708600000, 0x0000000708700000|  0%| F|  |TAMS 0x0000000708600000, 0x0000000708600000| Untracked 
| 135|0x0000000708700000, 0x0000000708700000, 0x0000000708800000|  0%| F|  |TAMS 0x0000000708700000, 0x0000000708700000| Untracked 
| 136|0x0000000708800000, 0x0000000708800000, 0x0000000708900000|  0%| F|  |TAMS 0x0000000708800000, 0x0000000708800000| Untracked 
| 137|0x0000000708900000, 0x0000000708900000, 0x0000000708a00000|  0%| F|  |TAMS 0x0000000708900000, 0x0000000708900000| Untracked 
| 138|0x0000000708a00000, 0x0000000708a00000, 0x0000000708b00000|  0%| F|  |TAMS 0x0000000708a00000, 0x0000000708a00000| Untracked 
| 139|0x0000000708b00000, 0x0000000708b00000, 0x0000000708c00000|  0%| F|  |TAMS 0x0000000708b00000, 0x0000000708b00000| Untracked 
| 140|0x0000000708c00000, 0x0000000708c00000, 0x0000000708d00000|  0%| F|  |TAMS 0x0000000708c00000, 0x0000000708c00000| Untracked 
| 141|0x0000000708d00000, 0x0000000708d00000, 0x0000000708e00000|  0%| F|  |TAMS 0x0000000708d00000, 0x0000000708d00000| Untracked 
| 142|0x0000000708e00000, 0x0000000708e00000, 0x0000000708f00000|  0%| F|  |TAMS 0x0000000708e00000, 0x0000000708e00000| Untracked 
| 143|0x0000000708f00000, 0x0000000708f00000, 0x0000000709000000|  0%| F|  |TAMS 0x0000000708f00000, 0x0000000708f00000| Untracked 
| 144|0x0000000709000000, 0x0000000709000000, 0x0000000709100000|  0%| F|  |TAMS 0x0000000709000000, 0x0000000709000000| Untracked 
| 145|0x0000000709100000, 0x0000000709100000, 0x0000000709200000|  0%| F|  |TAMS 0x0000000709100000, 0x0000000709100000| Untracked 
| 146|0x0000000709200000, 0x0000000709200000, 0x0000000709300000|  0%| F|  |TAMS 0x0000000709200000, 0x0000000709200000| Untracked 
| 147|0x0000000709300000, 0x0000000709300000, 0x0000000709400000|  0%| F|  |TAMS 0x0000000709300000, 0x0000000709300000| Untracked 
| 148|0x0000000709400000, 0x0000000709400000, 0x0000000709500000|  0%| F|  |TAMS 0x0000000709400000, 0x0000000709400000| Untracked 
| 149|0x0000000709500000, 0x0000000709500000, 0x0000000709600000|  0%| F|  |TAMS 0x0000000709500000, 0x0000000709500000| Untracked 
| 150|0x0000000709600000, 0x0000000709600000, 0x0000000709700000|  0%| F|  |TAMS 0x0000000709600000, 0x0000000709600000| Untracked 
| 151|0x0000000709700000, 0x0000000709700000, 0x0000000709800000|  0%| F|  |TAMS 0x0000000709700000, 0x0000000709700000| Untracked 
| 152|0x0000000709800000, 0x0000000709800000, 0x0000000709900000|  0%| F|  |TAMS 0x0000000709800000, 0x0000000709800000| Untracked 
| 153|0x0000000709900000, 0x0000000709900000, 0x0000000709a00000|  0%| F|  |TAMS 0x0000000709900000, 0x0000000709900000| Untracked 
| 154|0x0000000709a00000, 0x0000000709a00000, 0x0000000709b00000|  0%| F|  |TAMS 0x0000000709a00000, 0x0000000709a00000| Untracked 
| 155|0x0000000709b00000, 0x0000000709b00000, 0x0000000709c00000|  0%| F|  |TAMS 0x0000000709b00000, 0x0000000709b00000| Untracked 
| 156|0x0000000709c00000, 0x0000000709c00000, 0x0000000709d00000|  0%| F|  |TAMS 0x0000000709c00000, 0x0000000709c00000| Untracked 
| 157|0x0000000709d00000, 0x0000000709d00000, 0x0000000709e00000|  0%| F|  |TAMS 0x0000000709d00000, 0x0000000709d00000| Untracked 
| 158|0x0000000709e00000, 0x0000000709e00000, 0x0000000709f00000|  0%| F|  |TAMS 0x0000000709e00000, 0x0000000709e00000| Untracked 
| 159|0x0000000709f00000, 0x0000000709f00000, 0x000000070a000000|  0%| F|  |TAMS 0x0000000709f00000, 0x0000000709f00000| Untracked 
| 160|0x000000070a000000, 0x000000070a000000, 0x000000070a100000|  0%| F|  |TAMS 0x000000070a000000, 0x000000070a000000| Untracked 
| 161|0x000000070a100000, 0x000000070a100000, 0x000000070a200000|  0%| F|  |TAMS 0x000000070a100000, 0x000000070a100000| Untracked 
| 162|0x000000070a200000, 0x000000070a200000, 0x000000070a300000|  0%| F|  |TAMS 0x000000070a200000, 0x000000070a200000| Untracked 
| 163|0x000000070a300000, 0x000000070a300000, 0x000000070a400000|  0%| F|  |TAMS 0x000000070a300000, 0x000000070a300000| Untracked 
| 164|0x000000070a400000, 0x000000070a400000, 0x000000070a500000|  0%| F|  |TAMS 0x000000070a400000, 0x000000070a400000| Untracked 
| 165|0x000000070a500000, 0x000000070a500000, 0x000000070a600000|  0%| F|  |TAMS 0x000000070a500000, 0x000000070a500000| Untracked 
| 166|0x000000070a600000, 0x000000070a600000, 0x000000070a700000|  0%| F|  |TAMS 0x000000070a600000, 0x000000070a600000| Untracked 
| 167|0x000000070a700000, 0x000000070a700000, 0x000000070a800000|  0%| F|  |TAMS 0x000000070a700000, 0x000000070a700000| Untracked 
| 168|0x000000070a800000, 0x000000070a800000, 0x000000070a900000|  0%| F|  |TAMS 0x000000070a800000, 0x000000070a800000| Untracked 
| 169|0x000000070a900000, 0x000000070a900000, 0x000000070aa00000|  0%| F|  |TAMS 0x000000070a900000, 0x000000070a900000| Untracked 
| 170|0x000000070aa00000, 0x000000070aa00000, 0x000000070ab00000|  0%| F|  |TAMS 0x000000070aa00000, 0x000000070aa00000| Untracked 
| 171|0x000000070ab00000, 0x000000070ab00000, 0x000000070ac00000|  0%| F|  |TAMS 0x000000070ab00000, 0x000000070ab00000| Untracked 
| 172|0x000000070ac00000, 0x000000070ac00000, 0x000000070ad00000|  0%| F|  |TAMS 0x000000070ac00000, 0x000000070ac00000| Untracked 
| 173|0x000000070ad00000, 0x000000070ad00000, 0x000000070ae00000|  0%| F|  |TAMS 0x000000070ad00000, 0x000000070ad00000| Untracked 
| 174|0x000000070ae00000, 0x000000070ae00000, 0x000000070af00000|  0%| F|  |TAMS 0x000000070ae00000, 0x000000070ae00000| Untracked 
| 175|0x000000070af00000, 0x000000070af00000, 0x000000070b000000|  0%| F|  |TAMS 0x000000070af00000, 0x000000070af00000| Untracked 
| 176|0x000000070b000000, 0x000000070b000000, 0x000000070b100000|  0%| F|  |TAMS 0x000000070b000000, 0x000000070b000000| Untracked 
| 177|0x000000070b100000, 0x000000070b100000, 0x000000070b200000|  0%| F|  |TAMS 0x000000070b100000, 0x000000070b100000| Untracked 
| 178|0x000000070b200000, 0x000000070b200000, 0x000000070b300000|  0%| F|  |TAMS 0x000000070b200000, 0x000000070b200000| Untracked 
| 179|0x000000070b300000, 0x000000070b300000, 0x000000070b400000|  0%| F|  |TAMS 0x000000070b300000, 0x000000070b300000| Untracked 
| 180|0x000000070b400000, 0x000000070b400000, 0x000000070b500000|  0%| F|  |TAMS 0x000000070b400000, 0x000000070b400000| Untracked 
| 181|0x000000070b500000, 0x000000070b500000, 0x000000070b600000|  0%| F|  |TAMS 0x000000070b500000, 0x000000070b500000| Untracked 
| 182|0x000000070b600000, 0x000000070b600000, 0x000000070b700000|  0%| F|  |TAMS 0x000000070b600000, 0x000000070b600000| Untracked 
| 183|0x000000070b700000, 0x000000070b700000, 0x000000070b800000|  0%| F|  |TAMS 0x000000070b700000, 0x000000070b700000| Untracked 
| 184|0x000000070b800000, 0x000000070b800000, 0x000000070b900000|  0%| F|  |TAMS 0x000000070b800000, 0x000000070b800000| Untracked 
| 185|0x000000070b900000, 0x000000070b900000, 0x000000070ba00000|  0%| F|  |TAMS 0x000000070b900000, 0x000000070b900000| Untracked 
| 186|0x000000070ba00000, 0x000000070ba00000, 0x000000070bb00000|  0%| F|  |TAMS 0x000000070ba00000, 0x000000070ba00000| Untracked 
| 187|0x000000070bb00000, 0x000000070bb00000, 0x000000070bc00000|  0%| F|  |TAMS 0x000000070bb00000, 0x000000070bb00000| Untracked 
| 188|0x000000070bc00000, 0x000000070bc00000, 0x000000070bd00000|  0%| F|  |TAMS 0x000000070bc00000, 0x000000070bc00000| Untracked 
| 189|0x000000070bd00000, 0x000000070bd00000, 0x000000070be00000|  0%| F|  |TAMS 0x000000070bd00000, 0x000000070bd00000| Untracked 
| 190|0x000000070be00000, 0x000000070be00000, 0x000000070bf00000|  0%| F|  |TAMS 0x000000070be00000, 0x000000070be00000| Untracked 
| 191|0x000000070bf00000, 0x000000070bf00000, 0x000000070c000000|  0%| F|  |TAMS 0x000000070bf00000, 0x000000070bf00000| Untracked 
| 192|0x000000070c000000, 0x000000070c000000, 0x000000070c100000|  0%| F|  |TAMS 0x000000070c000000, 0x000000070c000000| Untracked 
| 193|0x000000070c100000, 0x000000070c100000, 0x000000070c200000|  0%| F|  |TAMS 0x000000070c100000, 0x000000070c100000| Untracked 
| 194|0x000000070c200000, 0x000000070c200000, 0x000000070c300000|  0%| F|  |TAMS 0x000000070c200000, 0x000000070c200000| Untracked 
| 195|0x000000070c300000, 0x000000070c300000, 0x000000070c400000|  0%| F|  |TAMS 0x000000070c300000, 0x000000070c300000| Untracked 
| 196|0x000000070c400000, 0x000000070c400000, 0x000000070c500000|  0%| F|  |TAMS 0x000000070c400000, 0x000000070c400000| Untracked 
| 197|0x000000070c500000, 0x000000070c500000, 0x000000070c600000|  0%| F|  |TAMS 0x000000070c500000, 0x000000070c500000| Untracked 
| 198|0x000000070c600000, 0x000000070c600000, 0x000000070c700000|  0%| F|  |TAMS 0x000000070c600000, 0x000000070c600000| Untracked 
| 199|0x000000070c700000, 0x000000070c700000, 0x000000070c800000|  0%| F|  |TAMS 0x000000070c700000, 0x000000070c700000| Untracked 
| 200|0x000000070c800000, 0x000000070c800000, 0x000000070c900000|  0%| F|  |TAMS 0x000000070c800000, 0x000000070c800000| Untracked 
| 201|0x000000070c900000, 0x000000070c900000, 0x000000070ca00000|  0%| F|  |TAMS 0x000000070c900000, 0x000000070c900000| Untracked 
| 202|0x000000070ca00000, 0x000000070ca00000, 0x000000070cb00000|  0%| F|  |TAMS 0x000000070ca00000, 0x000000070ca00000| Untracked 
| 203|0x000000070cb00000, 0x000000070cb00000, 0x000000070cc00000|  0%| F|  |TAMS 0x000000070cb00000, 0x000000070cb00000| Untracked 
| 204|0x000000070cc00000, 0x000000070cc00000, 0x000000070cd00000|  0%| F|  |TAMS 0x000000070cc00000, 0x000000070cc00000| Untracked 
| 205|0x000000070cd00000, 0x000000070cd00000, 0x000000070ce00000|  0%| F|  |TAMS 0x000000070cd00000, 0x000000070cd00000| Untracked 
| 206|0x000000070ce00000, 0x000000070ce00000, 0x000000070cf00000|  0%| F|  |TAMS 0x000000070ce00000, 0x000000070ce00000| Untracked 
| 207|0x000000070cf00000, 0x000000070cf00000, 0x000000070d000000|  0%| F|  |TAMS 0x000000070cf00000, 0x000000070cf00000| Untracked 
| 208|0x000000070d000000, 0x000000070d000000, 0x000000070d100000|  0%| F|  |TAMS 0x000000070d000000, 0x000000070d000000| Untracked 
| 209|0x000000070d100000, 0x000000070d100000, 0x000000070d200000|  0%| F|  |TAMS 0x000000070d100000, 0x000000070d100000| Untracked 
| 210|0x000000070d200000, 0x000000070d200000, 0x000000070d300000|  0%| F|  |TAMS 0x000000070d200000, 0x000000070d200000| Untracked 
| 211|0x000000070d300000, 0x000000070d300000, 0x000000070d400000|  0%| F|  |TAMS 0x000000070d300000, 0x000000070d300000| Untracked 
| 212|0x000000070d400000, 0x000000070d400000, 0x000000070d500000|  0%| F|  |TAMS 0x000000070d400000, 0x000000070d400000| Untracked 
| 213|0x000000070d500000, 0x000000070d500000, 0x000000070d600000|  0%| F|  |TAMS 0x000000070d500000, 0x000000070d500000| Untracked 
| 214|0x000000070d600000, 0x000000070d600000, 0x000000070d700000|  0%| F|  |TAMS 0x000000070d600000, 0x000000070d600000| Untracked 
| 215|0x000000070d700000, 0x000000070d700000, 0x000000070d800000|  0%| F|  |TAMS 0x000000070d700000, 0x000000070d700000| Untracked 
| 216|0x000000070d800000, 0x000000070d800000, 0x000000070d900000|  0%| F|  |TAMS 0x000000070d800000, 0x000000070d800000| Untracked 
| 217|0x000000070d900000, 0x000000070d900000, 0x000000070da00000|  0%| F|  |TAMS 0x000000070d900000, 0x000000070d900000| Untracked 
| 218|0x000000070da00000, 0x000000070da00000, 0x000000070db00000|  0%| F|  |TAMS 0x000000070da00000, 0x000000070da00000| Untracked 
| 219|0x000000070db00000, 0x000000070db00000, 0x000000070dc00000|  0%| F|  |TAMS 0x000000070db00000, 0x000000070db00000| Untracked 
| 220|0x000000070dc00000, 0x000000070dc00000, 0x000000070dd00000|  0%| F|  |TAMS 0x000000070dc00000, 0x000000070dc00000| Untracked 
| 221|0x000000070dd00000, 0x000000070dd00000, 0x000000070de00000|  0%| F|  |TAMS 0x000000070dd00000, 0x000000070dd00000| Untracked 
| 222|0x000000070de00000, 0x000000070de00000, 0x000000070df00000|  0%| F|  |TAMS 0x000000070de00000, 0x000000070de00000| Untracked 
| 223|0x000000070df00000, 0x000000070df00000, 0x000000070e000000|  0%| F|  |TAMS 0x000000070df00000, 0x000000070df00000| Untracked 
| 224|0x000000070e000000, 0x000000070e000000, 0x000000070e100000|  0%| F|  |TAMS 0x000000070e000000, 0x000000070e000000| Untracked 
| 225|0x000000070e100000, 0x000000070e100000, 0x000000070e200000|  0%| F|  |TAMS 0x000000070e100000, 0x000000070e100000| Untracked 
| 226|0x000000070e200000, 0x000000070e200000, 0x000000070e300000|  0%| F|  |TAMS 0x000000070e200000, 0x000000070e200000| Untracked 
| 227|0x000000070e300000, 0x000000070e300000, 0x000000070e400000|  0%| F|  |TAMS 0x000000070e300000, 0x000000070e300000| Untracked 
| 228|0x000000070e400000, 0x000000070e400000, 0x000000070e500000|  0%| F|  |TAMS 0x000000070e400000, 0x000000070e400000| Untracked 
| 229|0x000000070e500000, 0x000000070e500000, 0x000000070e600000|  0%| F|  |TAMS 0x000000070e500000, 0x000000070e500000| Untracked 
| 230|0x000000070e600000, 0x000000070e600000, 0x000000070e700000|  0%| F|  |TAMS 0x000000070e600000, 0x000000070e600000| Untracked 
| 231|0x000000070e700000, 0x000000070e700000, 0x000000070e800000|  0%| F|  |TAMS 0x000000070e700000, 0x000000070e700000| Untracked 
| 232|0x000000070e800000, 0x000000070e800000, 0x000000070e900000|  0%| F|  |TAMS 0x000000070e800000, 0x000000070e800000| Untracked 
| 233|0x000000070e900000, 0x000000070e900000, 0x000000070ea00000|  0%| F|  |TAMS 0x000000070e900000, 0x000000070e900000| Untracked 
| 234|0x000000070ea00000, 0x000000070ea00000, 0x000000070eb00000|  0%| F|  |TAMS 0x000000070ea00000, 0x000000070ea00000| Untracked 
| 235|0x000000070eb00000, 0x000000070eb00000, 0x000000070ec00000|  0%| F|  |TAMS 0x000000070eb00000, 0x000000070eb00000| Untracked 
| 236|0x000000070ec00000, 0x000000070ec00000, 0x000000070ed00000|  0%| F|  |TAMS 0x000000070ec00000, 0x000000070ec00000| Untracked 
| 237|0x000000070ed00000, 0x000000070ed00000, 0x000000070ee00000|  0%| F|  |TAMS 0x000000070ed00000, 0x000000070ed00000| Untracked 
| 238|0x000000070ee00000, 0x000000070ee00000, 0x000000070ef00000|  0%| F|  |TAMS 0x000000070ee00000, 0x000000070ee00000| Untracked 
| 239|0x000000070ef00000, 0x000000070ef00000, 0x000000070f000000|  0%| F|  |TAMS 0x000000070ef00000, 0x000000070ef00000| Untracked 
| 240|0x000000070f000000, 0x000000070f080db0, 0x000000070f100000| 50%| S|CS|TAMS 0x000000070f000000, 0x000000070f000000| Complete 
| 241|0x000000070f100000, 0x000000070f200000, 0x000000070f200000|100%| S|CS|TAMS 0x000000070f100000, 0x000000070f100000| Complete 
| 242|0x000000070f200000, 0x000000070f200000, 0x000000070f300000|  0%| F|  |TAMS 0x000000070f200000, 0x000000070f200000| Untracked 
| 243|0x000000070f300000, 0x000000070f300000, 0x000000070f400000|  0%| F|  |TAMS 0x000000070f300000, 0x000000070f300000| Untracked 
| 244|0x000000070f400000, 0x000000070f400000, 0x000000070f500000|  0%| F|  |TAMS 0x000000070f400000, 0x000000070f400000| Untracked 
| 245|0x000000070f500000, 0x000000070f500000, 0x000000070f600000|  0%| F|  |TAMS 0x000000070f500000, 0x000000070f500000| Untracked 
| 246|0x000000070f600000, 0x000000070f600000, 0x000000070f700000|  0%| F|  |TAMS 0x000000070f600000, 0x000000070f600000| Untracked 
| 247|0x000000070f700000, 0x000000070f700000, 0x000000070f800000|  0%| F|  |TAMS 0x000000070f700000, 0x000000070f700000| Untracked 
| 248|0x000000070f800000, 0x000000070f800000, 0x000000070f900000|  0%| F|  |TAMS 0x000000070f800000, 0x000000070f800000| Untracked 
| 249|0x000000070f900000, 0x000000070f900000, 0x000000070fa00000|  0%| F|  |TAMS 0x000000070f900000, 0x000000070f900000| Untracked 
| 250|0x000000070fa00000, 0x000000070fa00000, 0x000000070fb00000|  0%| F|  |TAMS 0x000000070fa00000, 0x000000070fa00000| Untracked 
| 251|0x000000070fb00000, 0x000000070fb00000, 0x000000070fc00000|  0%| F|  |TAMS 0x000000070fb00000, 0x000000070fb00000| Untracked 
| 252|0x000000070fc00000, 0x000000070fd00000, 0x000000070fd00000|100%| E|  |TAMS 0x000000070fc00000, 0x000000070fc00000| Complete 
| 253|0x000000070fd00000, 0x000000070fe00000, 0x000000070fe00000|100%| E|CS|TAMS 0x000000070fd00000, 0x000000070fd00000| Complete 
| 254|0x000000070fe00000, 0x000000070ff00000, 0x000000070ff00000|100%| E|CS|TAMS 0x000000070fe00000, 0x000000070fe00000| Complete 
| 255|0x000000070ff00000, 0x0000000710000000, 0x0000000710000000|100%| E|CS|TAMS 0x000000070ff00000, 0x000000070ff00000| Complete 

Card table byte_map: [0x0000000110d52000,0x0000000111552000] _byte_map_base: 0x000000010d552000

Marking Bits (Prev, Next): (CMBitMap*) 0x00007fc82f030618, (CMBitMap*) 0x00007fc82f030650
 Prev Bits: [0x000000012b2d3000, 0x000000012f2d3000)
 Next Bits: [0x000000012f2d3000, 0x00000001332d3000)

Polling page: 0x000000010d212000

Metaspace:

Usage:
  Non-class:      7.35 MB capacity,     7.20 MB ( 98%) used,   126.10 KB (  2%) free+waste,    23.38 KB ( <1%) overhead. 
      Class:    888.00 KB capacity,   775.70 KB ( 87%) used,   100.61 KB ( 11%) free+waste,    11.69 KB (  1%) overhead. 
       Both:      8.21 MB capacity,     7.96 MB ( 97%) used,   226.71 KB (  3%) free+waste,    35.06 KB ( <1%) overhead. 

Virtual space:
  Non-class space:        8.00 MB reserved,       7.50 MB ( 94%) committed 
      Class space:        1.00 GB reserved,     896.00 KB ( <1%) committed 
             Both:        1.01 GB reserved,       8.38 MB ( <1%) committed 

Chunk freelists:
   Non-Class:  21.00 KB
       Class:  8.00 KB
        Both:  29.00 KB

MaxMetaspaceSize: unlimited
CompressedClassSpaceSize: 1.00 GB

CodeHeap 'non-profiled nmethods': size=120032Kb used=512Kb max_used=512Kb free=119520Kb
 bounds [0x0000000123d9b000, 0x000000012400b000, 0x000000012b2d3000]
CodeHeap 'profiled nmethods': size=120032Kb used=1946Kb max_used=1946Kb free=118085Kb
 bounds [0x000000011c863000, 0x000000011cad3000, 0x0000000123d9b000]
CodeHeap 'non-nmethods': size=5696Kb used=1154Kb max_used=1203Kb free=4541Kb
 bounds [0x000000011c2d3000, 0x000000011c543000, 0x000000011c863000]
 total_blobs=1495 nmethods=1090 adapters=325
 compilation: enabled
              stopped_count=0, restarted_count=0
 full_count=0

Compilation events (20 events):
Event: 55.064 Thread 0x00007fc830845000 1081       4       java.util.HashMap$HashIterator::hasNext (13 bytes)
Event: 55.064 Thread 0x00007fc830845000 nmethod 1081 0x0000000123e15810 code [0x0000000123e159a0, 0x0000000123e15a18]
Event: 56.341 Thread 0x00007fc830845000 1082       4       java.util.AbstractCollection::toArray (144 bytes)
Event: 56.354 Thread 0x00007fc830845000 nmethod 1082 0x0000000123e15a90 code [0x0000000123e15c60, 0x0000000123e16718]
Event: 56.642 Thread 0x00007fc830845000 1083       4       java.util.PriorityQueue::removeAt (83 bytes)
Event: 56.644 Thread 0x00007fc830845000 nmethod 1083 0x0000000123e16b90 code [0x0000000123e16d20, 0x0000000123e16e78]
Event: 57.223 Thread 0x00007fc830845000 1084       4       java.util.LinkedHashMap::values (25 bytes)
Event: 57.226 Thread 0x00007fc830845000 nmethod 1084 0x0000000123e16f90 code [0x0000000123e17120, 0x0000000123e172d8]
Event: 57.662 Thread 0x00007fc830845000 1085       4       java.util.AbstractCollection::toArray (144 bytes)
Event: 57.693 Thread 0x00007fc830845000 nmethod 1085 0x0000000123e17390 code [0x0000000123e17560, 0x0000000123e18758]
Event: 58.561 Thread 0x00007fc830845000 1086       4       java.util.LinkedHashMap::entrySet (27 bytes)
Event: 58.561 Thread 0x00007fc830845000 nmethod 1086 0x0000000123e18c10 code [0x0000000123e18da0, 0x0000000123e18e18]
Event: 58.983 Thread 0x00007fc830845000 1087       4       java.util.AbstractCollection::toArray (144 bytes)
Event: 59.014 Thread 0x00007fc830845000 nmethod 1087 0x0000000123e18e90 code [0x0000000123e19060, 0x0000000123e1a418]
Event: 59.841 Thread 0x00007fc830845000 1088       4       edu.wpi.first.wpilibj.Servo$$Lambda$25/0x00000008000c9040::getAsDouble (8 bytes)
Event: 59.842 Thread 0x00007fc830845000 nmethod 1088 0x0000000123e1a910 code [0x0000000123e1aac0, 0x0000000123e1ab88]
Event: 59.842 Thread 0x00007fc830845000 1089       4       edu.wpi.first.wpilibj.PWMSpeedController::get (20 bytes)
Event: 59.843 Thread 0x00007fc830845000 nmethod 1089 0x0000000123e1ac90 code [0x0000000123e1ae40, 0x0000000123e1aee8]
Event: 62.585 Thread 0x00007fc82f840800 1090   !   3       edu.wpi.first.wpilibj.DriverStation::updateControlWord (56 bytes)
Event: 62.585 Thread 0x00007fc82f840800 nmethod 1090 0x000000011ca49490 code [0x000000011ca49660, 0x000000011ca49a40]

GC Heap History (2 events):
Event: 41.681 GC heap before
{Heap before GC invocations=0 (full 0):
 garbage-first heap   total 262144K, used 14336K [0x0000000700000000, 0x0000000800000000)
  region size 1024K, 14 young (14336K), 0 survivors (0K)
 Metaspace       used 8146K, capacity 8411K, committed 8576K, reserved 1056768K
  class space    used 775K, capacity 888K, committed 896K, reserved 1048576K
}
Event: 41.684 GC heap after
{Heap after GC invocations=1 (full 0):
 garbage-first heap   total 262144K, used 1539K [0x0000000700000000, 0x0000000800000000)
  region size 1024K, 2 young (2048K), 2 survivors (2048K)
 Metaspace       used 8146K, capacity 8411K, committed 8576K, reserved 1056768K
  class space    used 775K, capacity 888K, committed 896K, reserved 1048576K
}

Deoptimization events (20 events):
Event: 57.721 Thread 0x00007fc830122800 Uncommon trap: trap_request=0xffffffd6 fr.pc=0x0000000123e184f8 relative=0x0000000000000f98
Event: 57.721 Thread 0x00007fc830122800 Uncommon trap: reason=array_check action=maybe_recompile pc=0x0000000123e184f8 method=java.util.AbstractCollection.toArray([Ljava/lang/Object;)[Ljava/lang/Object; @ 116 c2
Event: 57.721 Thread 0x00007fc830122800 DEOPT PACKING pc=0x0000000123e184f8 sp=0x0000700010ca1350
Event: 57.721 Thread 0x00007fc830122800 DEOPT UNPACKING pc=0x000000011c309f25 sp=0x0000700010ca1310 mode 2
Event: 57.721 Thread 0x00007fc830122800 Uncommon trap: trap_request=0xffffffd6 fr.pc=0x0000000123e184f8 relative=0x0000000000000f98
Event: 57.721 Thread 0x00007fc830122800 Uncommon trap: reason=array_check action=maybe_recompile pc=0x0000000123e184f8 method=java.util.AbstractCollection.toArray([Ljava/lang/Object;)[Ljava/lang/Object; @ 116 c2
Event: 57.722 Thread 0x00007fc830122800 DEOPT PACKING pc=0x0000000123e184f8 sp=0x0000700010ca1230
Event: 57.722 Thread 0x00007fc830122800 DEOPT UNPACKING pc=0x000000011c309f25 sp=0x0000700010ca11f0 mode 2
Event: 61.906 Thread 0x00007fc830122800 Uncommon trap: trap_request=0xffffff4d fr.pc=0x0000000123defd6c relative=0x000000000000052c
Event: 61.906 Thread 0x00007fc830122800 Uncommon trap: reason=unstable_if action=reinterpret pc=0x0000000123defd6c method=edu.wpi.first.wpilibj.DriverStation.updateControlWord(Z)V @ 22 c2
Event: 61.906 Thread 0x00007fc830122800 DEOPT PACKING pc=0x0000000123defd6c sp=0x0000700010ca1540
Event: 61.906 Thread 0x00007fc830122800 DEOPT UNPACKING pc=0x000000011c309f25 sp=0x0000700010ca1480 mode 2
Event: 61.961 Thread 0x00007fc830122800 Uncommon trap: trap_request=0xffffff4d fr.pc=0x0000000123de985c relative=0x000000000000031c
Event: 61.961 Thread 0x00007fc830122800 Uncommon trap: reason=unstable_if action=reinterpret pc=0x0000000123de985c method=edu.wpi.first.wpilibj.DriverStation.updateControlWord(Z)V @ 22 c2
Event: 61.961 Thread 0x00007fc830122800 DEOPT PACKING pc=0x0000000123de985c sp=0x0000700010ca14b0
Event: 61.961 Thread 0x00007fc830122800 DEOPT UNPACKING pc=0x000000011c309f25 sp=0x0000700010ca1470 mode 2
Event: 62.859 Thread 0x00007fc830120800 Uncommon trap: trap_request=0xffffff4d fr.pc=0x0000000123e143a8 relative=0x0000000000001d68
Event: 62.859 Thread 0x00007fc830120800 Uncommon trap: reason=unstable_if action=reinterpret pc=0x0000000123e143a8 method=edu.wpi.first.wpilibj.DriverStation.updateControlWord(Z)V @ 22 c2
Event: 62.859 Thread 0x00007fc830120800 DEOPT PACKING pc=0x0000000123e143a8 sp=0x0000700010f2d9a0
Event: 62.859 Thread 0x00007fc830120800 DEOPT UNPACKING pc=0x000000011c309f25 sp=0x0000700010f2d8d0 mode 2

Classes redefined (0 events):
No events

Internal exceptions (19 events):
Event: 3.452 Thread 0x00007fc830122800 Exception <a 'java/lang/NoSuchMethodError'{0x000000070fc7c3c8}: 'java.lang.Object java.lang.invoke.DirectMethodHandle$Holder.invokeStatic(java.lang.Object, java.lang.Object, java.lang.Object, java.lang.Object, java.lang.Object, java.lang.Object, java.lang.Object, java.lang.Object, java.lang.Object, java.lang.Object, java.lang.Object, int)'> (0x000000070fc7c3c8) thrown at [./src/hotspot/share/interpreter/linkResolver.cpp, line 773]
Event: 3.459 Thread 0x00007fc830122800 Exception <a 'java/lang/NoSuchMethodError'{0x000000070fc9ae58}: 'java.lang.Object java.lang.invoke.DirectMethodHandle$Holder.invokeStatic(java.lang.Object, java.lang.Object, java.lang.Object, java.lang.Object, java.lang.Object, java.lang.Object, java.lang.Object, java.lang.Object, java.lang.Object, java.lang.Object, java.lang.Object, int, int)'> (0x000000070fc9ae58) thrown at [./src/hotspot/share/interpreter/linkResolver.cpp, line 773]
Event: 3.463 Thread 0x00007fc830122800 Exception <a 'java/lang/NoSuchMethodError'{0x000000070fcba0f8}: 'java.lang.Object java.lang.invoke.DirectMethodHandle$Holder.invokeStatic(java.lang.Object, java.lang.Object, java.lang.Object, java.lang.Object, java.lang.Object, java.lang.Object, java.lang.Object, java.lang.Object, java.lang.Object, java.lang.Object, java.lang.Object, int, int, java.lang.Object)'> (0x000000070fcba0f8) thrown at [./src/hotspot/share/interpreter/linkResolver.cpp, line 773]
Event: 3.468 Thread 0x00007fc830122800 Exception <a 'java/lang/NoSuchMethodError'{0x000000070fcdab28}: 'java.lang.Object java.lang.invoke.DirectMethodHandle$Holder.invokeStatic(java.lang.Object, java.lang.Object, java.lang.Object, java.lang.Object, java.lang.Object, java.lang.Object, java.lang.Object, java.lang.Object, java.lang.Object, java.lang.Object, java.lang.Object, int, int, java.lang.Object, java.lang.Object)'> (0x000000070fcdab28) thrown at [./src/hotspot/share/interpreter/linkResolver.cpp, line 773]
Event: 3.509 Thread 0x00007fc830122800 Exception <a 'java/lang/NoSuchMethodError'{0x000000070fa06498}: 'void java.lang.invoke.DirectMethodHandle$Holder.invokeSpecial(java.lang.Object, java.lang.Object)'> (0x000000070fa06498) thrown at [./src/hotspot/share/interpreter/linkResolver.cpp, line 773]
Event: 3.515 Thread 0x00007fc830122800 Exception <a 'java/lang/NoSuchMethodError'{0x000000070fa16dc8}: 'void java.lang.invoke.DirectMethodHandle$Holder.invokeStaticInit(java.lang.Object)'> (0x000000070fa16dc8) thrown at [./src/hotspot/share/interpreter/linkResolver.cpp, line 773]
Event: 3.520 Thread 0x00007fc830122800 Exception <a 'java/lang/NoSuchMethodError'{0x000000070fa29448}: 'void java.lang.invoke.DirectMethodHandle$Holder.invokeVirtual(java.lang.Object, java.lang.Object)'> (0x000000070fa29448) thrown at [./src/hotspot/share/interpreter/linkResolver.cpp, line 773]
Event: 3.580 Thread 0x00007fc830122800 Exception <a 'java/lang/NoSuchMethodError'{0x000000070f957bd8}: 'java.lang.Object java.lang.invoke.DirectMethodHandle$Holder.invokeStatic(java.lang.Object, java.lang.Object, java.lang.Object, java.lang.Object, java.lang.Object, java.lang.Object, java.lang.Object, java.lang.Object, java.lang.Object, java.lang.Object, java.lang.Object, java.lang.Object, java.lang.Object, int)'> (0x000000070f957bd8) thrown at [./src/hotspot/share/interpreter/linkResolver.cpp, line 773]
Event: 3.582 Thread 0x00007fc830122800 Exception <a 'java/lang/NoSuchMethodError'{0x000000070f964420}: 'java.lang.Object java.lang.invoke.DirectMethodHandle$Holder.invokeStatic(java.lang.Object, java.lang.Object, java.lang.Object, java.lang.Object, java.lang.Object, java.lang.Object, java.lang.Object, java.lang.Object, java.lang.Object, java.lang.Object, java.lang.Object, java.lang.Object, java.lang.Object, int, int)'> (0x000000070f964420) thrown at [./src/hotspot/share/interpreter/linkResolver.cpp, line 773]
Event: 3.585 Thread 0x00007fc830122800 Exception <a 'java/lang/NoSuchMethodError'{0x000000070f970fc8}: 'java.lang.Object java.lang.invoke.DirectMethodHandle$Holder.invokeStatic(java.lang.Object, java.lang.Object, java.lang.Object, java.lang.Object, java.lang.Object, java.lang.Object, java.lang.Object, java.lang.Object, java.lang.Object, java.lang.Object, java.lang.Object, java.lang.Object, java.lang.Object, int, int, java.lang.Object)'> (0x000000070f970fc8) thrown at [./src/hotspot/share/interpreter/linkResolver.cpp, line 773]
Event: 3.590 Thread 0x00007fc830122800 Exception <a 'java/lang/NoSuchMethodError'{0x000000070f97e608}: 'java.lang.Object java.lang.invoke.Invokers$Holder.linkToTargetMethod(java.lang.Object, int, java.lang.Object)'> (0x000000070f97e608) thrown at [./src/hotspot/share/interpreter/linkResolver.cpp, line 773]
Event: 3.638 Thread 0x00007fc830122800 Exception <a 'java/lang/NoSuchMethodError'{0x000000070f815ac0}: 'int java.lang.invoke.DirectMethodHandle$Holder.invokeVirtual(java.lang.Object, java.lang.Object)'> (0x000000070f815ac0) thrown at [./src/hotspot/share/interpreter/linkResolver.cpp, line 773]
Event: 3.679 Thread 0x00007fc830122800 Exception <a 'java/lang/NoSuchMethodError'{0x000000070f88d468}: 'double java.lang.invoke.DirectMethodHandle$Holder.invokeVirtual(java.lang.Object, java.lang.Object)'> (0x000000070f88d468) thrown at [./src/hotspot/share/interpreter/linkResolver.cpp, line 773]
Event: 3.680 Thread 0x00007fc830122800 Exception <a 'java/lang/NoSuchMethodError'{0x000000070f8db028}: 'void java.lang.invoke.DirectMethodHandle$Holder.invokeVirtual(java.lang.Object, java.lang.Object, double)'> (0x000000070f8db028) thrown at [./src/hotspot/share/interpreter/linkResolver.cpp, line 773]
Event: 3.684 Thread 0x00007fc830122800 Exception <a 'java/lang/NoSuchMethodError'{0x000000070f8f9708}: 'void java.lang.invoke.DirectMethodHandle$Holder.invokeVirtual(java.lang.Object, java.lang.Object, int)'> (0x000000070f8f9708) thrown at [./src/hotspot/share/interpreter/linkResolver.cpp, line 773]
Event: 3.711 Thread 0x00007fc830122800 Exception <a 'java/lang/NoSuchMethodError'{0x000000070f714510}: 'double java.lang.invoke.DirectMethodHandle$Holder.invokeInterface(java.lang.Object, java.lang.Object)'> (0x000000070f714510) thrown at [./src/hotspot/share/interpreter/linkResolver.cpp, line 773]
Event: 3.712 Thread 0x00007fc830122800 Exception <a 'java/lang/NoSuchMethodError'{0x000000070f719d10}: 'void java.lang.invoke.DirectMethodHandle$Holder.invokeInterface(java.lang.Object, java.lang.Object, double)'> (0x000000070f719d10) thrown at [./src/hotspot/share/interpreter/linkResolver.cpp, line 773]
Event: 3.713 Thread 0x00007fc830122800 Exception <a 'java/lang/NoSuchMethodError'{0x000000070f71f368}: 'double java.lang.invoke.DirectMethodHandle$Holder.invokeSpecial(java.lang.Object, java.lang.Object)'> (0x000000070f71f368) thrown at [./src/hotspot/share/interpreter/linkResolver.cpp, line 773]
Event: 3.716 Thread 0x00007fc830122800 Exception <a 'java/lang/NoSuchMethodError'{0x000000070f7249a0}: 'void java.lang.invoke.DirectMethodHandle$Holder.invokeSpecial(java.lang.Object, java.lang.Object, double)'> (0x000000070f7249a0) thrown at [./src/hotspot/share/interpreter/linkResolver.cpp, line 773]

Events (20 events):
Event: 41.685 Executing VM operation: RevokeBias
Event: 41.685 Executing VM operation: RevokeBias done
Event: 41.685 Executing VM operation: RevokeBias
Event: 41.685 Executing VM operation: RevokeBias done
Event: 41.685 Executing VM operation: RevokeBias
Event: 41.685 Executing VM operation: RevokeBias done
Event: 41.685 Executing VM operation: RevokeBias
Event: 41.685 Executing VM operation: RevokeBias done
Event: 41.685 Executing VM operation: RevokeBias
Event: 41.685 Executing VM operation: RevokeBias done
Event: 41.685 Executing VM operation: RevokeBias
Event: 41.685 Executing VM operation: RevokeBias done
Event: 41.685 Executing VM operation: RevokeBias
Event: 41.685 Executing VM operation: RevokeBias done
Event: 41.685 Executing VM operation: RevokeBias
Event: 41.685 Executing VM operation: RevokeBias done
Event: 41.685 Executing VM operation: RevokeBias
Event: 41.685 Executing VM operation: RevokeBias done
Event: 41.685 Executing VM operation: RevokeBias
Event: 41.685 Executing VM operation: RevokeBias done


Dynamic libraries:
0x00007fff350ed000 	/System/Library/Frameworks/Cocoa.framework/Versions/A/Cocoa
0x00007fff22312000 	/System/Library/Frameworks/Security.framework/Versions/A/Security
0x00007fff332ea000 	/System/Library/Frameworks/ApplicationServices.framework/Versions/A/ApplicationServices
0x00007fff2a59b000 	/usr/lib/libz.1.dylib
0x000000010d1a0000 	/Users/cadennewton/wpilib/2021/jdk/lib/jli/libjli.dylib
0x00007fff2a663000 	/usr/lib/libSystem.B.dylib
0x00007fff22d39000 	/System/Library/Frameworks/AppKit.framework/Versions/C/AppKit
0x00007fff25bd1000 	/System/Library/Frameworks/CoreData.framework/Versions/A/CoreData
0x00007fff21285000 	/System/Library/Frameworks/Foundation.framework/Versions/C/Foundation
0x00007fff23a9c000 	/System/Library/PrivateFrameworks/UIFoundation.framework/Versions/A/UIFoundation
0x00007fff2fcc9000 	/System/Library/PrivateFrameworks/RemoteViewServices.framework/Versions/A/RemoteViewServices
0x00007fff28ac2000 	/System/Library/PrivateFrameworks/XCTTargetBootstrap.framework/Versions/A/XCTTargetBootstrap
0x00007fff2b7a3000 	/usr/lib/libspindump.dylib
0x00007fff23cf1000 	/System/Library/Frameworks/UniformTypeIdentifiers.framework/Versions/A/UniformTypeIdentifiers
0x00007fff27298000 	/usr/lib/libapp_launch_measurement.dylib
0x00007fff2729b000 	/System/Library/PrivateFrameworks/CoreAutoLayout.framework/Versions/A/CoreAutoLayout
0x00007fff28424000 	/System/Library/Frameworks/Metal.framework/Versions/A/Metal
0x00007fff29114000 	/usr/lib/liblangid.dylib
0x00007fff28ac6000 	/System/Library/PrivateFrameworks/CoreSVG.framework/Versions/A/CoreSVG
0x00007fff24cd8000 	/System/Library/PrivateFrameworks/SkyLight.framework/Versions/A/SkyLight
0x00007fff2503f000 	/System/Library/Frameworks/CoreGraphics.framework/Versions/A/CoreGraphics
0x00007fff30320000 	/System/Library/Frameworks/Accelerate.framework/Versions/A/Accelerate
0x00007fff2b1de000 	/System/Library/PrivateFrameworks/IconServices.framework/Versions/A/IconServices
0x00007fff28409000 	/System/Library/Frameworks/IOSurface.framework/Versions/A/IOSurface
0x00007fff2655a000 	/usr/lib/libDiagnosticMessagesClient.dylib
0x00007fff28aae000 	/System/Library/PrivateFrameworks/DFRFoundation.framework/Versions/A/DFRFoundation
0x00007fff22664000 	/usr/lib/libicucore.A.dylib
0x00007fff2ccea000 	/System/Library/Frameworks/AudioToolbox.framework/Versions/A/AudioToolbox
0x00007fff2bf8f000 	/System/Library/PrivateFrameworks/DataDetectorsCore.framework/Versions/A/DataDetectorsCore
0x00007fff287ae000 	/System/Library/Frameworks/Carbon.framework/Versions/A/Frameworks/HIToolbox.framework/Versions/A/HIToolbox
0x00007fff26cf3000 	/System/Library/Frameworks/QuartzCore.framework/Versions/A/QuartzCore
0x00007fff2fd05000 	/System/Library/Frameworks/Carbon.framework/Versions/A/Frameworks/SpeechRecognition.framework/Versions/A/SpeechRecognition
0x00007fff27000000 	/System/Library/PrivateFrameworks/CoreUI.framework/Versions/A/CoreUI
0x00007fff21c6d000 	/System/Library/Frameworks/CoreAudio.framework/Versions/A/CoreAudio
0x00007fff26645000 	/System/Library/Frameworks/DiskArbitration.framework/Versions/A/DiskArbitration
0x00007fff2bb9e000 	/System/Library/PrivateFrameworks/MultitouchSupport.framework/Versions/A/MultitouchSupport
0x00007fff2bf86000 	/System/Library/PrivateFrameworks/InternationalSupport.framework/Versions/A/InternationalSupport
0x00007fff24c4c000 	/usr/lib/libenergytrace.dylib
0x00007fff22c32000 	/System/Library/Frameworks/IOKit.framework/Versions/A/IOKit
0x00007fff30052000 	/System/Library/Frameworks/CoreServices.framework/Versions/A/CoreServices
0x00007fff2722e000 	/System/Library/PrivateFrameworks/PerformanceAnalysis.framework/Versions/A/PerformanceAnalysis
0x00007fff6c9bb000 	/System/Library/Frameworks/OpenGL.framework/Versions/A/OpenGL
0x00007fff2c00b000 	/System/Library/PrivateFrameworks/UserActivity.framework/Versions/A/UserActivity
0x00007fff202f8000 	/usr/lib/libobjc.A.dylib
0x00007fff256d3000 	/System/Library/Frameworks/ColorSync.framework/Versions/A/ColorSync
0x00007fff204d8000 	/System/Library/Frameworks/CoreFoundation.framework/Versions/A/CoreFoundation
0x00007fff28d2b000 	/System/Library/Frameworks/CoreImage.framework/Versions/A/CoreImage
0x00007fff21a84000 	/System/Library/Frameworks/CoreText.framework/Versions/A/CoreText
0x00007fff28af0000 	/System/Library/Frameworks/ImageIO.framework/Versions/A/ImageIO
0x00007fff2a669000 	/System/Library/PrivateFrameworks/SoftLinking.framework/Versions/A/SoftLinking
0x00007fff272e4000 	/usr/lib/libxml2.2.dylib
0x00007fff203bd000 	/usr/lib/libc++.1.dylib
0x00007fff2a8db000 	/usr/lib/libcompression.dylib
0x00007fff24c4d000 	/usr/lib/libMobileGestalt.dylib
0x00007fff2beb9000 	/System/Library/PrivateFrameworks/TextureIO.framework/Versions/A/TextureIO
0x00007fff2af01000 	/usr/lib/libate.dylib
0x00007fff2a65d000 	/usr/lib/system/libcache.dylib
0x00007fff2a619000 	/usr/lib/system/libcommonCrypto.dylib
0x00007fff2a643000 	/usr/lib/system/libcompiler_rt.dylib
0x00007fff2a638000 	/usr/lib/system/libcopyfile.dylib
0x00007fff201e6000 	/usr/lib/system/libcorecrypto.dylib
0x00007fff202b3000 	/usr/lib/system/libdispatch.dylib
0x00007fff20467000 	/usr/lib/system/libdyld.dylib
0x00007fff2a654000 	/usr/lib/system/libkeymgr.dylib
0x00007fff2da9c000 	/usr/lib/system/liblaunch.dylib
0x00007fff2a5f7000 	/usr/lib/system/libmacho.dylib
0x00007fff29e11000 	/usr/lib/system/libquarantine.dylib
0x00007fff2a651000 	/usr/lib/system/libremovefile.dylib
0x00007fff24ca9000 	/usr/lib/system/libsystem_asl.dylib
0x00007fff20196000 	/usr/lib/system/libsystem_blocks.dylib
0x00007fff20334000 	/usr/lib/system/libsystem_c.dylib
0x00007fff2a64b000 	/usr/lib/system/libsystem_collections.dylib
0x00007fff29105000 	/usr/lib/system/libsystem_configuration.dylib
0x00007fff283f8000 	/usr/lib/system/libsystem_containermanager.dylib
0x00007fff2a393000 	/usr/lib/system/libsystem_coreservices.dylib
0x00007fff228c6000 	/usr/lib/system/libsystem_darwin.dylib
0x00007fff2a655000 	/usr/lib/system/libsystem_dnssd.dylib
0x00007fff20331000 	/usr/lib/system/libsystem_featureflags.dylib
0x00007fff204ac000 	/usr/lib/system/libsystem_info.dylib
0x00007fff2a5ae000 	/usr/lib/system/libsystem_m.dylib
0x00007fff20286000 	/usr/lib/system/libsystem_malloc.dylib
0x00007fff24c3d000 	/usr/lib/system/libsystem_networkextension.dylib
0x00007fff22ce1000 	/usr/lib/system/libsystem_notify.dylib
0x00007fff2ff50000 	/usr/lib/system/libsystem_product_info_filter.dylib
0x00007fff29109000 	/usr/lib/system/libsystem_sandbox.dylib
0x00007fff2a64e000 	/usr/lib/system/libsystem_secinit.dylib
0x00007fff2042c000 	/usr/lib/system/libsystem_kernel.dylib
0x00007fff204a2000 	/usr/lib/system/libsystem_platform.dylib
0x00007fff2045b000 	/usr/lib/system/libsystem_pthread.dylib
0x00007fff263a8000 	/usr/lib/system/libsystem_symptoms.dylib
0x00007fff201ce000 	/usr/lib/system/libsystem_trace.dylib
0x00007fff2a625000 	/usr/lib/system/libunwind.dylib
0x00007fff20198000 	/usr/lib/system/libxpc.dylib
0x00007fff20413000 	/usr/lib/libc++abi.dylib
0x00007fff2a630000 	/usr/lib/liboah.dylib
0x00007fff2ace6000 	/usr/lib/liblzma.5.dylib
0x00007fff20f99000 	/System/Library/Frameworks/SystemConfiguration.framework/Versions/A/SystemConfiguration
0x00007fff2a665000 	/usr/lib/libfakelink.dylib
0x00007fff2479f000 	/System/Library/Frameworks/CFNetwork.framework/Versions/A/CFNetwork
0x00007fff2a7a5000 	/usr/lib/libarchive.2.dylib
0x00007fff21017000 	/usr/lib/libCRFSuite.dylib
0x00007fff29e38000 	/usr/lib/libbsm.0.dylib
0x00007fff2415b000 	/usr/lib/libnetwork.dylib
0x00007fff2a66a000 	/usr/lib/libpcap.A.dylib
0x00007fff263a1000 	/usr/lib/libdns_services.dylib
0x00007fff2acff000 	/usr/lib/libcoretls_cfhelpers.dylib
0x00007fff2a8a9000 	/usr/lib/libapple_nghttp2.dylib
0x00007fff2a5fd000 	/usr/lib/system/libkxld.dylib
0x00007fff26007000 	/usr/lib/libsqlite3.dylib
0x00007fff2a375000 	/System/Library/PrivateFrameworks/AppleFSCompression.framework/Versions/A/AppleFSCompression
0x00007fff29e20000 	/usr/lib/libcoretls.dylib
0x00007fff2a8d6000 	/usr/lib/libpam.2.dylib
0x00007fff2adfc000 	/usr/lib/libxar.1.dylib
0x00007fff29110000 	/System/Library/PrivateFrameworks/AppleSystemInfo.framework/Versions/A/AppleSystemInfo
0x00007fff29a63000 	/System/Library/PrivateFrameworks/IOMobileFramebuffer.framework/Versions/A/IOMobileFramebuffer
0x00007fff2a385000 	/usr/lib/libbz2.1.0.dylib
0x00007fff2a6a2000 	/usr/lib/libiconv.2.dylib
0x00007fff2a5f6000 	/usr/lib/libcharset.1.dylib
0x00007fff2726a000 	/System/Library/Frameworks/CoreServices.framework/Versions/A/Frameworks/FSEvents.framework/Versions/A/FSEvents
0x00007fff228d0000 	/System/Library/Frameworks/CoreServices.framework/Versions/A/Frameworks/CarbonCore.framework/Versions/A/CarbonCore
0x00007fff265aa000 	/System/Library/Frameworks/CoreServices.framework/Versions/A/Frameworks/Metadata.framework/Versions/A/Metadata
0x00007fff2a398000 	/System/Library/Frameworks/CoreServices.framework/Versions/A/Frameworks/OSServices.framework/Versions/A/OSServices
0x00007fff2a817000 	/System/Library/Frameworks/CoreServices.framework/Versions/A/Frameworks/SearchKit.framework/Versions/A/SearchKit
0x00007fff2632b000 	/System/Library/Frameworks/CoreServices.framework/Versions/A/Frameworks/AE.framework/Versions/A/AE
0x00007fff20974000 	/System/Library/Frameworks/CoreServices.framework/Versions/A/Frameworks/LaunchServices.framework/Versions/A/LaunchServices
0x00007fff2ac97000 	/System/Library/Frameworks/CoreServices.framework/Versions/A/Frameworks/DictionaryServices.framework/Versions/A/DictionaryServices
0x00007fff27273000 	/System/Library/Frameworks/CoreServices.framework/Versions/A/Frameworks/SharedFileList.framework/Versions/A/SharedFileList
0x00007fff29e14000 	/usr/lib/libCheckFix.dylib
0x00007fff24cc0000 	/System/Library/PrivateFrameworks/TCC.framework/Versions/A/TCC
0x00007fff29116000 	/System/Library/PrivateFrameworks/CoreNLP.framework/Versions/A/CoreNLP
0x00007fff2655d000 	/System/Library/PrivateFrameworks/MetadataUtilities.framework/Versions/A/MetadataUtilities
0x00007fff2104d000 	/usr/lib/libmecabra.dylib
0x00007fff2a127000 	/System/Library/Frameworks/MLCompute.framework/Versions/A/MLCompute
0x00007fff29e49000 	/usr/lib/libmecab.dylib
0x00007fff29e93000 	/usr/lib/libgermantok.dylib
0x00007fff2a87f000 	/usr/lib/libThaiTokenizer.dylib
0x00007fff2ae37000 	/usr/lib/libChineseTokenizer.dylib
0x00007fff2a8d4000 	/System/Library/Frameworks/MetalPerformanceShaders.framework/Versions/A/MetalPerformanceShaders
0x00007fff2664c000 	/System/Library/Frameworks/Accelerate.framework/Versions/A/Frameworks/vImage.framework/Versions/A/vImage
0x00007fff3002b000 	/System/Library/Frameworks/Accelerate.framework/Versions/A/Frameworks/vecLib.framework/Versions/A/vecLib
0x00007fff2ae42000 	/System/Library/Frameworks/Accelerate.framework/Versions/A/Frameworks/vecLib.framework/Versions/A/libvMisc.dylib
0x00007fff2987c000 	/System/Library/Frameworks/Accelerate.framework/Versions/A/Frameworks/vecLib.framework/Versions/A/libvDSP.dylib
0x00007fff20c78000 	/System/Library/Frameworks/Accelerate.framework/Versions/A/Frameworks/vecLib.framework/Versions/A/libBLAS.dylib
0x00007fff2a8fa000 	/System/Library/Frameworks/Accelerate.framework/Versions/A/Frameworks/vecLib.framework/Versions/A/libLAPACK.dylib
0x00007fff29e99000 	/System/Library/Frameworks/Accelerate.framework/Versions/A/Frameworks/vecLib.framework/Versions/A/libLinearAlgebra.dylib
0x00007fff2a8c1000 	/System/Library/Frameworks/Accelerate.framework/Versions/A/Frameworks/vecLib.framework/Versions/A/libSparseBLAS.dylib
0x00007fff2a8f4000 	/System/Library/Frameworks/Accelerate.framework/Versions/A/Frameworks/vecLib.framework/Versions/A/libQuadrature.dylib
0x00007fff291be000 	/System/Library/Frameworks/Accelerate.framework/Versions/A/Frameworks/vecLib.framework/Versions/A/libBNNS.dylib
0x00007fff20f2a000 	/System/Library/Frameworks/Accelerate.framework/Versions/A/Frameworks/vecLib.framework/Versions/A/libSparse.dylib
0x00007fff290a9000 	/System/Library/Frameworks/MetalPerformanceShaders.framework/Versions/A/Frameworks/MPSCore.framework/Versions/A/MPSCore
0x00007fff2a2e4000 	/System/Library/Frameworks/MetalPerformanceShaders.framework/Versions/A/Frameworks/MPSImage.framework/Versions/A/MPSImage
0x00007fff29eaf000 	/System/Library/Frameworks/MetalPerformanceShaders.framework/Versions/A/Frameworks/MPSNeuralNetwork.framework/Versions/A/MPSNeuralNetwork
0x00007fff2a26f000 	/System/Library/Frameworks/MetalPerformanceShaders.framework/Versions/A/Frameworks/MPSMatrix.framework/Versions/A/MPSMatrix
0x00007fff2a0d7000 	/System/Library/Frameworks/MetalPerformanceShaders.framework/Versions/A/Frameworks/MPSRayIntersector.framework/Versions/A/MPSRayIntersector
0x00007fff2a2a6000 	/System/Library/Frameworks/MetalPerformanceShaders.framework/Versions/A/Frameworks/MPSNDArray.framework/Versions/A/MPSNDArray
0x00007fff20ba4000 	/System/Library/PrivateFrameworks/MetalTools.framework/Versions/A/MetalTools
0x00007fff2910e000 	/System/Library/PrivateFrameworks/AggregateDictionary.framework/Versions/A/AggregateDictionary
0x00007fff26535000 	/System/Library/PrivateFrameworks/CoreAnalytics.framework/Versions/A/CoreAnalytics
0x00007fff2a881000 	/System/Library/PrivateFrameworks/AppleSauce.framework/Versions/A/AppleSauce
0x00007fff2841b000 	/System/Library/PrivateFrameworks/IOAccelerator.framework/Versions/A/IOAccelerator
0x00007fff6c9af000 	/System/Library/Frameworks/OpenGL.framework/Versions/A/Libraries/libCoreFSCache.dylib
0x00007fff215e9000 	/System/Library/PrivateFrameworks/LanguageModeling.framework/Versions/A/LanguageModeling
0x00007fff29a50000 	/System/Library/PrivateFrameworks/CoreEmoji.framework/Versions/A/CoreEmoji
0x00007fff291b7000 	/System/Library/PrivateFrameworks/LinguisticData.framework/Versions/A/LinguisticData
0x00007fff20edc000 	/System/Library/PrivateFrameworks/Lexicon.framework/Versions/A/Lexicon
0x00007fff2a793000 	/usr/lib/libcmph.dylib
0x00007fff2724a000 	/System/Library/Frameworks/OpenDirectory.framework/Versions/A/Frameworks/CFOpenDirectory.framework/Versions/A/CFOpenDirectory
0x00007fff2723a000 	/System/Library/Frameworks/OpenDirectory.framework/Versions/A/OpenDirectory
0x00007fff2ad01000 	/System/Library/PrivateFrameworks/APFS.framework/Versions/A/APFS
0x00007fff29d75000 	/System/Library/Frameworks/SecurityFoundation.framework/Versions/A/SecurityFoundation
0x00007fff2ae0a000 	/usr/lib/libutil.dylib
0x00007fff22bf7000 	/System/Library/PrivateFrameworks/CoreServicesStore.framework/Versions/A/CoreServicesStore
0x00007fff29e0c000 	/System/Library/Frameworks/ServiceManagement.framework/Versions/A/ServiceManagement
0x00007fff2ae0e000 	/usr/lib/libxslt.1.dylib
0x00007fff29e02000 	/System/Library/PrivateFrameworks/BackgroundTaskManagement.framework/Versions/A/BackgroundTaskManagement
0x00007fff2be03000 	/System/Library/Frameworks/ImageIO.framework/Versions/A/Resources/libRadiance.dylib
0x00007fff2be0d000 	/System/Library/Frameworks/ImageIO.framework/Versions/A/Resources/libJPEG.dylib
0x00007fff2bd58000 	/System/Library/Frameworks/ImageIO.framework/Versions/A/Resources/libPng.dylib
0x00007fff2bd7f000 	/System/Library/Frameworks/ImageIO.framework/Versions/A/Resources/libTIFF.dylib
0x00007fff2be62000 	/System/Library/Frameworks/ImageIO.framework/Versions/A/Resources/libGIF.dylib
0x00007fff2babb000 	/System/Library/Frameworks/ImageIO.framework/Versions/A/Resources/libJP2.dylib
0x00007fff2b1a5000 	/usr/lib/libexpat.1.dylib
0x00007fff2ba70000 	/System/Library/PrivateFrameworks/AppleJPEG.framework/Versions/A/AppleJPEG
0x00007fff28651000 	/System/Library/PrivateFrameworks/FontServices.framework/libFontParser.dylib
0x00007fff262df000 	/System/Library/PrivateFrameworks/RunningBoardServices.framework/Versions/A/RunningBoardServices
0x00007fff2bb9a000 	/System/Library/PrivateFrameworks/WatchdogClient.framework/Versions/A/WatchdogClient
0x00007fff216d6000 	/System/Library/Frameworks/CoreDisplay.framework/Versions/A/CoreDisplay
0x00007fff28567000 	/System/Library/Frameworks/CoreMedia.framework/Versions/A/CoreMedia
0x00007fff273c7000 	/System/Library/Frameworks/CoreVideo.framework/Versions/A/CoreVideo
0x00007fff2bbd2000 	/System/Library/Frameworks/VideoToolbox.framework/Versions/A/VideoToolbox
0x00007fff2625d000 	/System/Library/PrivateFrameworks/BaseBoard.framework/Versions/A/BaseBoard
0x00007fff2b2ea000 	/System/Library/PrivateFrameworks/PersistentConnection.framework/Versions/A/PersistentConnection
0x00007fff25ff0000 	/System/Library/PrivateFrameworks/ProtocolBuffer.framework/Versions/A/ProtocolBuffer
0x00007fff26244000 	/System/Library/PrivateFrameworks/CommonUtilities.framework/Versions/A/CommonUtilities
0x00007fff2ba05000 	/System/Library/PrivateFrameworks/Bom.framework/Versions/A/Bom
0x00007fff2bdfc000 	/System/Library/PrivateFrameworks/GPUWrangler.framework/Versions/A/GPUWrangler
0x00007fff2bddf000 	/System/Library/PrivateFrameworks/IOPresentment.framework/Versions/A/IOPresentment
0x00007fff2be07000 	/System/Library/PrivateFrameworks/DSExternalDisplay.framework/Versions/A/DSExternalDisplay
0x00007fff2be67000 	/System/Library/PrivateFrameworks/CMCaptureCore.framework/Versions/A/CMCaptureCore
0x00007fff2b78a000 	/System/Library/PrivateFrameworks/AppServerSupport.framework/Versions/A/AppServerSupport
0x00007fff2d83b000 	/System/Library/PrivateFrameworks/perfdata.framework/Versions/A/perfdata
0x00007fff29d64000 	/System/Library/PrivateFrameworks/AssertionServices.framework/Versions/A/AssertionServices
0x00007fff2180d000 	/System/Library/PrivateFrameworks/AudioToolboxCore.framework/Versions/A/AudioToolboxCore
0x00007fff2854a000 	/System/Library/PrivateFrameworks/caulk.framework/Versions/A/caulk
0x00007fff3d4e6000 	/System/Library/PrivateFrameworks/SystemPolicy.framework/Versions/A/SystemPolicy
0x00007fff2af9a000 	/usr/lib/libIOReport.dylib
0x00007fff2d05d000 	/usr/lib/libSMC.dylib
0x00007fff2bd25000 	/usr/lib/libAudioToolboxUtility.dylib
0x00007fff3de50000 	/usr/lib/libmis.dylib
0x00007fff6ca0b000 	/System/Library/Frameworks/OpenGL.framework/Versions/A/Libraries/libGLU.dylib
0x00007fff6c9ce000 	/System/Library/Frameworks/OpenGL.framework/Versions/A/Libraries/libGFXShared.dylib
0x00007fff6cbdd000 	/System/Library/Frameworks/OpenGL.framework/Versions/A/Libraries/libGL.dylib
0x00007fff6c9d7000 	/System/Library/Frameworks/OpenGL.framework/Versions/A/Libraries/libGLImage.dylib
0x00007fff6c9cb000 	/System/Library/Frameworks/OpenGL.framework/Versions/A/Libraries/libCVMSPluginSupport.dylib
0x00007fff6c9b6000 	/System/Library/Frameworks/OpenGL.framework/Versions/A/Libraries/libCoreVMClient.dylib
0x00007fff6e01e000 	/System/Library/Frameworks/OpenCL.framework/Versions/A/OpenCL
0x00007fff2b314000 	/System/Library/PrivateFrameworks/GraphVisualizer.framework/Versions/A/GraphVisualizer
0x00007fff2b323000 	/System/Library/PrivateFrameworks/FaceCore.framework/Versions/A/FaceCore
0x00007fff2b73f000 	/System/Library/PrivateFrameworks/OTSVG.framework/Versions/A/OTSVG
0x00007fff26fbe000 	/System/Library/Frameworks/ApplicationServices.framework/Versions/A/Frameworks/ATS.framework/Versions/A/Resources/libFontRegistry.dylib
0x00007fff2b791000 	/System/Library/PrivateFrameworks/FontServices.framework/libhvf.dylib
0x00007fff2b151000 	/System/Library/PrivateFrameworks/AppleVA.framework/Versions/A/AppleVA
0x00007fff2cea6000 	/System/Library/Frameworks/ApplicationServices.framework/Versions/A/Frameworks/ATS.framework/Versions/A/ATS
0x00007fff2d1b8000 	/System/Library/Frameworks/ApplicationServices.framework/Versions/A/Frameworks/ColorSyncLegacy.framework/Versions/A/ColorSyncLegacy
0x00007fff257ca000 	/System/Library/Frameworks/ApplicationServices.framework/Versions/A/Frameworks/HIServices.framework/Versions/A/HIServices
0x00007fff2d19d000 	/System/Library/Frameworks/ApplicationServices.framework/Versions/A/Frameworks/LangAnalysis.framework/Versions/A/LangAnalysis
0x00007fff2be71000 	/System/Library/Frameworks/ApplicationServices.framework/Versions/A/Frameworks/PrintCore.framework/Versions/A/PrintCore
0x00007fff2d1c0000 	/System/Library/Frameworks/ApplicationServices.framework/Versions/A/Frameworks/QD.framework/Versions/A/QD
0x00007fff2ce96000 	/System/Library/Frameworks/ApplicationServices.framework/Versions/A/Frameworks/SpeechSynthesis.framework/Versions/A/SpeechSynthesis
0x00007fff2be32000 	/System/Library/Frameworks/ApplicationServices.framework/Versions/A/Frameworks/ATSUI.framework/Versions/A/ATSUI
0x00007fff2d13d000 	/usr/lib/libcups.2.dylib
0x00007fff2d1ad000 	/System/Library/PrivateFrameworks/NetAuth.framework/Versions/A/NetAuth
0x00007fff2d857000 	/System/Library/Frameworks/Kerberos.framework/Versions/A/Kerberos
0x00007fff2d867000 	/System/Library/Frameworks/GSS.framework/Versions/A/GSS
0x00007fff2cf12000 	/usr/lib/libresolv.9.dylib
0x00007fff2b7a6000 	/System/Library/PrivateFrameworks/Heimdal.framework/Versions/A/Heimdal
0x00007fff335eb000 	/System/Library/Frameworks/Kerberos.framework/Versions/A/Libraries/libHeimdalProxy.dylib
0x00007fff263b0000 	/System/Library/Frameworks/Network.framework/Versions/A/Network
0x00007fff2b1bf000 	/usr/lib/libheimdal-asn1.dylib
0x00007fff2d8b7000 	/System/Library/PrivateFrameworks/CommonAuth.framework/Versions/A/CommonAuth
0x00007fff27414000 	/System/Library/PrivateFrameworks/login.framework/Versions/A/Frameworks/loginsupport.framework/Versions/A/loginsupport
0x00007fff2ce1b000 	/System/Library/PrivateFrameworks/AudioSession.framework/Versions/A/AudioSession
0x00007fff2ce83000 	/usr/lib/libAudioStatistics.dylib
0x00007fff2b24c000 	/System/Library/PrivateFrameworks/MediaExperience.framework/Versions/A/MediaExperience
0x00007fff2ccb8000 	/System/Library/PrivateFrameworks/AudioSession.framework/libSessionUtility.dylib
0x00007fff2d848000 	/usr/lib/libperfcheck.dylib
0x00007fff2d1cc000 	/System/Library/PrivateFrameworks/AudioResourceArbitration.framework/Versions/A/AudioResourceArbitration
0x00007fff2b1c9000 	/System/Library/PrivateFrameworks/IconFoundation.framework/Versions/A/IconFoundation
0x00007fff2fcf5000 	/System/Library/PrivateFrameworks/SpeechRecognitionCore.framework/Versions/A/SpeechRecognitionCore
0x000000010f800000 	/Users/cadennewton/wpilib/2021/jdk/lib/server/libjvm.dylib
0x000000010d1c8000 	/Users/cadennewton/wpilib/2021/jdk/lib/libverify.dylib
0x000000010d1d9000 	/Users/cadennewton/wpilib/2021/jdk/lib/libjava.dylib
0x000000010d206000 	/Users/cadennewton/wpilib/2021/jdk/lib/libjimage.dylib
0x000000010d214000 	/Users/cadennewton/wpilib/2021/jdk/lib/libjdwp.dylib
0x000000010d299000 	/Users/cadennewton/wpilib/2021/jdk/lib/libzip.dylib
0x000000010d521000 	/Users/cadennewton/wpilib/2021/jdk/lib/libdt_socket.dylib
0x000000010d52b000 	/Users/cadennewton/wpilib/2021/jdk/lib/libnio.dylib
0x000000010d53e000 	/Users/cadennewton/wpilib/2021/jdk/lib/libnet.dylib
0x000000010d567000 	/Users/cadennewton/Documents/romi-examples-main 2/RomiExample/build/tmp/jniExtractDir/libwpiHaljni.dylib
0x000000010d5eb000 	/Users/cadennewton/Documents/romi-examples-main 2/RomiExample/build/tmp/jniExtractDir/libwpiHal.dylib
0x0000000112552000 	/Users/cadennewton/Documents/romi-examples-main 2/RomiExample/build/tmp/jniExtractDir/libwpiutil.dylib
0x00007fff3d35b000 	/System/Library/Frameworks/AVFoundation.framework/Versions/A/AVFoundation
0x00007fff37877000 	/System/Library/Frameworks/AVFoundation.framework/Versions/A/Frameworks/AVFAudio.framework/Versions/A/AVFAudio
0x00007fff3178b000 	/System/Library/PrivateFrameworks/AVFCore.framework/Versions/A/AVFCore
0x00007fff3795f000 	/System/Library/PrivateFrameworks/AVFCapture.framework/Versions/A/AVFCapture
0x00007fff2e3df000 	/System/Library/Frameworks/IOBluetooth.framework/Versions/A/IOBluetooth
0x00007fff29a6e000 	/System/Library/Frameworks/CoreWLAN.framework/Versions/A/CoreWLAN
0x00007fff3369e000 	/System/Library/Frameworks/AudioUnit.framework/Versions/A/AudioUnit
0x00007fff30b97000 	/System/Library/Frameworks/CoreBluetooth.framework/Versions/A/CoreBluetooth
0x00007fff32c77000 	/System/Library/PrivateFrameworks/CoreWiFi.framework/Versions/A/CoreWiFi
0x00007fff29b41000 	/System/Library/PrivateFrameworks/CoreUtils.framework/Versions/A/CoreUtils
0x00007fff29d41000 	/System/Library/PrivateFrameworks/MobileKeyBag.framework/Versions/A/MobileKeyBag
0x00007fff3c323000 	/System/Library/PrivateFrameworks/AirPlaySync.framework/Versions/A/AirPlaySync
0x00007fff2c06a000 	/System/Library/Frameworks/MediaToolbox.framework/Versions/A/MediaToolbox
0x00007fff2cff8000 	/System/Library/Frameworks/CoreMediaIO.framework/Versions/A/CoreMediaIO
0x00007fff311ad000 	/System/Library/PrivateFrameworks/CoreAVCHD.framework/Versions/A/CoreAVCHD
0x00007fff30361000 	/System/Library/Frameworks/MediaAccessibility.framework/Versions/A/MediaAccessibility
0x00007fff311a9000 	/System/Library/PrivateFrameworks/Mangrove.framework/Versions/A/Mangrove
0x00007fff3036d000 	/System/Library/PrivateFrameworks/AlgosScoreFramework.framework/Versions/A/AlgosScoreFramework
0x00007fff31b72000 	/System/Library/PrivateFrameworks/AppleVPA.framework/Versions/A/AppleVPA
0x00007fff30dee000 	/System/Library/PrivateFrameworks/CoreAUC.framework/Versions/A/CoreAUC
0x00007fff37a73000 	/System/Library/PrivateFrameworks/Quagga.framework/Versions/A/Quagga
0x00007fff37b08000 	/System/Library/PrivateFrameworks/CMCapture.framework/Versions/A/CMCapture
0x00007fff337b7000 	/System/Library/PrivateFrameworks/Espresso.framework/Versions/A/Espresso
0x00007fff34f71000 	/System/Library/PrivateFrameworks/AppleNeuralEngine.framework/Versions/A/AppleNeuralEngine
0x00007fff33fc5000 	/System/Library/PrivateFrameworks/ANEServices.framework/Versions/A/ANEServices
0x00007fff22ced000 	/usr/lib/libsandbox.1.dylib
0x00007fff2b0bd000 	/usr/lib/libMatch.1.dylib
0x00007fff32dca000 	/System/Library/PrivateFrameworks/BackBoardServices.framework/Versions/A/BackBoardServices
0x00007fff31919000 	/System/Library/PrivateFrameworks/FrontBoardServices.framework/Versions/A/FrontBoardServices
0x00007fff3198c000 	/System/Library/PrivateFrameworks/BoardServices.framework/Versions/A/BoardServices
0x0000000112762000 	/Users/cadennewton/Documents/romi-examples-main 2/RomiExample/build/tmp/expandedArchives/halsim_gui-2021.2.2-osxx86-64.zip_f5561bcd7c4301ba6b8af8f98515ed37/osx/x86-64/shared/libhalsim_gui.dylib
0x0000000112c62000 	/Users/cadennewton/Documents/romi-examples-main 2/RomiExample/build/tmp/jniExtractDir/libwpimath.dylib
0x000000010d6cf000 	/Users/cadennewton/Documents/romi-examples-main 2/RomiExample/build/tmp/jniExtractDir/libntcore.dylib
0x00007fff2e5d3000 	/System/Library/Frameworks/MetalKit.framework/Versions/A/MetalKit
0x00007fff22bb8000 	/System/Library/PrivateFrameworks/CoreServicesInternal.framework/Versions/A/CoreServicesInternal
0x00007fff311db000 	/System/Library/Frameworks/FileProvider.framework/Versions/A/FileProvider
0x00007fff261c7000 	/System/Library/Frameworks/Accounts.framework/Versions/A/Accounts
0x00007fff312fc000 	/System/Library/PrivateFrameworks/GenerationalStorage.framework/Versions/A/GenerationalStorage
0x00007fff31cbf000 	/System/Library/PrivateFrameworks/CoreSymbolication.framework/Versions/A/CoreSymbolication
0x00007fff30bfa000 	/System/Library/PrivateFrameworks/SymptomDiagnosticReporter.framework/Versions/A/SymptomDiagnosticReporter
0x00007fff2e500000 	/System/Library/PrivateFrameworks/AppContainer.framework/Versions/A/AppContainer
0x00007fff23d04000 	/System/Library/PrivateFrameworks/DesktopServicesPriv.framework/Versions/A/DesktopServicesPriv
0x00007fff27440000 	/System/Library/PrivateFrameworks/UserManagement.framework/Versions/A/UserManagement
0x00007fff34655000 	/System/Library/PrivateFrameworks/ChunkingLibrary.framework/Versions/A/ChunkingLibrary
0x00007fff31c82000 	/System/Library/PrivateFrameworks/DebugSymbols.framework/Versions/A/DebugSymbols
0x00007fff2e515000 	/System/Library/PrivateFrameworks/SecCodeWrapper.framework/Versions/A/SecCodeWrapper
0x00007fff2afa2000 	/System/Library/PrivateFrameworks/CrashReporterSupport.framework/Versions/A/CrashReporterSupport
0x00007fff483d9000 	/System/Library/PrivateFrameworks/OSAnalytics.framework/Versions/A/OSAnalytics
0x00007fff781e3000 	/usr/lib/libRosetta.dylib
0x00007fff33036000 	/System/Library/PrivateFrameworks/RemoteServiceDiscovery.framework/Versions/A/RemoteServiceDiscovery
0x00007fff523b0000 	/System/Library/PrivateFrameworks/Symbolication.framework/Versions/A/Symbolication
0x00007fff33046000 	/System/Library/PrivateFrameworks/RemoteXPC.framework/Versions/A/RemoteXPC
0x00007fff39551000 	/System/Library/PrivateFrameworks/OSAServicesClient.framework/Versions/A/OSAServicesClient
0x00007fff3de2f000 	/System/Library/PrivateFrameworks/MallocStackLogging.framework/Versions/A/MallocStackLogging
0x00007fff2e297000 	/System/Library/PrivateFrameworks/Sharing.framework/Versions/A/Sharing
0x00007fff32c13000 	/System/Library/PrivateFrameworks/Apple80211.framework/Versions/A/Apple80211
0x00007fff2a3c6000 	/System/Library/PrivateFrameworks/AuthKit.framework/Versions/A/AuthKit
0x00007fff2d93f000 	/System/Library/PrivateFrameworks/CorePhoneNumbers.framework/Versions/A/CorePhoneNumbers
0x00007fff30d02000 	/System/Library/PrivateFrameworks/DiskManagement.framework/Versions/A/DiskManagement
0x00007fff30c18000 	/System/Library/PrivateFrameworks/AppleIDAuthSupport.framework/Versions/A/AppleIDAuthSupport
0x00007fff2d91c000 	/System/Library/PrivateFrameworks/KeychainCircle.framework/Versions/A/KeychainCircle
0x00007fff30cce000 	/System/Library/PrivateFrameworks/MediaKit.framework/Versions/A/MediaKit
0x00007fff30c25000 	/System/Library/Frameworks/DiscRecording.framework/Versions/A/DiscRecording
0x00007fff2b0c5000 	/usr/lib/libCoreStorage.dylib
0x00007fff330b1000 	/usr/lib/libcsfde.dylib
0x00007fff2e519000 	/System/Library/PrivateFrameworks/ProtectedCloudStorage.framework/Versions/A/ProtectedCloudStorage
0x00007fff330a9000 	/System/Library/PrivateFrameworks/EFILogin.framework/Versions/A/EFILogin
0x0000000113713000 	/usr/lib/libobjc-trampolines.dylib
0x0000000113866000 	/System/Library/Extensions/IOHIDFamily.kext/Contents/PlugIns/IOHIDLib.plugin/Contents/MacOS/IOHIDLib
0x00007fff27142000 	/System/Library/PrivateFrameworks/ViewBridge.framework/Versions/A/ViewBridge
0x00007fff41a5c000 	/System/Library/Frameworks/Accelerate.framework/Versions/A/Frameworks/vImage.framework/Versions/A/Libraries/libCGInterfaces.dylib
0x00007fff2b867000 	/System/Library/PrivateFrameworks/login.framework/Versions/A/login
0x00007fff5eb8b000 	/System/Library/Extensions/AppleIntelKBLGraphicsMTLDriver.bundle/Contents/MacOS/AppleIntelKBLGraphicsMTLDriver
0x00007fff3de63000 	/System/Library/PrivateFrameworks/GPURawCounter.framework/Versions/A/GPURawCounter
0x0000000138903000 	/Users/cadennewton/Documents/romi-examples-main 2/RomiExample/build/tmp/expandedArchives/halsim_ds_socket-2021.2.2-osxx86-64.zip_481495b05ee77d5634c4cbd811983800/osx/x86-64/shared/libhalsim_ds_socket.dylib
0x0000000138937000 	/Users/cadennewton/Documents/romi-examples-main 2/RomiExample/build/tmp/expandedArchives/halsim_ws_client-2021.2.2-osxx86-64.zip_3528187fca2db7f083eed7e5dd69f68f/osx/x86-64/shared/libhalsim_ws_client.dylib
0x00000001389df000 	/Users/cadennewton/Documents/romi-examples-main 2/RomiExample/build/tmp/jniExtractDir/libcscorejni.dylib
0x0000000138a0f000 	/Users/cadennewton/Documents/romi-examples-main 2/RomiExample/build/tmp/jniExtractDir/libcscore.dylib
0x0000000138aab000 	/Users/cadennewton/Documents/romi-examples-main 2/RomiExample/build/tmp/jniExtractDir/libopencv_superres.3.4.dylib
0x0000000138ad7000 	/Users/cadennewton/Documents/romi-examples-main 2/RomiExample/build/tmp/jniExtractDir/libopencv_videostab.3.4.dylib
0x0000000138b2f000 	/Users/cadennewton/Documents/romi-examples-main 2/RomiExample/build/tmp/jniExtractDir/libopencv_videoio.3.4.dylib
0x0000000138b7f000 	/Users/cadennewton/Documents/romi-examples-main 2/RomiExample/build/tmp/jniExtractDir/libopencv_highgui.3.4.dylib
0x0000000138ba3000 	/Users/cadennewton/Documents/romi-examples-main 2/RomiExample/build/tmp/jniExtractDir/libopencv_objdetect.3.4.dylib
0x0000000138c1f000 	/Users/cadennewton/Documents/romi-examples-main 2/RomiExample/build/tmp/jniExtractDir/libopencv_imgcodecs.3.4.dylib
0x0000000138cff000 	/Users/cadennewton/Documents/romi-examples-main 2/RomiExample/build/tmp/jniExtractDir/libopencv_video.3.4.dylib
0x0000000138d67000 	/Users/cadennewton/Documents/romi-examples-main 2/RomiExample/build/tmp/jniExtractDir/libopencv_photo.3.4.dylib
0x0000000138e47000 	/Users/cadennewton/Documents/romi-examples-main 2/RomiExample/build/tmp/jniExtractDir/libopencv_shape.3.4.dylib
0x0000000138e8b000 	/Users/cadennewton/Documents/romi-examples-main 2/RomiExample/build/tmp/jniExtractDir/libopencv_imgproc.3.4.dylib
0x0000000139423000 	/Users/cadennewton/Documents/romi-examples-main 2/RomiExample/build/tmp/jniExtractDir/libopencv_flann.3.4.dylib
0x000000013949b000 	/Users/cadennewton/Documents/romi-examples-main 2/RomiExample/build/tmp/jniExtractDir/libopencv_features2d.3.4.dylib
0x000000013955b000 	/Users/cadennewton/Documents/romi-examples-main 2/RomiExample/build/tmp/jniExtractDir/libopencv_ml.3.4.dylib
0x0000000139637000 	/Users/cadennewton/Documents/romi-examples-main 2/RomiExample/build/tmp/jniExtractDir/libopencv_calib3d.3.4.dylib
0x000000013982b000 	/Users/cadennewton/Documents/romi-examples-main 2/RomiExample/build/tmp/jniExtractDir/libopencv_core.3.4.dylib
0x0000000139bdf000 	/Users/cadennewton/Documents/romi-examples-main 2/RomiExample/build/tmp/jniExtractDir/libopencv_stitching.3.4.dylib
0x0000000139ecf000 	/Users/cadennewton/Documents/romi-examples-main 2/RomiExample/build/tmp/jniExtractDir/libntcorejni.dylib
0x00007fff6a541000 	/System/Library/PrivateFrameworks/GPUCompiler.framework/Versions/31001/Libraries/libmetal_timestamp.dylib


VM Arguments:
jvm_args: -agentlib:jdwp=transport=dt_socket,server=n,suspend=y,address=localhost:62954 -Djava.library.path=/Users/cadennewton/Documents/romi-examples-main 2/RomiExample/build/tmp/jniExtractDir -Dfile.encoding=UTF-8 
java_command: frc.robot.Main
java_class_path (initial): /Users/cadennewton/Documents/romi-examples-main 2/RomiExample/bin/main:/Users/cadennewton/.gradle/caches/modules-2/files-2.1/edu.wpi.first.wpilibj/wpilibj-java/2021.2.2/1a8283edbaa8a7c0cad67a3461475577cd9b1e7a/wpilibj-java-2021.2.2.jar:/Users/cadennewton/.gradle/caches/modules-2/files-2.1/edu.wpi.first.wpimath/wpimath-java/2021.2.2/be756454231da288b7f2d96f8add3818c3000762/wpimath-java-2021.2.2.jar:/Users/cadennewton/.gradle/caches/modules-2/files-2.1/edu.wpi.first.ntcore/ntcore-java/2021.2.2/42f98b4ab54cb1e54d1f08db6461defffba3cdef/ntcore-java-2021.2.2.jar:/Users/cadennewton/.gradle/caches/modules-2/files-2.1/edu.wpi.first.wpiutil/wpiutil-java/2021.2.2/b537b2fd160e1ae3e85bc06baeaa696d66ead95b/wpiutil-java-2021.2.2.jar:/Users/cadennewton/wpilib/2021/maven/edu/wpi/first/thirdparty/frc2021/opencv/opencv-java/3.4.7-5/opencv-java-3.4.7-5.jar:/Users/cadennewton/.gradle/caches/modules-2/files-2.1/edu.wpi.first.cscore/cscore-java/2021.2.2/1f2c760c2d8dc9337ff6be9474f49df4acbf7900/cscore-java-2021.2.2.jar:/Users/cadennewton/.gradle/caches/modules-2/files-2.1/edu.wpi.first.cameraserver/cameraserver-java/2021.2.2/4e8470c203f41e8e4c187d80583acd89a82e85ab/cameraserver-java-2021.2.2.jar:/Users/cadennewton/.gradle/caches/modules-2/files-2.1/edu.wpi.first.hal/hal-java/2021.2.2/807d64f14e79ee8c27cdb0cdfbdb06c3581023ef/hal-java-2021.2.2.jar:/Users/cadennewton/wpilib/2021/maven/org/ejml/ejml-simple/0.38/ejml-simple-0.38.jar:/Users/cadennewton/wpilib/2021/maven/com/fasterxml/jackson/core/jackson-databind/2.10.0/jackson-databind-2.10.0.jar:/Users/cadennewton/wpilib/2021/maven/com/fasterxml/jackson/core/jackson-annotations/2.10.0/jackson-annotations-2.10.0.jar:/Users/cadennewton/wpilib/2021/maven/com/fasterxml/jackson/core/jackson-core/2.10.0/jackson-core-2.10.0.jar:/Users/cadennewton/.gradle/caches/modules-2/files-2.1/edu.wpi.first.wpilibNewCommands/wpilibNewCommands-java/2021.2.2/4ffa94167cf6c07336c9c8bcaff44dabe3ee492c/wpilibNewCommands-java-2021.2.2.jar:/U
Launcher Type: SUN_STANDARD

[Global flags]
     intx CICompilerCount                          = 3                                         {product} {ergonomic}
     uint ConcGCThreads                            = 1                                         {product} {ergonomic}
     uint G1ConcRefinementThreads                  = 4                                         {product} {ergonomic}
   size_t G1HeapRegionSize                         = 1048576                                   {product} {ergonomic}
    uintx GCDrainStackTargetSize                   = 64                                        {product} {ergonomic}
   size_t InitialHeapSize                          = 268435456                                 {product} {ergonomic}
   size_t MarkStackSize                            = 4194304                