#
# A fatal error has been detected by the Java Runtime Environment:
#
#  SIGSEGV (0xb) at pc=0x0000000112ebc018, pid=37216, tid=75267
#
# JRE version: OpenJDK Runtime Environment AdoptOpenJDK (11.0.8+10) (build 11.0.8+10)
# Java VM: OpenJDK 64-Bit Server VM AdoptOpenJDK (11.0.8+10, mixed mode, tiered, compressed oops, g1 gc, bsd-amd64)
# Problematic frame:
# C  [libwpiutil.dylib+0x86018]  uv_timer_start(uv_timer_s*, void (*)(uv_timer_s*), unsigned long long, unsigned long long)+0x38
#
# No core dump will be written. Core dumps have been disabled. To enable core dumping, try "ulimit -c unlimited" before starting Java again
#
# If you would like to submit a bug report, please visit:
#   https://github.com/AdoptOpenJDK/openjdk-support/issues
#

---------------  S U M M A R Y ------------

Command Line: -agentlib:jdwp=transport=dt_socket,server=n,suspend=y,address=localhost:64485 -Djava.library.path=/Users/cadennewton/Documents/romi-examples-main 2/RomiExample/build/tmp/jniExtractDir -Dfile.encoding=UTF-8 frc.robot.Main

Host: MacBookPro14,2 x86_64 3300 MHz, 4 cores, 16G, Darwin 20.3.0
Time: Sat Jun 19 15:04:38 2021 PDT elapsed time: 45 seconds (0d 0h 0m 45s)

---------------  T H R E A D  ---------------

Current thread is native thread

Stack: [0x000070000b2ad000,0x000070000b32d000],  sp=0x000070000b32ce30,  free space=511k
Native frames: (J=compiled Java code, A=aot compiled Java code, j=interpreted, Vv=VM code, C=native code)
C  [libwpiutil.dylib+0x86018]  uv_timer_start(uv_timer_s*, void (*)(uv_timer_s*), unsigned long long, unsigned long long)+0x38
C  [libwpiutil.dylib+0x5c512]  wpi::uv::Timer::Start(std::__1::chrono::duration<unsigned long long, std::__1::ratio<1l, 1000l> >, std::__1::chrono::duration<unsigned long long, std::__1::ratio<1l, 1000l> >)+0x22
C  [libwpiutil.dylib+0x50826]  std::__1::__function::__func<wpi::uv::ConnectReq::ConnectReq()::$_0, std::__1::allocator<wpi::uv::ConnectReq::ConnectReq()::$_0>, void (wpi::uv::Error)>::operator()(wpi::uv::Error&&)+0x36
C  [libwpiutil.dylib+0x48061]  wpi::uv::Tcp::Connect(sockaddr const&, std::__1::shared_ptr<wpi::uv::TcpConnectReq> const&)::$_1::__invoke(uv_connect_s*, int)+0x41
C  [libwpiutil.dylib+0x8edb3]  uv__stream_destroy(uv_stream_s*)+0x53
C  [libwpiutil.dylib+0x95ca9]  uv_run(uv_loop_s*, uv_run_mode)+0x259
C  [libwpiutil.dylib+0x51edd]  wpi::EventLoopRunner::Thread::Main()+0x2d
C  [libwpiutil.dylib+0x6ec4e]  void* std::__1::__thread_proxy<std::__1::tuple<std::__1::unique_ptr<std::__1::__thread_struct, std::__1::default_delete<std::__1::__thread_struct> >, wpi::detail::SafeThreadOwnerBase::Start(std::__1::shared_ptr<wpi::SafeThread>)::$_0> >(void*)+0x2e
C  [libsystem_pthread.dylib+0x6950]  _pthread_start+0xe0
C  [libsystem_pthread.dylib+0x247b]  thread_start+0xf


siginfo: si_signo: 11 (SIGSEGV), si_code: 0 (unknown), si_addr: 0x0000000000000000

Register to memory mapping:

RAX=
[error occurred during error reporting (printing register info), id 0xb, SIGSEGV (0xb) at pc=0x00000001106f575c]

Registers:
RAX=0x00007f9ff557ac18, RBX=0x00007f9ff57a2060, RCX=0x0000000000000000, RDX=0x00000000000003e8
RSP=0x000070000b32ce30, RBP=0x000070000b32ce70, RSI=0x0000000112e92d40, RDI=0x00007f9ff579c680
R8 =0x0000000000009ddd, R9 =0x0000000000000038, R10=0x300007f9ff57da92, R11=0x0000000000000000
R12=0x00000000000003e8, R13=0x00007f9ff579c680, R14=0x0000000000000000, R15=0x0000000112e92d40
RIP=0x0000000112ebc018, EFLAGS=0x0000000000010246, ERR=0x0000000000000000
  TRAPNO=0x000000000000000d

Top of Stack: (sp=0x000070000b32ce30)
0x000070000b32ce30:   0000000000000020 00007f9ff57a1e40
0x000070000b32ce40:   00007f9ff5700000 00007f9ff57a2060
0x000070000b32ce50:   000000000001275e 00007f9ff57512d0
0x000070000b32ce60:   00007f9ff68d24d0 00007f9ff68d2488
0x000070000b32ce70:   000070000b32ce90 0000000112e92512
0x000070000b32ce80:   00007f9ff557ac18 00007f9ff54c9dc0
0x000070000b32ce90:   000070000b32ceb0 0000000112e86826
0x000070000b32cea0:   000000010db7e000 00000000ffffffa7
0x000070000b32ceb0:   000070000b32ced0 0000000112e7e061
0x000070000b32cec0:   00007f9fffffffa7 00007f9ff5749270
0x000070000b32ced0:   000070000b32cef0 0000000112ec4db3
0x000070000b32cee0:   000000000000000c 00007f9ff5749270
0x000070000b32cef0:   000070000b32cf60 0000000112ecbca9
0x000070000b32cf00:   00007f9ff68d26d0 ffffffff00000000
0x000070000b32cf10:   0000000000000000 00007f9ff68d24d0
0x000070000b32cf20:   0000000000000000 0000000000000000
0x000070000b32cf30:   d1703befd4eb0000 00007f9ff68d2420
0x000070000b32cf40:   0000000000000000 0000000000000000
0x000070000b32cf50:   0000000000000000 00007f9ff5781d60
0x000070000b32cf60:   000070000b32cf80 0000000112e87edd
0x000070000b32cf70:   000070000b32d000 0000000000000000
0x000070000b32cf80:   000070000b32cfb0 0000000112ea4c4e
0x000070000b32cf90:   0000000000012603 000070000b32d000
0x000070000b32cfa0:   0000000000000000 0000000000000000
0x000070000b32cfb0:   000070000b32cfd0 00007fff20461950
0x000070000b32cfc0:   0000000000000000 0000000000000000
0x000070000b32cfd0:   000070000b32cff0 00007fff2045d47b
0x000070000b32cfe0:   0000000000000000 0000000000000000
0x000070000b32cff0:   0000000000000000 0000000000000000
0x000070000b32d000:   39570386b269cc85 0000000000000000
0x000070000b32d010:   000070000b3b0000 000070000b2aa010
0x000070000b32d020:   000070000ac11a00 0000000000000000 

Instructions: (pc=0x0000000112ebc018)
0x0000000112ebbf18:   8d 47 10 48 89 c1 66 90 48 8b 09 48 39 c1 74 0b
0x0000000112ebbf28:   f6 41 38 10 75 f2 e8 0d b0 01 00 48 89 df e8 b5
0x0000000112ebbf38:   18 01 00 48 8d 7b 08 ba 28 04 00 00 be ff 00 00
0x0000000112ebbf48:   00 e8 be da 01 00 48 39 1d 53 96 05 00 75 0b 48
0x0000000112ebbf58:   c7 05 46 96 05 00 00 00 00 00 49 39 de 74 19 e8
0x0000000112ebbf68:   96 d8 01 00 44 8b 30 48 89 df ff 15 38 93 05 00
0x0000000112ebbf78:   e8 85 d8 01 00 44 89 30 5b 41 5e 5d c3 66 2e 0f
0x0000000112ebbf88:   1f 84 00 00 00 00 00 90 55 48 89 e5 48 89 7e 08
0x0000000112ebbf98:   c7 46 10 0d 00 00 00 c7 46 58 08 00 00 00 48 8d
0x0000000112ebbfa8:   47 10 48 8d 4e 20 48 89 46 20 48 8b 47 18 48 89
0x0000000112ebbfb8:   46 28 48 89 08 48 89 4f 18 48 c7 46 50 00 00 00
0x0000000112ebbfc8:   00 48 c7 46 60 00 00 00 00 48 c7 86 88 00 00 00
0x0000000112ebbfd8:   00 00 00 00 31 c0 5d c3 55 48 89 e5 41 57 41 56
0x0000000112ebbfe8:   41 55 41 54 53 48 83 ec 18 48 85 f6 0f 84 fb 00
0x0000000112ebbff8:   00 00 49 89 ce 49 89 d4 49 89 f7 49 89 fd f6 47
0x0000000112ebc008:   58 04 74 08 4c 89 ef e8 7c 02 00 00 4d 8b 55 08
0x0000000112ebc018:   4d 03 a2 d0 02 00 00 49 c7 c3 ff ff ff ff 4d 0f
0x0000000112ebc028:   43 dc 4d 89 7d 60 4d 89 9d 80 00 00 00 4d 89 b5
0x0000000112ebc038:   88 00 00 00 49 8b 82 c8 02 00 00 48 8d 48 01 49
0x0000000112ebc048:   89 8a c8 02 00 00 49 89 85