#
# A fatal error has been detected by the Java Runtime Environment:
#
#  SIGSEGV (0xb) at pc=0x0000000000000000, pid=13949, tid=775
#
# JRE version: OpenJDK Runtime Environment AdoptOpenJDK (11.0.8+10) (build 11.0.8+10)
# Java VM: OpenJDK 64-Bit Server VM AdoptOpenJDK (11.0.8+10, mixed mode, tiered, compressed oops, g1 gc, bsd-amd64)
# Problematic frame:
# C  0x0000000000000000
#
# No core dump will be written. Core dumps have been disabled. To enable core dumping, try "ulimit -c unlimited" before starting Java again
#
# If you would like to submit a bug report, please visit:
#   https://github.com/AdoptOpenJDK/openjdk-support/issues
# The crash happened outside the Java Virtual Machine in native code.
# See problematic frame for where to report the bug.
#

---------------  S U M M A R Y ------------

Command Line: -agentlib:jdwp=transport=dt_socket,server=n,suspend=y,address=localhost:53412 -Djava.library.path=/Users/cadennewton/Documents/romi-examples-main 2/RomiExample/build/tmp/jniExtractDir -Dfile.encoding=UTF-8 frc.robot.Main

Host: MacBookPro14,2 x86_64 3300 MHz, 4 cores, 16G, Darwin 20.3.0
Time: Sun Aug 22 09:18:52 2021 PDT elapsed time: 11 seconds (0d 0h 0m 11s)

---------------  T H R E A D  ---------------

Current thread (0x00007fea8c80b800):  JavaThread "main" [_thread_in_native, id=775, stack(0x00007ffedf54a000,0x00007ffedfd4a000)]

Stack: [0x00007ffedf54a000,0x00007ffedfd4a000],  sp=0x00007ffedfd46638,  free space=8177k
Java frames: (J=compiled Java code, j=interpreted, Vv=VM code)
j  edu.wpi.first.hal.HAL.runMain()V+0
j  edu.wpi.first.wpilibj.RobotBase.startRobot(Ljava/util/function/Supplier;)V+64
j  frc.robot.Main.main([Ljava/lang/String;)V+5
v  ~StubRoutines::call_stub

siginfo: si_signo: 11 (SIGSEGV), si_code: 1 (SEGV_MAPERR), si_addr: 0x0000000000000000

Register to memory mapping:

RAX=0x0000000138b6ce50: _ZTVN5glass13WindowManagerE+0x10 in /Users/cadennewton/Documents/romi-examples-main 2/RomiExample/build/tmp/expandedArchives/halsim_gui-2021.2.2-osxx86-64.zip_f5561bcd7c4301ba6b8af8f98515ed37/osx/x86-64/shared/libhalsim_gui.dylib at 0x0000000138882000
RBX=0x0 is NULL
RCX=0x00007fea8c7612d0 points into unknown readable memory: a8 7a b6 38 01 00 00 00
RDX=0x00007ffedfd46654 is pointing into the stack for thread: 0x00007fea8c80b800
RSP=0x00007ffedfd46638 is pointing into the stack for thread: 0x00007fea8c80b800
RBP=0x00007ffedfd46670 is pointing into the stack for thread: 0x00007fea8c80b800
RSI=0x00007ffedfd4664c is pointing into the stack for thread: 0x00007fea8c80b800
RDI=0x0000000138b7c9d0: _ZN9halsimgui9HALSimGui11halProviderE+0 in /Users/cadennewton/Documents/romi-examples-main 2/RomiExample/build/tmp/expandedArchives/halsim_gui-2021.2.2-osxx86-64.zip_f5561bcd7c4301ba6b8af8f98515ed37/osx/x86-64/shared/libhalsim_gui.dylib at 0x0000000138882000
R8 =0x0 is NULL
R9 =0x00007fea8c6c6d40 points into unknown readable memory: 00 00 00 00 00 00 00 00
R10=0x0000000000000061 is an unknown value
R11=0x0000000000000003 is an unknown value
R12=0x00007fea8c5ede30 points into unknown readable memory: 6d 40 f9 88 ff ff 1d 02
R13=0x00007fea8c5ad050 points into unknown readable memory: 21 d7 fe 8b ff ff 1d 02
R14=0xaaaaaaaaaaaaaaab is an unknown value
R15=0x0000000000000020 is an unknown value


Registers:
RAX=0x0000000138b6ce50, RBX=0x0000000000000000, RCX=0x00007fea8c7612d0, RDX=0x00007ffedfd46654
RSP=0x00007ffedfd46638, RBP=0x00007ffedfd46670, RSI=0x00007ffedfd4664c, RDI=0x0000000138b7c9d0
R8 =0x0000000000000000, R9 =0x00007fea8c6c6d40, R10=0x0000000000000061, R11=0x0000000000000003
R12=0x00007fea8c5ede30, R13=0x00007fea8c5ad050, R14=0xaaaaaaaaaaaaaaab, R15=0x0000000000000020
RIP=0x0000000000000000, EFLAGS=0x0000000000010202, ERR=0x0000000000000014
  TRAPNO=0x000000000000000e

Top of Stack: (sp=0x00007ffedfd46638)
0x00007ffedfd46638:   00000001388e0618 00007ffedfd46670
0x00007ffedfd46648:   0000000238acbb83 0000000800000000
0x00007ffedfd46658:   00007fea8c5c8e00 00007fea8c78a8d0
0x00007ffedfd46668:   00007fff204dc9a0 00007ffedfd46730
0x00007ffedfd46678:   00000001388f3136 3fdcccccc0000000
0x00007ffedfd46688:   3fe19999a0000000 3fe3333340000000
0x00007ffedfd46698:   3ff0000000000000 3fdcccccc0000000
0x00007ffedfd466a8:   3fe19999a0000000 3fe3333340000000
0x00007ffedfd466b8:   3ff0000000000000 3fdcccccc0000000
0x00007ffedfd466c8:   3fe19999a0000000 3fe3333340000000
0x00007ffedfd466d8:   3ff0000000000000 0000000000000000
0x00007ffedfd466e8:   00007fea8d809150 00007fea8c5ede30
0x00007ffedfd466f8:   00007fea8c5ad050 0000053600000a00
0x00007ffedfd46708:   00000001369253e8 0000000000000000
0x00007ffedfd46718:   00000001369253e8 00007ffedfd467c0
0x00007ffedfd46728:   00007fea8c80b800 00007ffedfd46740
0x00007ffedfd46738:   00000001388e04ed 00007ffedfd46750
0x00007ffedfd46748:   00000001388a1749 00007ffedfd467a8
0x00007ffedfd46758:   00000001234b9c77 00007ffedfd46760
0x00007ffedfd46768:   00000001369253e8 00007ffedfd467c0
0x00007ffedfd46778:   0000000136927710 0000000000000000
0x00007ffedfd46788:   000000070fed2120 00000001369253e8
0x00007ffedfd46798:   0000000000000000 00007ffedfd467c8
0x00007ffedfd467a8:   00007ffedfd46810 00000001234b0c5c
0x00007ffedfd467b8:   000000070fed2120 00000001234b5378
0x00007ffedfd467c8:   00007ffedfd467c8 0000000136922468
0x00007ffedfd467d8:   00007ffedfd46838 0000000136922fb8
0x00007ffedfd467e8:   0000000000000000 000000070fe94618
0x00007ffedfd467f8:   0000000136922508 00007ffedfd467c8
0x00007ffedfd46808:   00007ffedfd46838 00007ffedfd46888
0x00007ffedfd46818:   00000001234b0c5c 0000000000000000
0x00007ffedfd46828:   0000000000000000 000000070fd33790 

Instructions: (pc=0x0000000000000000)
0xffffffffffffff00:   


Stack slot to memory mapping:
stack at sp + 0 slots: 0x00000001388e0618: _ZN3wpi3gui17CommonRenderFrameEv+0xf8 in /Users/cadennewton/Documents/romi-examples-main 2/RomiExample/build/tmp/expandedArchives/halsim_gui-2021.2.2-osxx86-64.zip_f5561bcd7c4301ba6b8af8f98515ed37/osx/x86-64/shared/libhalsim_gui.dylib at 0x0000000138882000
stack at sp + 1 slots: 0x00007ffedfd46670 is pointing into the stack for thread: 0x00007fea8c80b800
stack at sp + 2 slots: 0x0000000238acbb83 is an unknown value
stack at sp + 3 slots: 0x0000000800000000 is pointing into metadata
stack at sp + 4 slots: 0x00007fea8c5c8e00 points into unknown readable memory: f1 d4 fe 8b ff ff 1d 01
stack at sp + 5 slots: 0x00007fea8c78a8d0 points into unknown readable memory: 31 a6 25 89 ff ff 1d 03
stack at sp + 6 slots: 0x00007fff204dc9a0: objc_release+0 in /usr/lib/libobjc.A.dylib at 0x00007fff204d5000
stack at sp + 7 slots: 0x00007ffedfd46730 is pointing into the stack for thread: 0x00007fea8c80b800


---------------  P R O C E S S  ---------------

Threads class SMR info:
_java_thread_list=0x00007fea8c7fefc0, length=15, elements={
0x00007fea8c80b800, 0x00007fea8d890800, 0x00007fea8d050800, 0x00007fea8c836000,
0x00007fea8d892000, 0x00007fea8d894800, 0x00007fea8d054800, 0x00007fea8c826000,
0x00007fea8c826800, 0x00007fea8d053000, 0x00007fea8d0a6000, 0x00007fea8d1ac000,
0x00007fea8e12b000, 0x00007fea8d965800, 0x00007fea8cb30800
}

Java Threads: ( => current thread )
=>0x00007fea8c80b800 JavaThread "main" [_thread_in_native, id=775