#
# A fatal error has been detected by the Java Runtime Environment:
#
#  SIGSEGV (0xb) at pc=0x0000000113759018, pid=3422, tid=52995
#
# JRE version: OpenJDK Runtime Environment AdoptOpenJDK (11.0.8+10) (build 11.0.8+10)
# Java VM: OpenJDK 64-Bit Server VM AdoptOpenJDK (11.0.8+10, mixed mode, tiered, compressed oops, g1 gc, bsd-amd64)
# Problematic frame:
# C  [libwpiutil.dylib+0x86018]  uv_timer_start(uv_timer_s*, void (*)(uv_timer_s*), unsigned long long, unsigned long long)+0x38
#
# No core dump will be written. Core dumps have been disabled. To enable core dumping, try "ulimit -c unlimited" before starting Java again
#
# If you would like to submit a bug report, please visit:
#   https://github.com/AdoptOpenJDK/openjdk-support/issues
#

---------------  S U M M A R Y ------------

Command Line: -agentlib:jdwp=transport=dt_socket,server=n,suspend=y,address=localhost:52981 -Djava.library.path=/Users/cadennewton/Documents/romi-examples-main 2/RomiExample/build/tmp/jniExtractDir -Dfile.encoding=UTF-8 frc.robot.Main

Host: MacBookPro14,2 x86_64 3300 MHz, 4 cores, 16G, Darwin 20.3.0
Time: Thu Jul  8 10:48:19 2021 PDT elapsed time: 10 seconds (0d 0h 0m 10s)

---------------  T H R E A D  ---------------

Current thread is native thread

Stack: [0x0000700002055000,0x00007000020d5000],  sp=0x00007000020d4e30,  free space=511k
Native frames: (J=compiled Java code, A=aot compiled Java code, j=interpreted, Vv=VM code, C=native code)
C  [libwpiutil.dylib+0x86018]  uv_timer_start(uv_timer_s*, void (*)(uv_timer_s*), unsigned long long, unsigned long long)+0x38
C  [libwpiutil.dylib+0x5c512]  wpi::uv::Timer::Start(std::__1::chrono::duration<unsigned long long, std::__1::ratio<1l, 1000l> >, std::__1::chrono::duration<unsigned long long, std::__1::ratio<1l, 1000l> >)+0x22
C  [libwpiutil.dylib+0x50826]  std::__1::__function::__func<wpi::uv::ConnectReq::ConnectReq()::$_0, std::__1::allocator<wpi::uv::ConnectReq::ConnectReq()::$_0>, void (wpi::uv::Error)>::operator()(wpi::uv::Error&&)+0x36
C  [libwpiutil.dylib+0x48061]  wpi::uv::Tcp::Connect(sockaddr const&, std::__1::shared_ptr<wpi::uv::TcpConnectReq> const&)::$_1::__invoke(uv_connect_s*, int)+0x41
C  [libwpiutil.dylib+0x8edb3]  uv__stream_destroy(uv_stream_s*)+0x53
C  [libwpiutil.dylib+0x95ca9]  uv_run(uv_loop_s*, uv_run_mode)+0x259
C  [libwpiutil.dylib+0x51edd]  wpi::EventLoopRunner::Thread::Main()+0x2d
C  [libwpiutil.dylib+0x6ec4e]  void* std::__1::__thread_proxy<std::__1::tuple<std::__1::unique_ptr<std::__1::__thread_struct, std::__1::default_delete<std::__1::__thread_struct> >, wpi::detail::SafeThreadOwnerBase::Start(std::__1::shared_ptr<wpi::SafeThread>)::$_0> >(void*)+0x2e
C  [libsystem_pthread.dylib+0x6950]  _pthread_start+0xe0
C  [libsystem_pthread.dylib+0x247b]  thread_start+0xf


siginfo: si_signo: 11 (SIGSEGV), si_code: 0 (unknown), si_addr: 0x0000000000000000

Register to memory mapping:

RAX=
[error occurred during error reporting (printing register info), id 0xb, SIGSEGV (0xb) at pc=0x000000010cef575c]

Registers:
RAX=0x00007f9fa570b348, RBX=0x00007f9fa243d4e0, RCX=0x0000000000000000, RDX=0x00000000000003e8
RSP=0x00007000020d4e30, RBP=0x00007000020d4e70, RSI=0x000000011372fd40, RDI=0x00007f9fa243d6b0
R8 =0x000000000000391d, R9 =0x000000000000001f, R10=0x700007f9fa245e68, R11=0x00007f9fa2465540
R12=0x00000000000003e8, R13=0x00007f9fa243d6b0, R14=0x0000000000000000, R15=0x000000011372fd40
RIP=0x0000000113759018, EFLAGS=0x0000000000010246, ERR=0x0000000000000000
  TRAPNO=0x000000000000000d

Top of Stack: (sp=0x00007000020d4e30)
0x00007000020d4e30:   00007000020d4ea0 00007f9fa243d240
0x00007000020d4e40:   00007f9fa2400000 00007f9fa243d4e0
0x00007000020d4e50:   000000000001275e 00007f9fa2738720
0x00007000020d4e60:   00007f9fa28e30d0 00007f9fa28e3088
0x00007000020d4e70:   00007000020d4e90 000000011372f512
0x00007000020d4e80:   00007f9fa570b348 00007f9fa26538c0
0x00007000020d4e90:   00007000020d4eb0 0000000113723826
0x00007000020d4ea0:   000000010a460000 00000000ffffffa7
0x00007000020d4eb0:   00007000020d4ed0 000000011371b061
0x00007000020d4ec0:   00007f9fffffffa7 00007f9fa570b620
0x00007000020d4ed0:   00007000020d4ef0 0000000113761db3
0x00007000020d4ee0:   000000000000000c 00007f9fa570b620
0x00007000020d4ef0:   00007000020d4f60 0000000113768ca9
0x00007000020d4f00:   00007f9fa28e32d0 ffffffff00000000
0x00007000020d4f10:   0000000000000000 00007f9fa28e30d0
0x00007000020d4f20:   0000000000000000 0000000000000000
0x00007000020d4f30:   df756aa3375500a8 00007f9fa28e3020
0x00007000020d4f40:   0000000000000000 0000000000000000
0x00007000020d4f50:   0000000000000000 00007f9fa27ad460
0x00007000020d4f60:   00007000020d4f80 0000000113724edd
0x00007000020d4f70:   00007000020d5000 0000000000000000
0x00007000020d4f80:   00007000020d4fb0 0000000113741c4e
0x00007000020d4f90:   000000000000cf03 00007000020d5000
0x00007000020d4fa0:   0000000000000000 0000000000000000
0x00007000020d4fb0:   00007000020d4fd0 00007fff2063e950
0x00007000020d4fc0:   0000000000000000 0000000000000000
0x00007000020d4fd0:   00007000020d4ff0 00007fff2063a47b
0x00007000020d4fe0:   0000000000000000 0000000000000000
0x00007000020d4ff0:   0000000000000000 0000000000000000
0x00007000020d5000:   6739d3e2c396f5ab 0000000000000000
0x00007000020d5010:   0000700002158000 0000700002052010
0x00007000020d5020:   00007ffee57c15d0 0000000000000000 

Instructions: (pc=0x0000000113759018)
0x0000000113758f18:   8d 47 10 48 89 c1 66 90 48 8b 09 48 39 c1 74 0b
0x0000000113758f28:   f6 41 38 10 75 f2 e8 0d b0 01 00 48 89 df e8 b5
0x0000000113758f38:   18 01 00 48 8d 7b 08 ba 28 04 00 00 be ff 00 00
0x0000000113758f48:   00 e8 be da 01 00 48 39 1d 53 96 05 00 75 0b 48
0x0000000113758f58:   c7 05 46 96 05 00 00 00 00 00 49 39 de 74 19 e8
0x0000000113758f68:   96 d8 01 00 44 8b 30 48 89 df ff 15 38 93 05 00
0x0000000113758f78:   e8 85 d8 01 00 44 89 30 5b 41 5e 5d c3 66 2e 0f
0x0000000113758f88:   1f 84 00 00 00 00 00 90 55 48 89 e5 48 89 7e 08
0x0000000113758f98:   c7 46 10 0d 00 00 00 c7 46 58 08 00 00 00 48 8d
0x0000000113758fa8:   47 10 48 8d 4e 20 48 89 46 20 48 8b 47 18 48 89
0x0000000113758fb8:   46 28 48 89 08 48 89 4f 18 48 c7 46 50 00 00 00
0x0000000113758fc8:   00 48 c7 46 60 00 00 00 00 48 c7 86 88 00 00 00
0x0000000113758fd8:   00 00 00 00 31 c0 5d c3 55 48 89 e5 41 57 41 56
0x0000000113758fe8:   41 55 41 54 53 48 83 ec 18 48 85 f6 0f 84 fb 00
0x0000000113758ff8:   00 00 49 89 ce 49 89 d4 49 89 f7 49 89 fd f6 47
0x0000000113759008:   58 04 74 08 4c 89 ef e8 7c 02 00 00 4d 8b 55 08
0x0000000113759018:   4d 03 a2 d0 02 00 00 49 c7 c3 ff ff ff ff 4d 0f
0x0000000113759028:   43 dc 4d 89 7d 60 4d 89 9d 80 00 00 00 4d 89 b5
0x0000000113759038:   88 00 00 00 49 8b 82 c8 02 00 00 48 8d 48 01 49
0x0000000113759048:   89 8a c8 02 00 00 49 89 85 90 00 00 00 4d 8d 82
0x0000000113759058:   b8 02 00 00 4d 8d 75 68 49 c7 45 68 00 00 00 00
0x0000000113759068:   49 c7 45 70 00 00 00 00 49 c7 45 78 00 00 00 00
0x0000000113759078:   45 8b 8a c0 02 00 00 41 ff c1 41 83 f9 02 72 77
0x0000000113759088:   45 31 ff 44 89 ca 31 ff 44 89 c9 66 2e 0f 1f 84
0x0000000113759098:   00 00 00 00 00 0f 1f 00 45 89 fc 89 d0 83 e0 01
0x00000001137590a8:   8d 3c 78 45 8d 7c 24 01 d1 e9 83 fa 03 89 ca 77
0x00000001137590b8:   e7 41 f6 c7 03 74 48 44 89 f8 83 e0 03 31 c9 4c
0x00000001137590c8:   89 c3 66 0f 1f 44 00 00 48 89 da 48 8b 33 48 8d
0x00000001137590d8:   5e 08 40 f6 c7 01 48 0f 44 de d1 ef ff c1 39 c8
0x00000001137590e8:   75 e6 41 29 cf 41 83 fc 03 73 1d eb 71 b8 ea ff
0x00000001137590f8:   ff ff e9 73 01 00 00 4c 89 c2 4c 89 c3 eb 5f 4c
0x0000000113759108:   89 c3 41 83 fc 03 72 56 89 fe 66 2e 0f 1f 84 00 


Stack slot to memory mapping:
stack at sp + 0 slots: 
[error occurred during error reporting (inspecting top of stack), id 0xb, SIGSEGV (0xb) at pc=0x000000010cef575c]


---------------  P R O C E S S  ---------------

VM state:not at safepoint (normal execution)

VM Mutex/Monitor currently owned by a thread: None

Heap address: 0x0000000700000000, size: 4096 MB, Compressed Oops mode: Zero based, Oop shift amount: 3
Narrow klass base: 0x0000000800000000, Narrow klass shift: 0
Compressed class space size: 1073741824 Address: 0x0000000800000000

Heap:
 garbage-first heap   total 262144K, used 8192K [0x0000000700000000, 0x0000000800000000)
  region size 1024K, 9 young (9216K), 0 survivors (0K)
 Metaspace       used 8008K, capacity 8279K, committed 8320K, reserved 1056768K
  class space    used 774K, capacity 888K, committed 896K, reserved 1048576K
Heap Regions: E=young(eden), S=young(survivor), O=old, HS=humongous(starts), HC=humongous(continues), CS=collection set, F=free, A=archive, TAMS=top-at-mark-start (previous, next)
|   0|0x0000000700000000, 0x0000000700000000, 0x0000000700100000|  0%| F|  |TAMS 0x0000000700000000, 0x0000000700000000| Untracked 
|   1|0x0000000700100000, 0x0000000700100000, 0x0000000700200000|  0%| F|  |TAMS 0x0000000700100000, 0x0000000700100000| Untracked 
|   2|0x0000000700200000, 0x0000000700200000, 0x0000000700300000|  0%| F|  |TAMS 0x0000000700200000, 0x0000000700200000| Untracked 
|   3|0x0000000700300000, 0x0000000700300000, 0x0000000700400000|  0%| F|  |TAMS 0x0000000700300000, 0x0000000700300000| Untracked 
|   4|0x0000000700400000, 0x0000000700400000, 0x0000000700500000|  0%| F|  |TAMS 0x0000000700400000, 0x0000000700400000| Untracked 
|   5|0x0000000700500000, 0x0000000700500000, 0x0000000700600000|  0%| F|  |TAMS 0x0000000700500000, 0x0000000700500000| Untracked 
|   6|0x0000000700600000, 0x0000000700600000, 0x0000000700700000|  0%| F|  |TAMS 0x0000000700600000, 0x0000000700600000| Untracked 
|   7|0x0000000700700000, 0x0000000700700000, 0x0000000700800000|  0%| F|  |TAMS 0x0000000700700000, 0x0000000700700000| Untracked 
|   8|0x0000000700800000, 0x0000000700800000, 0x0000000700900000|  0%| F|  |TAMS 0x0000000700800000, 0x0000000700800000| Untracked 
|   9|0x0000000700900000, 0x0000000700900000, 0x0000000700a00000|  0%| F|  |TAMS 0x0000000700900000, 0x0000000700900000| Untracked 
|  10|0x0000000700a00000, 0x0000000700a00000, 0x0000000700b00000|  0%| F|  |TAMS 0x0000000700a00000, 0x0000000700a00000| Untracked 
|  11|0x0000000700b00000, 0x0000000700b00000, 0x0000000700c00000|  0%| F|  |TAMS 0x0000000700b00000, 0x0000000700b00000| Untracked 
|  12|0x0000000700c00000, 0x0000000700c00000, 0x0000000700d00000|  0%| F|  |TAMS 0x0000000700c00000, 0x0000000700c00000| Untracked 
|  13|0x0000000700d00000, 0x0000000700d00000, 0x0000000700e00000|  0%| F|  |TAMS 0x0000000700d00000, 0x0000000700d00000| Untracked 
|  14|0x0000000700e00000, 0x0000000700e00000, 0x0000000700f00000|  0%| F|  |TAMS 0x0000000700e00000, 0x0000000700e00000| Untracked 
|  15|0x0000000700f00000, 0x0000000700f00000, 0x0000000701000000|  0%| F|  |TAMS 0x0000000700f00000, 0x0000000700f00000| Untracked 
|  16|0x0000000701000000, 0x0000000701000000, 0x0000000701100000|  0%| F|  |TAMS 0x0000000701000000, 0x0000000701000000| Untracked 
|  17|0x0000000701100000, 0x0000000701100000, 0x0000000701200000|  0%| F|  |TAMS 0x0000000701100000, 0x0000000701100000| Untracked 
|  18|0x0000000701200000, 0x0000000701200000, 0x0000000701300000|  0%| F|  |TAMS 0x0000000701200000, 0x0000000701200000| Untracked 
|  19|0x0000000701300000, 0x0000000701300000, 0x0000000701400000|  0%| F|  |TAMS 0x0000000701300000, 0x0000000701300000| Untracked 
|  20|0x0000000701400000, 0x0000000701400000, 0x0000000701500000|  0%| F|  |TAMS 0x0000000701400000, 0x0000000701400000| Untracked 
|  21|0x0000000701500000, 0x0000000701500000, 0x0000000701600000|  0%| F|  |TAMS 0x0000000701500000, 0x0000000701500000| Untracked 
|  22|0x0000000701600000, 0x0000000701600000, 0x0000000701700000|  0%| F|  |TAMS 0x0000000701600000, 0x0000000701600000| Untracked 
|  23|0x0000000701700000, 0x0000000701700000, 0x0000000701800000|  0%| F|  |TAMS 0x0000000701700000, 0x0000000701700000| Untracked 
|  24|0x0000000701800000, 0x0000000701800000, 0x0000000701900000|  0%| F|  |TAMS 0x0000000701800000, 0x0000000701800000| Untracked 
|  25|0x0000000701900000, 0x0000000701900000, 0x0000000701a00000|  0%| F|  |TAMS 0x0000000701900000, 0x0000000701900000| Untracked 
|  26|0x0000000701a00000, 0x0000000701a00000, 0x0000000701b00000|  0%| F|  |TAMS 0x0000000701a00000, 0x0000000701a00000| Untracked 
|  27|0x0000000701b00000, 0x0000000701b00000, 0x0000000701c00000|  0%| F|  |TAMS 0x0000000701b00000, 0x0000000701b00000| Untracked 
|  28|0x0000000701c00000, 0x0000000701c00000, 0x0000000701d00000|  0%| F|  |TAMS 0x0000000701c00000, 0x0000000701c00000| Untracked 
|  29|0x0000000701d00000, 0x0000000701d00000, 0x0000000701e00000|  0%| F|  |TAMS 0x0000000701d00000, 0x0000000701d00000| Untracked 
|  30|0x0000000701e00000, 0x0000000701e00000, 0x0000000701f00000|  0%| F|  |TAMS 0x0000000701e00000, 0x0000000701e00000| Untracked 
|  31|0x0000000701f00000, 0x0000000701f00000, 0x0000000702000000|  0%| F|  |TAMS 0x0000000701f00000, 0x0000000701f00000| Untracked 
|  32|0x0000000702000000, 0x0000000702000000, 0x0000000702100000|  0%| F|  |TAMS 0x0000000702000000, 0x0000000702000000| Untracked 
|  33|0x0000000702100000, 0x0000000702100000, 0x0000000702200000|  0%| F|  |TAMS 0x0000000702100000, 0x0000000702100000| Untracked 
|  34|0x0000000702200000, 0x0000000702200000, 0x0000000702300000|  0%| F|  |TAMS 0x0000000702200000, 0x0000000702200000| Untracked 
|  35|0x0000000702300000, 0x0000000702300000, 0x0000000702400000|  0%| F|  |TAMS 0x0000000702300000, 0x0000000702300000| Untracked 
|  36|0x0000000702400000, 0x0000000702400000, 0x0000000702500000|  0%| F|  |TAMS 0x0000000702400000, 0x0000000702400000| Untracked 
|  37|0x0000000702500000, 0x0000000702500000, 0x0000000702600000|  0%| F|  |TAMS 0x0000000702500000, 0x0000000702500000| Untracked 
|  38|0x0000000702600000, 0x0000000702600000, 0x0000000702700000|  0%| F|  |TAMS 0x0000000702600000, 0x0000000702600000| Untracked 
|  39|0x0000000702700000, 0x0000000702700000, 0x0000000702800000|  0%| F|  |TAMS 0x0000000702700000, 0x0000000702700000| Untracked 
|  40|0x0000000702800000, 0x0000000702800000, 0x0000000702900000|  0%| F|  |TAMS 0x0000000702800000, 0x0000000702800000| Untracked 
|  41|0x0000000702900000, 0x0000000702900000, 0x0000000702a00000|  0%| F|  |TAMS 0x0000000702900000, 0x0000000702900000| Untracked 
|  42|0x0000000702a00000, 0x0000000702a00000, 0x0000000702b00000|  0%| F|  |TAMS 0x0000000702a00000, 0x0000000702a00000| Untracked 
|  43|0x0000000702b00000, 0x0000000702b00000, 0x0000000702c00000|  0%| F|  |TAMS 0x0000000702b00000, 0x0000000702b00000| Untracked 
|  44|0x0000000702c00000, 0x0000000702c00000, 0x0000000702d00000|  0%| F|  |TAMS 0x0000000702c00000, 0x0000000702c00000| Untracked 
|  45|0x0000000702d00000, 0x0000000702d00000, 0x0000000702e00000|  0%| F|  |TAMS 0x0000000702d00000, 0x0000000702d00000| Untracked 
|  46|0x0000000702e00000, 0x0000000702e00000, 0x0000000702f00000|  0%| F|  |TAMS 0x0000000702e00000, 0x0000000702e00000| Untracked 
|  47|0x0000000702f00000, 0x0000000702f00000, 0x0000000703000000|  0%| F|  |TAMS 0x0000000702f00000, 0x0000000702f00000| Untracked 
|  48|0x0000000703000000, 0x0000000703000000, 0x0000000703100000|  0%| F|  |TAMS 0x0000000703000000, 0x0000000703000000| Untracked 
|  49|0x0000000703100000, 0x0000000703100000, 0x0000000703200000|  0%| F|  |TAMS 0x0000000703100000, 0x0000000703100000| Untracked 
|  50|0x0000000703200000, 0x0000000703200000, 0x0000000703300000|  0%| F|  |TAMS 0x0000000703200000, 0x0000000703200000| Untracked 
|  51|0x0000000703300000, 0x0000000703300000, 0x0000000703400000|  0%| F|  |TAMS 0x0000000703300000, 0x0000000703300000| Untracked 
|  52|0x0000000703400000, 0x0000000703400000, 0x0000000703500000|  0%| F|  |TAMS 0x0000000703400000, 0x0000000703400000| Untracked 
|  53|0x0000000703500000, 0x0000000703500000, 0x0000000703600000|  0%| F|  |TAMS 0x0000000703500000, 0x0000000703500000| Untracked 
|  54|0x0000000703600000, 0x0000000703600000, 0x0000000703700000|  0%| F|  |TAMS 0x0000000703600000, 0x0000000703600000| Untracked 
|  55|0x0000000703700000, 0x0000000703700000, 0x0000000703800000|  0%| F|  |TAMS 0x0000000703700000, 0x0000000703700000| Untracked 
|  56|0x0000000703800000, 0x0000000703800000, 0x0000000703900000|  0%| F|  |TAMS 0x0000000703800000, 0x0000000703800000| Untracked 
|  57|0x0000000703900000, 0x0000000703900000, 0x0000000703a00000|  0%| F|  |TAMS 0x0000000703900000, 0x0000000703900000| Untracked 
|  58|0x0000000703a00000, 0x0000000703a00000, 0x0000000703b00000|  0%| F|  |TAMS 0x0000000703a00000, 0x0000000703a00000| Untracked 
|  59|0x0000000703b00000, 0x0000000703b00000, 0x0000000703c00000|  0%| F|  |TAMS 0x0000000703b00000, 0x0000000703b00000| Untracked 
|  60|0x0000000703c00000, 0x0000000703c00000, 0x0000000703d00000|  0%| F|  |TAMS 0x0000000703c00000, 0x0000000703c00000| Untracked 
|  61|0x0000000703d00000, 0x0000000703d00000, 0x0000000703e00000|  0%| F|  |TAMS 0x0000000703d00000, 0x0000000703d00000| Untracked 
|  62|0x0000000703e00000, 0x0000000703e00000, 0x0000000703f00000|  0%| F|  |TAMS 0x0000000703e00000, 0x0000000703e00000| Untracked 
|  63|0x0000000703f00000, 0x0000000703f00000, 0x0000000704000000|  0%| F|  |TAMS 0x0000000703f00000, 0x0000000703f00000| Untracked 
|  64|0x0000000704000000, 0x0000000704000000, 0x0000000704100000|  0%| F|  |TAMS 0x0000000704000000, 0x0000000704000000| Untracked 
|  65|0x0000000704100000, 0x0000000704100000, 0x0000000704200000|  0%| F|  |TAMS 0x0000000704100000, 0x0000000704100000| Untracked 
|  66|0x0000000704200000, 0x0000000704200000, 0x0000000704300000|  0%| F|  |TAMS 0x0000000704200000, 0x0000000704200000| Untracked 
|  67|0x0000000704300000, 0x0000000704300000, 0x0000000704400000|  0%| F|  |TAMS 0x0000000704300000, 0x0000000704300000| Untracked 
|  68|0x0000000704400000, 0x0000000704400000, 0x0000000704500000|  0%| F|  |TAMS 0x0000000704400000, 0x0000000704400000| Untracked 
|  69|0x0000000704500000, 0x0000000704500000, 0x0000000704600000|  0%| F|  |TAMS 0x0000000704500000, 0x0000000704500000| Untracked 
|  70|0x0000000704600000, 0x0000000704600000, 0x0000000704700000|  0%| F|  |TAMS 0x0000000704600000, 0x0000000704600000| Untracked 
|  71|0x0000000704700000, 0x0000000704700000, 0x0000000704800000|  0%| F|  |TAMS 0x0000000704700000, 0x0000000704700000| Untracked 
|  72|0x0000000704800000, 0x0000000704800000, 0x0000000704900000|  0%| F|  |TAMS 0x0000000704800000, 0x0000000704800000| Untracked 
|  73|0x0000000704900000, 0x0000000704900000, 0x0000000704a00000|  0%| F|  |TAMS 0x0000000704900000, 0x0000000704900000| Untracked 
|  74|0x0000000704a00000, 0x0000000704a00000, 0x0000000704b00000|  0%| F|  |TAMS 0x0000000704a00000, 0x0000000704a00000| Untracked 
|  75|0x0000000704b00000, 0x0000000704b00000, 0x0000000704c00000|  0%| F|  |TAMS 0x0000000704b00000, 0x0000000704b00000| Untracked 
|  76|0x0000000704c00000, 0x0000000704c00000, 0x0000000704d00000|  0%| F|  |TAMS 0x0000000704c00000, 0x0000000704c00000| Untracked 
|  77|0x0000000704d00000, 0x0000000704d00000, 0x0000000704e00000|  0%| F|  |TAMS 0x0000000704d00000, 0x0000000704d00000| Untracked 
|  78|0x0000000704e00000, 0x0000000704e00000, 0x0000000704f00000|  0%| F|  |TAMS 0x0000000704e00000, 0x0000000704e00000| Untracked 
|  79|0x0000000704f00000, 0x0000000704f00000, 0x0000000705000000|  0%| F|  |TAMS 0x0000000704f00000, 0x0000000704f00000| Untracked 
|  80|0x0000000705000000, 0x0000000705000000, 0x0000000705100000|  0%| F|  |TAMS 0x0000000705000000, 0x0000000705000000| Untracked 
|  81|0x0000000705100000, 0x0000000705100000, 0x0000000705200000|  0%| F|  |TAMS 0x0000000705100000, 0x0000000705100000| Untracked 
|  82|0x0000000705200000, 0x0000000705200000, 0x0000000705300000|  0%| F|  |TAMS 0x0000000705200000, 0x0000000705200000| Untracked 
|  83|0x0000000705300000, 0x0000000705300000, 0x0000000705400000|  0%| F|  |TAMS 0x0000000705300000, 0x0000000705300000| Untracked 
|  84|0x0000000705400000, 0x0000000705400000, 0x0000000705500000|  0%| F|  |TAMS 0x0000000705400000, 0x0000000705400000| Untracked 
|  85|0x0000000705500000, 0x0000000705500000, 0x0000000705600000|  0%| F|  |TAMS 0x0000000705500000, 0x0000000705500000| Untracked 
|  86|0x0000000705600000, 0x0000000705600000, 0x0000000705700000|  0%| F|  |TAMS 0x0000000705600000, 0x0000000705600000| Untracked 
|  87|0x0000000705700000, 0x0000000705700000, 0x0000000705800000|  0%| F|  |TAMS 0x0000000705700000, 0x0000000705700000| Untracked 
|  88|0x0000000705800000, 0x0000000705800000, 0x0000000705900000|  0%| F|  |TAMS 0x0000000705800000, 0x0000000705800000| Untracked 
|  89|0x0000000705900000, 0x0000000705900000, 0x0000000705a00000|  0%| F|  |TAMS 0x0000000705900000, 0x0000000705900000| Untracked 
|  90|0x0000000705a00000, 0x0000000705a00000, 0x0000000705b00000|  0%| F|  |TAMS 0x0000000705a00000, 0x0000000705a00000| Untracked 
|  91|0x0000000705b00000, 0x0000000705b00000, 0x0000000705c00000|  0%| F|  |TAMS 0x0000000705b00000, 0x0000000705b00000| Untracked 
|  92|0x0000000705c00000, 0x0000000705c00000, 0x0000000705d00000|  0%| F|  |TAMS 0x0000000705c00000, 0x0000000705c00000| Untracked 
|  93|0x0000000705d00000, 0x0000000705d00000, 0x0000000705e00000|  0%| F|  |TAMS 0x0000000705d00000, 0x0000000705d00000| Untracked 
|  94|0x0000000705e00000, 0x0000000705e00000, 0x0000000705f00000|  0%| F|  |TAMS 0x0000000705e00000, 0x0000000705e00000| Untracked 
|  95|0x0000000705f00000, 0x0000000705f00000, 0x0000000706000000|  0%| F|  |TAMS 0x0000000705f00000, 0x0000000705f00000| Untracked 
|  96|0x0000000706000000, 0x0000000706000000, 0x0000000706100000|  0%| F|  |TAMS 0x0000000706000000, 0x0000000706000000| Untracked 
|  97|0x0000000706100000, 0x0000000706100000, 0x0000000706200000|  0%| F|  |TAMS 0x0000000706100000, 0x0000000706100000| Untracked 
|  98|0x0000000706200000, 0x0000000706200000, 0x0000000706300000|  0%| F|  |TAMS 0x0000000706200000, 0x0000000706200000| Untracked 
|  99|0x0000000706300000, 0x0000000706300000, 0x0000000706400000|  0%| F|  |TAMS 0x0000000706300000, 0x0000000706300000| Untracked 
| 100|0x0000000706400000, 0x0000000706400000, 0x0000000706500000|  0%| F|  |TAMS 0x0000000706400000, 0x0000000706400000| Untracked 
| 101|0x0000000706500000, 0x0000000706500000, 0x0000000706600000|  0%| F|  |TAMS 0x0000000706500000, 0x0000000706500000| Untracked 
| 102|0x0000000706600000, 0x0000000706600000, 0x0000000706700000|  0%| F|  |TAMS 0x0000000706600000, 0x0000000706600000| Untracked 
| 103|0x0000000706700000, 0x0000000706700000, 0x0000000706800000|  0%| F|  |TAMS 0x0000000706700000, 0x0000000706700000| Untracked 
| 104|0x0000000706800000, 0x0000000706800000, 0x0000000706900000|  0%| F|  |TAMS 0x0000000706800000, 0x0000000706800000| Untracked 
| 105|0x0000000706900000, 0x0000000706900000, 0x0000000706a00000|  0%| F|  |TAMS 0x0000000706900000, 0x0000000706900000| Untracked 
| 106|0x0000000706a00000, 0x0000000706a00000, 0x0000000706b00000|  0%| F|  |TAMS 0x0000000706a00000, 0x0000000706a00000| Untracked 
| 107|0x0000000706b00000, 0x0000000706b00000, 0x0000000706c00000|  0%| F|  |TAMS 0x0000000706b00000, 0x0000000706b00000| Untracked 
| 108|0x0000000706c00000, 0x0000000706c00000, 0x0000000706d00000|  0%| F|  |TAMS 0x0000000706c00000, 0x0000000706c00000| Untracked 
| 109|0x0000000706d00000, 0x0000000706d00000, 0x0000000706e00000|  0%| F|  |TAMS 0x0000000706d00000, 0x0000000706d00000| Untracked 
| 110|0x0000000706e00000, 0x0000000706e00000, 0x0000000706f00000|  0%| F|  |TAMS 0x0000000706e00000, 0x0000000706e00000| Untracked 
| 111|0x0000000706f00000, 0x0000000706f00000, 0x0000000707000000|  0%| F|  |TAMS 0x0000000706f00000, 0x0000000706f00000| Untracked 
| 112|0x0000000707000000, 0x0000000707000000, 0x0000000707100000|  0%| F|  |TAMS 0x0000000707000000, 0x0000000707000000| Untracked 
| 113|0x0000000707100000, 0x0000000707100000, 0x0000000707200000|  0%| F|  |TAMS 0x0000000707100000, 0x0000000707100000| Untracked 
| 114|0x0000000707200000, 0x0000000707200000, 0x0000000707300000|  0%| F|  |TAMS 0x0000000707200000, 0x0000000707200000| Untracked 
| 115|0x0000000707300000, 0x0000000707300000, 0x0000000707400000|  0%| F|  |TAMS 0x0000000707300000, 0x0000000707300000| Untracked 
| 116|0x0000000707400000, 0x0000000707400000, 0x0000000707500000|  0%| F|  |TAMS 0x0000000707400000, 0x0000000707400000| Untracked 
| 117|0x0000000707500000, 0x0000000707500000, 0x0000000707600000|  0%| F|  |TAMS 0x0000000707500000, 0x0000000707500000| Untracked 
| 118|0x0000000707600000, 0x0000000707600000, 0x0000000707700000|  0%| F|  |TAMS 0x0000000707600000, 0x0000000707600000| Untracked 
| 119|0x0000000707700000, 0x0000000707700000, 0x0000000707800000|  0%| F|  |TAMS 0x0000000707700000, 0x0000000707700000| Untracked 
| 120|0x0000000707800000, 0x0000000707800000, 0x0000000707900000|  0%| F|  |TAMS 0x0000000707800000, 0x0000000707800000| Untracked 
| 121|0x0000000707900000, 0x0000000707900000, 0x0000000707a00000|  0%| F|  |TAMS 0x0000000707900000, 0x0000000707900000| Untracked 
| 122|0x0000000707a00000, 0x0000000707a00000, 0x0000000707b00000|  0%| F|  |TAMS 0x0000000707a00000, 0x0000000707a00000| Untracked 
| 123|0x0000000707b00000, 0x0000000707b00000, 0x0000000707c00000|  0%| F|  |TAMS 0x0000000707b00000, 0x0000000707b00000| Untracked 
| 124|0x0000000707c00000, 0x0000000707c00000, 0x0000000707d00000|  0%| F|  |TAMS 0x0000000707c00000, 0x0000000707c00000| Untracked 
| 125|0x0000000707d00000, 0x0000000707d00000, 0x0000000707e00000|  0%| F|  |TAMS 0x0000000707d00000, 0x0000000707d00000| Untracked 
| 126|0x0000000707e00000, 0x0000000707e00000, 0x0000000707f00000|  0%| F|  |TAMS 0x0000000707e00000, 0x0000000707e00000| Untracked 
| 127|0x0000000707f00000, 0x0000000707f00000, 0x0000000708000000|  0%| F|  |TAMS 0x0000000707f00000, 0x0000000707f00000| Untracked 
| 128|0x0000000708000000, 0x0000000708000000, 0x0000000708100000|  0%| F|  |TAMS 0x0000000708000000, 0x0000000708000000| Untracked 
| 129|0x0000000708100000, 0x0000000708100000, 0x0000000708200000|  0%| F|  |TAMS 0x0000000708100000, 0x0000000708100000| Untracked 
| 130|0x0000000708200000, 0x0000000708200000, 0x0000000708300000|  0%| F|  |TAMS 0x0000000708200000, 0x0000000708200000| Untracked 
| 131|0x0000000708300000, 0x0000000708300000, 0x0000000708400000|  0%| F|  |TAMS 0x0000000708300000, 0x0000000708300000| Untracked 
| 132|0x0000000708400000, 0x0000000708400000, 0x0000000708500000|  0%| F|  |TAMS 0x0000000708400000, 0x0000000708400000| Untracked 
| 133|0x0000000708500000, 0x0000000708500000, 0x0000000708600000|  0%| F|  |TAMS 0x0000000708500000, 0x0000000708500000| Untracked 
| 134|0x0000000708600000, 0x0000000708600000, 0x0000000708700000|  0%| F|  |TAMS 0x0000000708600000, 0x0000000708600000| Untracked 
| 135|0x0000000708700000, 0x0000000708700000, 0x0000000708800000|  0%| F|  |TAMS 0x0000000708700000, 0x0000000708700000| Untracked 
| 136|0x0000000708800000, 0x0000000708800000, 0x0000000708900000|  0%| F|  |TAMS 0x0000000708800000, 0x0000000708800000| Untracked 
| 137|0x0000000708900000, 0x0000000708900000, 0x0000000708a00000|  0%| F|  |TAMS 0x0000000708900000, 0x0000000708900000| Untracked 
| 138|0x0000000708a00000, 0x0000000708a00000, 0x0000000708b00000|  0%| F|  |TAMS 0x0000000708a00000, 0x0000000708a00000| Untracked 
| 139|0x0000000708b00000, 0x0000000708b00000, 0x0000000708c00000|  0%| F|  |TAMS 0x0000000708b00000, 0x0000000708b00000| Untracked 
| 140|0x0000000708c00000, 0x0000000708c00000, 0x0000000708d00000|  0%| F|  |TAMS 0x0000000708c00000, 0x0000000708c00000| Untracked 
| 141|0x0000000708d00000, 0x0000000708d00000, 0x0000000708e00000|  0%| F|  |TAMS 0x0000000708d00000, 0x0000000708d00000| Untracked 
| 142|0x0000000708e00000, 0x0000000708e00000, 0x0000000708f00000|  0%| F|  |TAMS 0x0000000708e00000, 0x0000000708e00000| Untracked 
| 143|0x0000000708f00000, 0x0000000708f00000, 0x0000000709000000|  0%| F|  |TAMS 0x0000000708f00000, 0x0000000708f00000| Untracked 
| 144|0x0000000709000000, 0x0000000709000000, 0x0000000709100000|  0%| F|  |TAMS 0x0000000709000000, 0x0000000709000000| Untracked 
| 145|0x0000000709100000, 0x0000000709100000, 0x0000000709200000|  0%| F|  |TAMS 0x0000000709100000, 0x0000000709100000| Untracked 
| 146|0x0000000709200000, 0x0000000709200000, 0x0000000709300000|  0%| F|  |TAMS 0x0000000709200000, 0x0000000709200000| Untracked 
| 147|0x0000000709300000, 0x0000000709300000, 0x0000000709400000|  0%| F|  |TAMS 0x0000000709300000, 0x0000000709300000| Untracked 
| 148|0x0000000709400000, 0x0000000709400000, 0x0000000709500000|  0%| F|  |TAMS 0x0000000709400000, 0x0000000709400000| Untracked 
| 149|0x0000000709500000, 0x0000000709500000, 0x0000000709600000|  0%| F|  |TAMS 0x0000000709500000, 0x0000000709500000| Untracked 
| 150|0x0000000709600000, 0x0000000709600000, 0x0000000709700000|  0%| F|  |TAMS 0x0000000709600000, 0x0000000709600000| Untracked 
| 151|0x0000000709700000, 0x0000000709700000, 0x0000000709800000|  0%| F|  |TAMS 0x0000000709700000, 0x0000000709700000| Untracked 
| 152|0x0000000709800000, 0x0000000709800000, 0x0000000709900000|  0%| F|  |TAMS 0x0000000709800000, 0x0000000709800000| Untracked 
| 153|0x0000000709900000, 0x0000000709900000, 0x0000000709a00000|  0%| F|  |TAMS 0x0000000709900000, 0x0000000709900000| Untracked 
| 154|0x0000000709a00000, 0x0000000709a00000, 0x0000000709b00000|  0%| F|  |TAMS 0x0000000709a00000, 0x0000000709a00000| Untracked 
| 155|0x0000000709b00000, 0x0000000709b00000, 0x0000000709c00000|  0%| F|  |TAMS 0x0000000709b00000, 0x0000000709b00000| Untracked 
| 156|0x0000000709c00000, 0x0000000709c00000, 0x0000000709d00000|  0%| F|  |TAMS 0x0000000709c00000, 0x0000000709c00000| Untracked 
| 157|0x0000000709d00000, 0x0000000709d00000, 0x0000000709e00000|  0%| F|  |TAMS 0x0000000709d00000, 0x0000000709d00000| Untracked 
| 158|0x0000000709e00000, 0x0000000709e00000, 0x0000000709f00000|  0%| F|  |TAMS 0x0000000709e00000, 0x0000000709e00000| Untracked 
| 159|0x0000000709f00000, 0x0000000709f00000, 0x000000070a000000|  0%| F|  |TAMS 0x0000000709f00000, 0x0000000709f00000| Untracked 
| 160|0x000000070a000000, 0x000000070a000000, 0x000000070a100000|  0%| F|  |TAMS 0x000000070a000000, 0x000000070a000000| Untracked 
| 161|0x000000070a100000, 0x000000070a100000, 0x000000070a200000|  0%| F|  |TAMS 0x000000070a100000, 0x000000070a100000| Untracked 
| 162|0x000000070a200000, 0x000000070a200000, 0x000000070a300000|  0%| F|  |TAMS 0x000000070a200000, 0x000000070a200000| Untracked 
| 163|0x000000070a300000, 0x000000070a300000, 0x000000070a400000|  0%| F|  |TAMS 0x000000070a300000, 0x000000070a300000| Untracked 
| 164|0x000000070a400000, 0x000000070a400000, 0x000000070a500000|  0%| F|  |TAMS 0x000000070a400000, 0x000000070a400000| Untracked 
| 165|0x000000070a500000, 0x000000070a500000, 0x000000070a600000|  0%| F|  |TAMS 0x000000070a500000, 0x000000070a500000| Untracked 
| 166|0x000000070a600000, 0x000000070a600000, 0x000000070a700000|  0%| F|  |TAMS 0x000000070a600000, 0x000000070a600000| Untracked 
| 167|0x000000070a700000, 0x000000070a700000, 0x000000070a800000|  0%| F|  |TAMS 0x000000070a700000, 0x000000070a700000| Untracked 
| 168|0x000000070a800000, 0x000000070a800000, 0x000000070a900000|  0%| F|  |TAMS 0x000000070a800000, 0x000000070a800000| Untracked 
| 169|0x000000070a900000, 0x000000070a900000, 0x000000070aa00000|  0%| F|  |TAMS 0x000000070a900000, 0x000000070a900000| Untracked 
| 170|0x000000070aa00000, 0x000000070aa00000, 0x000000070ab00000|  0%| F|  |TAMS 0x000000070aa00000, 0x000000070aa00000| Untracked 
| 171|0x000000070ab00000, 0x000000070ab00000, 0x000000070ac00000|  0%| F|  |TAMS 0x000000070ab00000, 0x000000070ab00000| Untracked 
| 172|0x000000070ac00000, 0x000000070ac00000, 0x000000070ad00000|  0%| F|  |TAMS 0x000000070ac00000, 0x000000070ac00000| Untracked 
| 173|0x000000070ad00000, 0x000000070ad00000, 0x000000070ae00000|  0%| F|  |TAMS 0x000000070ad00000, 0x000000070ad00000| Untracked 
| 174|0x000000070ae00000, 0x000000070ae00000, 0x000000070af00000|  0%| F|  |TAMS 0x000000070ae00000, 0x000000070ae00000| Untracked 
| 175|0x000000070af00000, 0x000000070af00000, 0x000000070b000000|  0%| F|  |TAMS 0x000000070af00000, 0x000000070af00000| Untracked 
| 176|0x000000070b000000, 0x000000070b000000, 0x000000070b100000|  0%| F|  |TAMS 0x000000070b000000, 0x000000070b000000| Untracked 
| 177|0x000000070b100000, 0x000000070b100000, 0x000000070b200000|  0%| F|  |TAMS 0x000000070b100000, 0x000000070b100000| Untracked 
| 178|0x000000070b200000, 0x000000070b200000, 0x000000070b300000|  0%| F|  |TAMS 0x000000070b200000, 0x000000070b200000| Untracked 
| 179|0x000000070b300000, 0x000000070b300000, 0x000000070b400000|  0%| F|  |TAMS 0x000000070b300000, 0x000000070b300000| Untracked 
| 180|0x000000070b400000, 0x000000070b400000, 0x000000070b500000|  0%| F|  |TAMS 0x000000070b400000, 0x000000070b400000| Untracked 
| 181|0x000000070b500000, 0x000000070b500000, 0x000000070b600000|  0%| F|  |TAMS 0x000000070b500000, 0x000000070b500000| Untracked 
| 182|0x000000070b600000, 0x000000070b600000, 0x000000070b700000|  0%| F|  |TAMS 0x000000070b600000, 0x000000070b600000| Untracked 
| 183|0x000000070b700000, 0x000000070b700000, 0x000000070b800000|  0%| F|  |TAMS 0x000000070b700000, 0x000000070b700000| Untracked 
| 184|0x000000070b800000, 0x000000070b800000, 0x000000070b900000|  0%| F|  |TAMS 0x000000070b800000, 0x000000070b800000| Untracked 
| 185|0x000000070b900000, 0x000000070b900000, 0x000000070ba00000|  0%| F|  |TAMS 0x000000070b900000, 0x000000070b900000| Untracked 
| 186|0x000000070ba00000, 0x000000070ba00000, 0x000000070bb00000|  0%| F|  |TAMS 0x000000070ba00000, 0x000000070ba00000| Untracked 
| 187|0x000000070bb00000, 0x000000070bb00000, 0x000000070bc00000|  0%| F|  |TAMS 0x000000070bb00000, 0x000000070bb00000| Untracked 
| 188|0x000000070bc00000, 0x000000070bc00000, 0x000000070bd00000|  0%| F|  |TAMS 0x000000070bc00000, 0x000000070bc00000| Untracked 
| 189|0x000000070bd00000, 0x000000070bd00000, 0x000000070be00000|  0%| F|  |TAMS 0x000000070bd00000, 0x000000070bd00000| Untracked 
| 190|0x000000070be00000, 0x000000070be00000, 0x000000070bf00000|  0%| F|  |TAMS 0x000000070be00000, 0x000000070be00000| Untracked 
| 191|0x000000070bf00000, 0x000000070bf00000, 0x000000070c000000|  0%| F|  |TAMS 0x000000070bf00000, 0x000000070bf00000| Untracked 
| 192|0x000000070c000000, 0x000000070c000000, 0x000000070c100000|  0%| F|  |TAMS 0x000000070c000000, 0x000000070c000000| Untracked 
| 193|0x000000070c100000, 0x000000070c100000, 0x000000070c200000|  0%| F|  |TAMS 0x000000070c100000, 0x000000070c100000| Untracked 
| 194|0x000000070c200000, 0x000000070c200000, 0x000000070c300000|  0%| F|  |TAMS 0x000000070c200000, 0x000000070c200000| Untracked 
| 195|0x000000070c300000, 0x000000070c300000, 0x000000070c400000|  0%| F|  |TAMS 0x000000070c300000, 0x000000070c300000| Untracked 
| 196|0x000000070c400000, 0x000000070c400000, 0x000000070c500000|  0%| F|  |TAMS 0x000000070c400000, 0x000000070c400000| Untracked 
| 197|0x000000070c500000, 0x000000070c500000, 0x000000070c600000|  0%| F|  |TAMS 0x000000070c500000, 0x000000070c500000| Untracked 
| 198|0x000000070c600000, 0x000000070c600000, 0x000000070c700000|  0%| F|  |TAMS 0x000000070c600000, 0x000000070c600000| Untracked 
| 199|0x000000070c700000, 0x000000070c700000, 0x000000070c800000|  0%| F|  |TAMS 0x000000070c700000, 0x000000070c700000| Untracked 
| 200|0x000000070c800000, 0x000000070c800000, 0x000000070c900000|  0%| F|  |TAMS 0x000000070c800000, 0x000000070c800000| Untracked 
| 201|0x000000070c900000, 0x000000070c900000, 0x000000070ca00000|  0%| F|  |TAMS 0x000000070c900000, 0x000000070c900000| Untracked 
| 202|0x000000070ca00000, 0x000000070ca00000, 0x000000070cb00000|  0%| F|  |TAMS 0x000000070ca00000, 0x000000070ca00000| Untracked 
| 203|0x000000070cb00000, 0x000000070cb00000, 0x000000070cc00000|  0%| F|  |TAMS 0x000000070cb00000, 0x000000070cb00000| Untracked 
| 204|0x000000070cc00000, 0x000000070cc00000, 0x000000070cd00000|  0%| F|  |TAMS 0x000000070cc00000, 0x000000070cc00000| Untracked 
| 205|0x000000070cd00000, 0x000000070cd00000, 0x000000070ce00000|  0%| F|  |TAMS 0x000000070cd00000, 0x000000070cd00000| Untracked 
| 206|0x000000070ce00000, 0x000000070ce00000, 0x000000070cf00000|  0%| F|  |TAMS 0x000000070ce00000, 0x000000070ce00000| Untracked 
| 207|0x000000070cf00000, 0x000000070cf00000, 0x000000070d000000|  0%| F|  |TAMS 0x000000070cf00000, 0x000000070cf00000| Untracked 
| 208|0x000000070d000000, 0x000000070d000000, 0x000000070d100000|  0%| F|  |TAMS 0x000000070d000000, 0x000000070d000000| Untracked 
| 209|0x000000070d100000, 0x000000070d100000, 0x000000070d200000|  0%| F|  |TAMS 0x000000070d100000, 0x000000070d100000| Untracked 
| 210|0x000000070d200000, 0x000000070d200000, 0x000000070d300000|  0%| F|  |TAMS 0x000000070d200000, 0x000000070d200000| Untracked 
| 211|0x000000070d300000, 0x000000070d300000, 0x000000070d400000|  0%| F|  |TAMS 0x000000070d300000, 0x000000070d300000| Untracked 
| 212|0x000000070d400000, 0x000000070d400000, 0x000000070d500000|  0%| F|  |TAMS 0x000000070d400000, 0x000000070d400000| Untracked 
| 213|0x000000070d500000, 0x000000070d500000, 0x000000070d600000|  0%| F|  |TAMS 0x000000070d500000, 0x000000070d500000| Untracked 
| 214|0x000000070d600000, 0x000000070d600000, 0x000000070d700000|  0%| F|  |TAMS 0x000000070d600000, 0x000000070d600000| Untracked 
| 215|0x000000070d700000, 0x000000070d700000, 0x000000070d800000|  0%| F|  |TAMS 0x000000070d700000, 0x000000070d700000| Untracked 
| 216|0x000000070d800000, 0x000000070d800000, 0x000000070d900000|  0%| F|  |TAMS 0x000000070d800000, 0x000000070d800000| Untracked 
| 217|0x000000070d900000, 0x000000070d900000, 0x000000070da00000|  0%| F|  |TAMS 0x000000070d900000, 0x000000070d900000| Untracked 
| 218|0x000000070da00000, 0x000000070da00000, 0x000000070db00000|  0%| F|  |TAMS 0x000000070da00000, 0x000000070da00000| Untracked 
| 219|0x000000070db00000, 0x000000070db00000, 0x000000070dc00000|  0%| F|  |TAMS 0x000000070db00000, 0x000000070db00000| Untracked 
| 220|0x000000070dc00000, 0x000000070dc00000, 0x000000070dd00000|  0%| F|  |TAMS 0x000000070dc00000, 0x000000070dc00000| Untracked 
| 221|0x000000070dd00000, 0x000000070dd00000, 0x000000070de00000|  0%| F|  |TAMS 0x000000070dd00000, 0x000000070dd00000| Untracked 
| 222|0x000000070de00000, 0x000000070de00000, 0x000000070df00000|  0%| F|  |TAMS 0x000000070de00000, 0x000000070de00000| Untracked 
| 223|0x000000070df00000, 0x000000070df00000, 0x000000070e000000|  0%| F|  |TAMS 0x000000070df00000, 0x000000070df00000| Untracked 
| 224|0x000000070e000000, 0x000000070e000000, 0x000000070e100000|  0%| F|  |TAMS 0x000000070e000000, 0x000000070e000000| Untracked 
| 225|0x000000070e100000, 0x000000070e100000, 0x000000070e200000|  0%| F|  |TAMS 0x000000070e100000, 0x000000070e100000| Untracked 
| 226|0x000000070e200000, 0x000000070e200000, 0x000000070e300000|  0%| F|  |TAMS 0x000000070e200000, 0x000000070e200000| Untracked 
| 227|0x000000070e300000, 0x000000070e300000, 0x000000070e400000|  0%| F|  |TAMS 0x000000070e300000, 0x000000070e300000| Untracked 
| 228|0x000000070e400000, 0x000000070e400000, 0x000000070e500000|  0%| F|  |TAMS 0x000000070e400000, 0x000000070e400000| Untracked 
| 229|0x000000070e500000, 0x000000070e500000, 0x000000070e600000|  0%| F|  |TAMS 0x000000070e500000, 0x000000070e500000| Untracked 
| 230|0x000000070e600000, 0x000000070e600000, 0x000000070e700000|  0%| F|  |TAMS 0x000000070e600000, 0x000000070e600000| Untracked 
| 231|0x000000070e700000, 0x000000070e700000, 0x000000070e800000|  0%| F|  |TAMS 0x000000070e700000, 0x000000070e700000| Untracked 
| 232|0x000000070e800000, 0x000000070e800000, 0x000000070e900000|  0%| F|  |TAMS 0x000000070e800000, 0x000000070e800000| Untracked 
| 233|0x000000070e900000, 0x000000070e900000, 0x000000070ea00000|  0%| F|  |TAMS 0x000000070e900000, 0x000000070e900000| Untracked 
| 234|0x000000070ea00000, 0x000000070ea00000, 0x000000070eb00000|  0%| F|  |TAMS 0x000000070ea00000, 0x000000070ea00000| Untracked 
| 235|0x000000070eb00000, 0x000000070eb00000, 0x000000070ec00000|  0%| F|  |TAMS 0x000000070eb00000, 0x000000070eb00000| Untracked 
| 236|0x000000070ec00000, 0x000000070ec00000, 0x000000070ed00000|  0%| F|  |TAMS 0x000000070ec00000, 0x000000070ec00000| Untracked 
| 237|0x000000070ed00000, 0x000000070ed00000, 0x000000070ee00000|  0%| F|  |TAMS 0x000000070ed00000, 0x000000070ed00000| Untracked 
| 238|0x000000070ee00000, 0x000000070ee00000, 0x000000070ef00000|  0%| F|  |TAMS 0x000000070ee00000, 0x000000070ee00000| Untracked 
| 239|0x000000070ef00000, 0x000000070ef00000, 0x000000070f000000|  0%| F|  |TAMS 0x000000070ef00000, 0x000000070ef00000| Untracked 
| 240|0x000000070f000000, 0x000000070f000000, 0x000000070f100000|  0%| F|  |TAMS 0x000000070f000000, 0x000000070f000000| Untracked 
| 241|0x000000070f100000, 0x000000070f100000, 0x000000070f200000|  0%| F|  |TAMS 0x000000070f100000, 0x000000070f100000| Untracked 
| 242|0x000000070f200000, 0x000000070f200000, 0x000000070f300000|  0%| F|  |TAMS 0x000000070f200000, 0x000000070f200000| Untracked 
| 243|0x000000070f300000, 0x000000070f300000, 0x000000070f400000|  0%| F|  |TAMS 0x000000070f300000, 0x000000070f300000| Untracked 
| 244|0x000000070f400000, 0x000000070f400000, 0x000000070f500000|  0%| F|  |TAMS 0x000000070f400000, 0x000000070f400000| Untracked 
| 245|0x000000070f500000, 0x000000070f500000, 0x000000070f600000|  0%| F|  |TAMS 0x000000070f500000, 0x000000070f500000| Untracked 
| 246|0x000000070f600000, 0x000000070f600000, 0x000000070f700000|  0%| F|  |TAMS 0x000000070f600000, 0x000000070f600000| Untracked 
| 247|0x000000070f700000, 0x000000070f800000, 0x000000070f800000|100%| E|  |TAMS 0x000000070f700000, 0x000000070f700000| Complete 
| 248|0x000000070f800000, 0x000000070f900000, 0x000000070f900000|100%| E|CS|TAMS 0x000000070f800000, 0x000000070f800000| Complete 
| 249|0x000000070f900000, 0x000000070fa00000, 0x000000070fa00000|100%| E|CS|TAMS 0x000000070f900000, 0x000000070f900000| Complete 
| 250|0x000000070fa00000, 0x000000070fb00000, 0x000000070fb00000|100%| E|CS|TAMS 0x000000070fa00000, 0x000000070fa00000| Complete 
| 251|0x000000070fb00000, 0x000000070fc00000, 0x000000070fc00000|100%| E|CS|TAMS 0x000000070fb00000, 0x000000070fb00000| Complete 
| 252|0x000000070fc00000, 0x000000070fd00000, 0x000000070fd00000|100%| E|CS|TAMS 0x000000070fc00000, 0x000000070fc00000| Complete 
| 253|0x000000070fd00000, 0x000000070fe00000, 0x000000070fe00000|100%| E|CS|TAMS 0x000000070fd00000, 0x000000070fd00000| Complete 
| 254|0x000000070fe00000, 0x000000070ff00000, 0x000000070ff00000|100%| E|CS|TAMS 0x000000070fe00000, 0x000000070fe00000| Complete 
| 255|0x000000070ff00000, 0x0000000710000000, 0x0000000710000000|100%| E|CS|TAMS 0x000000070ff00000, 0x000000070ff00000| Complete 

Card table byte_map: [0x000000010dd52000,0x000000010e552000] _byte_map_base: 0x000000010a552000

Marking Bits (Prev, Next): (CMBitMap*) 0x00007f9fa3848a18, (CMBitMap*) 0x00007f9fa3848a50
 Prev Bits: [0x000000010ed52000, 0x0000000112d52000)
 Next Bits: [0x000000012c1f1000, 0x00000001301f1000)

Polling page: 0x000000010a4ba000

Metaspace:

Usage:
  Non-class:      7.22 MB capacity,     7.06 MB ( 98%) used,   133.89 KB (  2%) free+waste,    23.00 KB ( <1%) overhead. 
      Class:    888.00 KB capacity,   774.80 KB ( 87%) used,   101.51 KB ( 11%) free+waste,    11.69 KB (  1%) overhead. 
       Both:      8.08 MB capacity,     7.82 MB ( 97%) used,   235.40 KB (  3%) free+waste,    34.69 KB ( <1%) overhead. 

Virtual space:
  Non-class space:        8.00 MB reserved,       7.25 MB ( 91%) committed 
      Class space:        1.00 GB reserved,     896.00 KB ( <1%) committed 
             Both:        1.01 GB reserved,       8.12 MB ( <1%) committed 

Chunk freelists:
   Non-Class:  25.00 KB
       Class:  8.00 KB
        Both:  33.00 KB

MaxMetaspaceSize: unlimited
CompressedClassSpaceSize: 1.00 GB

CodeHeap 'non-profiled nmethods': size=120032Kb used=241Kb max_used=241Kb free=119790Kb
 bounds [0x0000000124cb9000, 0x0000000124f29000, 0x000000012c1f1000]
CodeHeap 'profiled nmethods': size=120032Kb used=1428Kb max_used=1428Kb free=118603Kb
 bounds [0x000000011d781000, 0x000000011d9f1000, 0x0000000124cb9000]
CodeHeap 'non-nmethods': size=5696Kb used=1148Kb max_used=1165Kb free=4547Kb
 bounds [0x000000011d1f1000, 0x000000011d461000, 0x000000011d781000]
 total_blobs=1205 nmethods=801 adapters=325
 compilation: enabled
              stopped_count=0, restarted_count=0
 full_count=0

Compilation events (20 events):
Event: 10.286 Thread 0x00007f9fa4838000  793       3       java.util.WeakHashMap::getEntry (72 bytes)
Event: 10.286 Thread 0x00007f9fa4838000 nmethod 793 0x000000011d8e0090 code [0x000000011d8e02c0, 0x000000011d8e0ae0]
Event: 10.286 Thread 0x00007f9fa4838000  792       3       edu.wpi.first.wpilibj2.command.CommandGroupBase::getGroupedCommands (4 bytes)
Event: 10.286 Thread 0x00007f9fa4838000 nmethod 792 0x000000011d8e0e10 code [0x000000011d8e0fc0, 0x000000011d8e10b0]
Event: 10.324 Thread 0x00007f9fa4838000  794       3       edu.wpi.first.wpilibj.DriverStation::getInstance (4 bytes)
Event: 10.324 Thread 0x00007f9fa4838000 nmethod 794 0x000000011d8e1110 code [0x000000011d8e12c0, 0x000000011d8e13b0]
Event: 10.342 Thread 0x00007f9fa4838000  795       3       java.util.LinkedHashMap::entrySet (27 bytes)
Event: 10.342 Thread 0x00007f9fa4838000 nmethod 795 0x000000011d8e1410 code [0x000000011d8e15e0, 0x000000011d8e19f0]
Event: 10.342 Thread 0x00007f9fa4838000  799       3       edu.wpi.first.wpilibj2.command.CommandScheduler::schedule (36 bytes)
Event: 10.343 Thread 0x00007f9fa4838000 nmethod 799 0x000000011d8e1b90 code [0x000000011d8e1d60, 0x000000011d8e1f80]
Event: 10.343 Thread 0x00007f9fa4838000  796       3       java.util.LinkedHashMap$LinkedEntrySet::iterator (12 bytes)
Event: 10.343 Thread 0x00007f9fa4838000 nmethod 796 0x000000011d8e2090 code [0x000000011d8e2260, 0x000000011d8e2630]
Event: 10.343 Thread 0x00007f9fa4838000  797       3       java.util.LinkedHashMap$LinkedEntryIterator::<init> (11 bytes)
Event: 10.343 Thread 0x00007f9fa4838000 nmethod 797 0x000000011d8e2790 code [0x000000011d8e2960, 0x000000011d8e2c90]
Event: 10.343 Thread 0x00007f9fa4838000  798       3       edu.wpi.first.wpilibj2.command.CommandScheduler::schedule (7 bytes)
Event: 10.343 Thread 0x00007f9fa4838000 nmethod 798 0x000000011d8e2d90 code [0x000000011d8e2f40, 0x000000011d8e3080]
Event: 10.343 Thread 0x00007f9fa4838000  800       3       edu.wpi.first.wpilibj2.command.CommandScheduler::schedule (271 bytes)
Event: 10.344 Thread 0x00007f9fa4838000 nmethod 800 0x000000011d8e3110 code [0x000000011d8e3520, 0x000000011d8e5420]
Event: 10.422 Thread 0x00007f9fa4838000  801       3       java.util.HashMap$ValueIterator::next (8 bytes)
Event: 10.422 Thread 0x00007f9fa4838000 nmethod 801 0x000000011d8e5c90 code [0x000000011d8e5e40, 0x000000011d8e5f80]

GC Heap History (0 events):
No events

Deoptimization events (16 events):
Event: 0.142 Thread 0x00007f9fa380a800 Uncommon trap: trap_request=0xffffff4d fr.pc=0x0000000124cbd69c relative=0x00000000000001fc
Event: 0.142 Thread 0x00007f9fa380a800 Uncommon trap: reason=unstable_if action=reinterpret pc=0x0000000124cbd69c method=java.lang.String.hashCode()I @ 14 c2
Event: 0.142 Thread 0x00007f9fa380a800 DEOPT PACKING pc=0x0000000124cbd69c sp=0x00007ffee57c0260
Event: 0.142 Thread 0x00007f9fa380a800 DEOPT UNPACKING pc=0x000000011d227f25 sp=0x00007ffee57c0228 mode 2
Event: 6.575 Thread 0x00007f9fa39c8000 DEOPT PACKING pc=0x000000011d7acc12 sp=0x00007000022599c0
Event: 6.575 Thread 0x00007f9fa39c8000 DEOPT UNPACKING pc=0x000000011d227d3a sp=0x0000700002258e40 mode 0
Event: 6.612 Thread 0x00007f9fa39c8000 DEOPT PACKING pc=0x000000011d7b20e6 sp=0x0000700002258800
Event: 6.612 Thread 0x00007f9fa39c8000 DEOPT UNPACKING pc=0x000000011d227d3a sp=0x0000700002257c88 mode 0
Event: 6.673 Thread 0x00007f9fa39c8000 Uncommon trap: trap_request=0xffffff4d fr.pc=0x0000000124ce5628 relative=0x00000000000004e8
Event: 6.673 Thread 0x00007f9fa39c8000 Uncommon trap: reason=unstable_if action=reinterpret pc=0x0000000124ce5628 method=java.lang.StringLatin1.replace([BCC)Ljava/lang/String; @ 19 c2
Event: 6.673 Thread 0x00007f9fa39c8000 DEOPT PACKING pc=0x0000000124ce5628 sp=0x0000700002258e10
Event: 6.673 Thread 0x00007f9fa39c8000 DEOPT UNPACKING pc=0x000000011d227f25 sp=0x0000700002258db0 mode 2
Event: 6.673 Thread 0x00007f9fa39c8000 Uncommon trap: trap_request=0xffffff4d fr.pc=0x0000000124ce9cb8 relative=0x0000000000000278
Event: 6.673 Thread 0x00007f9fa39c8000 Uncommon trap: reason=unstable_if action=reinterpret pc=0x0000000124ce9cb8 method=jdk.internal.org.objectweb.asm.Type.getArgumentsAndReturnSizes(Ljava/lang/String;)I @ 88 c2
Event: 6.673 Thread 0x00007f9fa39c8000 DEOPT PACKING pc=0x0000000124ce9cb8 sp=0x0000700002258df0
Event: 6.673 Thread 0x00007f9fa39c8000 DEOPT UNPACKING pc=0x000000011d227f25 sp=0x0000700002258db0 mode 2

Classes redefined (0 events):
No events

Internal exceptions (19 events):
Event: 6.426 Thread 0x00007f9fa39c8000 Exception <a 'java/lang/NoSuchMethodError'{0x000000070fc7c5c0}: 'java.lang.Object java.lang.invoke.DirectMethodHandle$Holder.invokeStatic(java.lang.Object, java.lang.Object, java.lang.Object, java.lang.Object, java.lang.Object, java.lang.Object, java.lang.Object, java.lang.Object, java.lang.Object, java.lang.Object, java.lang.Object, int)'> (0x000000070fc7c5c0) thrown at [./src/hotspot/share/interpreter/linkResolver.cpp, line 773]
Event: 6.430 Thread 0x00007f9fa39c8000 Exception <a 'java/lang/NoSuchMethodError'{0x000000070fc9aef8}: 'java.lang.Object java.lang.invoke.DirectMethodHandle$Holder.invokeStatic(java.lang.Object, java.lang.Object, java.lang.Object, java.lang.Object, java.lang.Object, java.lang.Object, java.lang.Object, java.lang.Object, java.lang.Object, java.lang.Object, java.lang.Object, int, int)'> (0x000000070fc9aef8) thrown at [./src/hotspot/share/interpreter/linkResolver.cpp, line 773]
Event: 6.439 Thread 0x00007f9fa39c8000 Exception <a 'java/lang/NoSuchMethodError'{0x000000070fcba198}: 'java.lang.Object java.lang.invoke.DirectMethodHandle$Holder.invokeStatic(java.lang.Object, java.lang.Object, java.lang.Object, java.lang.Object, java.lang.Object, java.lang.Object, java.lang.Object, java.lang.Object, java.lang.Object, java.lang.Object, java.lang.Object, int, int, java.lang.Object)'> (0x000000070fcba198) thrown at [./src/hotspot/share/interpreter/linkResolver.cpp, line 773]
Event: 6.444 Thread 0x00007f9fa39c8000 Exception <a 'java/lang/NoSuchMethodError'{0x000000070fcdabe8}: 'java.lang.Object java.lang.invoke.DirectMethodHandle$Holder.invokeStatic(java.lang.Object, java.lang.Object, java.lang.Object, java.lang.Object, java.lang.Object, java.lang.Object, java.lang.Object, java.lang.Object, java.lang.Object, java.lang.Object, java.lang.Object, int, int, java.lang.Object, java.lang.Object)'> (0x000000070fcdabe8) thrown at [./src/hotspot/share/interpreter/linkResolver.cpp, line 773]
Event: 6.490 Thread 0x00007f9fa39c8000 Exception <a 'java/lang/NoSuchMethodError'{0x000000070fa06bd8}: 'void java.lang.invoke.DirectMethodHandle$Holder.invokeSpecial(java.lang.Object, java.lang.Object)'> (0x000000070fa06bd8) thrown at [./src/hotspot/share/interpreter/linkResolver.cpp, line 773]
Event: 6.497 Thread 0x00007f9fa39c8000 Exception <a 'java/lang/NoSuchMethodError'{0x000000070fa17508}: 'void java.lang.invoke.DirectMethodHandle$Holder.invokeStaticInit(java.lang.Object)'> (0x000000070fa17508) thrown at [./src/hotspot/share/interpreter/linkResolver.cpp, line 773]
Event: 6.501 Thread 0x00007f9fa39c8000 Exception <a 'java/lang/NoSuchMethodError'{0x000000070fa29b88}: 'void java.lang.invoke.DirectMethodHandle$Holder.invokeVirtual(java.lang.Object, java.lang.Object)'> (0x000000070fa29b88) thrown at [./src/hotspot/share/interpreter/linkResolver.cpp, line 773]
Event: 6.544 Thread 0x00007f9fa39c8000 Exception <a 'java/lang/NoSuchMethodError'{0x000000070f9588f0}: 'java.lang.Object java.lang.invoke.DirectMethodHandle$Holder.invokeStatic(java.lang.Object, java.lang.Object, java.lang.Object, java.lang.Object, java.lang.Object, java.lang.Object, java.lang.Object, java.lang.Object, java.lang.Object, java.lang.Object, java.lang.Object, java.lang.Object, java.lang.Object, int)'> (0x000000070f9588f0) thrown at [./src/hotspot/share/interpreter/linkResolver.cpp, line 773]
Event: 6.546 Thread 0x00007f9fa39c8000 Exception <a 'java/lang/NoSuchMethodError'{0x000000070f965138}: 'java.lang.Object java.lang.invoke.DirectMethodHandle$Holder.invokeStatic(java.lang.Object, java.lang.Object, java.lang.Object, java.lang.Object, java.lang.Object, java.lang.Object, java.lang.Object, java.lang.Object, java.lang.Object, java.lang.Object, java.lang.Object, java.lang.Object, java.lang.Object, int, int)'> (0x000000070f965138) thrown at [./src/hotspot/share/interpreter/linkResolver.cpp, line 773]
Event: 6.547 Thread 0x00007f9fa39c8000 Exception <a 'java/lang/NoSuchMethodError'{0x000000070f971ce0}: 'java.lang.Object java.lang.invoke.DirectMethodHandle$Holder.invokeStatic(java.lang.Object, java.lang.Object, java.lang.Object, java.lang.Object, java.lang.Object, java.lang.Object, java.lang.Object, java.lang.Object, java.lang.Object, java.lang.Object, java.lang.Object, java.lang.Object, java.lang.Object, int, int, java.lang.Object)'> (0x000000070f971ce0) thrown at [./src/hotspot/share/interpreter/linkResolver.cpp, line 773]
Event: 6.548 Thread 0x00007f9fa39c8000 Exception <a 'java/lang/NoSuchMethodError'{0x000000070f97f320}: 'java.lang.Object java.lang.invoke.Invokers$Holder.linkToTargetMethod(java.lang.Object, int, java.lang.Object)'> (0x000000070f97f320) thrown at [./src/hotspot/share/interpreter/linkResolver.cpp, line 773]
Event: 6.606 Thread 0x00007f9fa39c8000 Exception <a 'java/lang/NoSuchMethodError'{0x000000070f816688}: 'int java.lang.invoke.DirectMethodHandle$Holder.invokeVirtual(java.lang.Object, java.lang.Object)'> (0x000000070f816688) thrown at [./src/hotspot/share/interpreter/linkResolver.cpp, line 773]
Event: 6.641 Thread 0x00007f9fa39c8000 Exception <a 'java/lang/NoSuchMethodError'{0x000000070f8f3060}: 'void java.lang.invoke.DirectMethodHandle$Holder.invokeVirtual(java.lang.Object, java.lang.Object, int)'> (0x000000070f8f3060) thrown at [./src/hotspot/share/interpreter/linkResolver.cpp, line 773]
Event: 6.642 Thread 0x00007f9fa39c8000 Exception <a 'java/lang/NoSuchMethodError'{0x000000070f8ff248}: 'double java.lang.invoke.DirectMethodHandle$Holder.invokeVirtual(java.lang.Object, java.lang.Object)'> (0x000000070f8ff248) thrown at [./src/hotspot/share/interpreter/linkResolver.cpp, line 773]
Event: 6.643 Thread 0x00007f9fa39c8000 Exception <a 'java/lang/NoSuchMethodError'{0x000000070f705538}: 'void java.lang.invoke.DirectMethodHandle$Holder.invokeVirtual(java.lang.Object, java.lang.Object, double)'> (0x000000070f705538) thrown at [./src/hotspot/share/interpreter/linkResolver.cpp, line 773]
Event: 6.647 Thread 0x00007f9fa39c8000 Exception <a 'java/lang/NoSuchMethodError'{0x000000070f714a88}: 'double java.lang.invoke.DirectMethodHandle$Holder.invokeInterface(java.lang.Object, java.lang.Object)'> (0x000000070f714a88) thrown at [./src/hotspot/share/interpreter/linkResolver.cpp, line 773]
Event: 6.648 Thread 0x00007f9fa39c8000 Exception <a 'java/lang/NoSuchMethodError'{0x000000070f71a288}: 'void java.lang.invoke.DirectMethodHandle$Holder.invokeInterface(java.lang.Object, java.lang.Object, double)'> (0x000000070f71a288) thrown at [./src/hotspot/share/interpreter/linkResolver.cpp, line 773]
Event: 6.649 Thread 0x00007f9fa39c8000 Exception <a 'java/lang/NoSuchMethodError'{0x000000070f71f8e0}: 'double java.lang.invoke.DirectMethodHandle$Holder.invokeSpecial(java.lang.Object, java.lang.Object)'> (0x000000070f71f8e0) thrown at [./src/hotspot/share/interpreter/linkResolver.cpp, line 773]
Event: 6.650 Thread 0x00007f9fa39c8000 Exception <a 'java/lang/NoSuchMethodError'{0x000000070f724f18}: 'void java.lang.invoke.DirectMethodHandle$Holder.invokeSpecial(java.lang.Object, java.lang.Object, double)'> (0x000000070f724f18) thrown at [./src/hotspot/share/interpreter/linkResolver.cpp, line 773]

Events (20 events):
Event: 6.677 loading class jdk/internal/math/FormattedFloatingDecimal$1 done
Event: 6.678 loading class jdk/internal/math/FormattedFloatingDecimal$2
Event: 6.678 loading class jdk/internal/math/FormattedFloatingDecimal$2 done
Event: 6.801 Protecting memory [0x000070000256a000,0x000070000256e000] with protection modes 3
Event: 6.801 Thread 0x00007f9fa399f800 Thread exited: 0x00007f9fa399f800
Event: 6.864 Loaded shared library /Users/cadennewton/Documents/romi-examples-main 2/RomiExample/build/tmp/jniExtractDir/libwpiHaljni.dylib
Event: 6.902 Loaded shared library /Users/cadennewton/Documents/romi-examples-main 2/RomiExample/build/tmp/jniExtractDir/libntcorejni.dylib
Event: 7.026 Loaded shared library /Users/cadennewton/Documents/romi-examples-main 2/RomiExample/build/tmp/jniExtractDir/libntcorejni.dylib
Event: 7.362 Loaded shared library /Users/cadennewton/Documents/romi-examples-main 2/RomiExample/build/tmp/jniExtractDir/libwpiHaljni.dylib
Event: 7.562 Loaded shared library /Users/cadennewton/wpilib/2021/jdk/lib/server/libjvm.dylib
Event: 7.783 Loaded shared library /Users/cadennewton/Documents/romi-examples-main 2/RomiExample/build/tmp/jniExtractDir/libwpiHaljni.dylib
Event: 7.822 Loaded shared library /Users/cadennewton/Documents/romi-examples-main 2/RomiExample/build/tmp/jniExtractDir/libwpiHaljni.dylib
Event: 7.835 Loaded shared library /Users/cadennewton/Documents/romi-examples-main 2/RomiExample/build/tmp/jniExtractDir/libwpiHaljni.dylib
Event: 7.839 Loaded shared library /Users/cadennewton/Documents/romi-examples-main 2/RomiExample/build/tmp/jniExtractDir/libwpiHaljni.dylib
Event: 10.617 loading class java/util/IdentityHashMap$KeyIterator
Event: 10.617 loading class java/util/IdentityHashMap$IdentityHashMapIterator
Event: 10.617 loading class java/util/IdentityHashMap$IdentityHashMapIterator done
Event: 10.617 loading class java/util/IdentityHashMap$KeyIterator done
Event: 10.618 Protecting memory [0x000070000215b000,0x000070000215f000] with protection modes 3
Event: 10.618 Thread 0x00007f9fa39c8000 Thread exited: 0x00007f9fa39c8000


Dynamic libraries:
0x00007fff352ca000 	/System/Library/Frameworks/Cocoa.framework/Versions/A/Cocoa
0x00007fff224ef000 	/System/Library/Frameworks/Security.framework/Versions/A/Security
0x00007fff334c7000 	/System/Library/Frameworks/ApplicationServices.framework/Versions/A/ApplicationServices
0x00007fff2a778000 	/usr/lib/libz.1.dylib
0x000000010a44b000 	/Users/cadennewton/wpilib/2021/jdk/lib/jli/libjli.dylib
0x00007fff2a840000 	/usr/lib/libSystem.B.dylib
0x00007fff22f16000 	/System/Library/Frameworks/AppKit.framework/Versions/C/AppKit
0x00007fff25dae000 	/System/Library/Frameworks/CoreData.framework/Versions/A/CoreData
0x00007fff21462000 	/System/Library/Frameworks/Foundation.framework/Versions/C/Foundation
0x00007fff23c79000 	/System/Library/PrivateFrameworks/UIFoundation.framework/Versions/A/UIFoundation
0x00007fff2fea6000 	/System/Library/PrivateFrameworks/RemoteViewServices.framework/Versions/A/RemoteViewServices
0x00007fff28c9f000 	/System/Library/PrivateFrameworks/XCTTargetBootstrap.framework/Versions/A/XCTTargetBootstrap
0x00007fff2b980000 	/usr/lib/libspindump.dylib
0x00007fff23ece000 	/System/Library/Frameworks/UniformTypeIdentifiers.framework/Versions/A/UniformTypeIdentifiers
0x00007fff27475000 	/usr/lib/libapp_launch_measurement.dylib
0x00007fff27478000 	/System/Library/PrivateFrameworks/CoreAutoLayout.framework/Versions/A/CoreAutoLayout
0x00007fff28601000 	/System/Library/Frameworks/Metal.framework/Versions/A/Metal
0x00007fff292f1000 	/usr/lib/liblangid.dylib
0x00007fff28ca3000 	/System/Library/PrivateFrameworks/CoreSVG.framework/Versions/A/CoreSVG
0x00007fff24eb5000 	/System/Library/PrivateFrameworks/SkyLight.framework/Versions/A/SkyLight
0x00007fff2521c000 	/System/Library/Frameworks/CoreGraphics.framework/Versions/A/CoreGraphics
0x00007fff304fd000 	/System/Library/Frameworks/Accelerate.framework/Versions/A/Accelerate
0x00007fff2b3bb000 	/System/Library/PrivateFrameworks/IconServices.framework/Versions/A/IconServices
0x00007fff285e6000 	/System/Library/Frameworks/IOSurface.framework/Versions/A/IOSurface
0x00007fff26737000 	/usr/lib/libDiagnosticMessagesClient.dylib
0x00007fff28c8b000 	/System/Library/PrivateFrameworks/DFRFoundation.framework/Versions/A/DFRFoundation
0x00007fff22841000 	/usr/lib/libicucore.A.dylib
0x00007fff2cec7000 	/System/Library/Frameworks/AudioToolbox.framework/Versions/A/AudioToolbox
0x00007fff2c16c000 	/System/Library/PrivateFrameworks/DataDetectorsCore.framework/Versions/A/DataDetectorsCore
0x00007fff2898b000 	/System/Library/Frameworks/Carbon.framework/Versions/A/Frameworks/HIToolbox.framework/Versions/A/HIToolbox
0x00007fff26ed0000 	/System/Library/Frameworks/QuartzCore.framework/Versions/A/QuartzCore
0x00007fff2fee2000 	/System/Library/Frameworks/Carbon.framework/Versions/A/Frameworks/SpeechRecognition.framework/Versions/A/SpeechRecognition
0x00007fff271dd000 	/System/Library/PrivateFrameworks/CoreUI.framework/Versions/A/CoreUI
0x00007fff21e4a000 	/System/Library/Frameworks/CoreAudio.framework/Versions/A/CoreAudio
0x00007fff26822000 	/System/Library/Frameworks/DiskArbitration.framework/Versions/A/DiskArbitration
0x00007fff2bd7b000 	/System/Library/PrivateFrameworks/MultitouchSupport.framework/Versions/A/MultitouchSupport
0x00007fff2c163000 	/System/Library/PrivateFrameworks/InternationalSupport.framework/Versions/A/InternationalSupport
0x00007fff24e29000 	/usr/lib/libenergytrace.dylib
0x00007fff22e0f000 	/System/Library/Frameworks/IOKit.framework/Versions/A/IOKit
0x00007fff3022f000 	/System/Library/Frameworks/CoreServices.framework/Versions/A/CoreServices
0x00007fff2740b000 	/System/Library/PrivateFrameworks/PerformanceAnalysis.framework/Versions/A/PerformanceAnalysis
0x00007fff6cb98000 	/System/Library/Frameworks/OpenGL.framework/Versions/A/OpenGL
0x00007fff2c1e8000 	/System/Library/PrivateFrameworks/UserActivity.framework/Versions/A/UserActivity
0x00007fff204d5000 	/usr/lib/libobjc.A.dylib
0x00007fff258b0000 	/System/Library/Frameworks/ColorSync.framework/Versions/A/ColorSync
0x00007fff206b5000 	/System/Library/Frameworks/CoreFoundation.framework/Versions/A/CoreFoundation
0x00007fff28f08000 	/System/Library/Frameworks/CoreImage.framework/Versions/A/CoreImage
0x00007fff21c61000 	/System/Library/Frameworks/CoreText.framework/Versions/A/CoreText
0x00007fff28ccd000 	/System/Library/Frameworks/ImageIO.framework/Versions/A/ImageIO
0x00007fff2a846000 	/System/Library/PrivateFrameworks/SoftLinking.framework/Versions/A/SoftLinking
0x00007fff274c1000 	/usr/lib/libxml2.2.dylib
0x00007fff2059a000 	/usr/lib/libc++.1.dylib
0x00007fff2aab8000 	/usr/lib/libcompression.dylib
0x00007fff24e2a000 	/usr/lib/libMobileGestalt.dylib
0x00007fff2c096000 	/System/Library/PrivateFrameworks/TextureIO.framework/Versions/A/TextureIO
0x00007fff2b0de000 	/usr/lib/libate.dylib
0x00007fff2a83a000 	/usr/lib/system/libcache.dylib
0x00007fff2a7f6000 	/usr/lib/system/libcommonCrypto.dylib
0x00007fff2a820000 	/usr/lib/system/libcompiler_rt.dylib
0x00007fff2a815000 	/usr/lib/system/libcopyfile.dylib
0x00007fff203c3000 	/usr/lib/system/libcorecrypto.dylib
0x00007fff20490000 	/usr/lib/system/libdispatch.dylib
0x00007fff20644000 	/usr/lib/system/libdyld.dylib
0x00007fff2a831000 	/usr/lib/system/libkeymgr.dylib
0x00007fff2dc79000 	/usr/lib/system/liblaunch.dylib
0x00007fff2a7d4000 	/usr/lib/system/libmacho.dylib
0x00007fff29fee000 	/usr/lib/system/libquarantine.dylib
0x00007fff2a82e000 	/usr/lib/system/libremovefile.dylib
0x00007fff24e86000 	/usr/lib/system/libsystem_asl.dylib
0x00007fff20373000 	/usr/lib/system/libsystem_blocks.dylib
0x00007fff20511000 	/usr/lib/system/libsystem_c.dylib
0x00007fff2a828000 	/usr/lib/system/libsystem_collections.dylib
0x00007fff292e2000 	/usr/lib/system/libsystem_configuration.dylib
0x00007fff285d5000 	/usr/lib/system/libsystem_containermanager.dylib
0x00007fff2a570000 	/usr/lib/system/libsystem_coreservices.dylib
0x00007fff22aa3000 	/usr/lib/system/libsystem_darwin.dylib
0x00007fff2a832000 	/usr/lib/system/libsystem_dnssd.dylib
0x00007fff2050e000 	/usr/lib/system/libsystem_featureflags.dylib
0x00007fff20689000 	/usr/lib/system/libsystem_info.dylib
0x00007fff2a78b000 	/usr/lib/system/libsystem_m.dylib
0x00007fff20463000 	/usr/lib/system/libsystem_malloc.dylib
0x00007fff24e1a000 	/usr/lib/system/libsystem_networkextension.dylib
0x00007fff22ebe000 	/usr/lib/system/libsystem_notify.dylib
0x00007fff3012d000 	/usr/lib/system/libsystem_product_info_filter.dylib
0x00007fff292e6000 	/usr/lib/system/libsystem_sandbox.dylib
0x00007fff2a82b000 	/usr/lib/system/libsystem_secinit.dylib
0x00007fff20609000 	/usr/lib/system/libsystem_kernel.dylib
0x00007fff2067f000 	/usr/lib/system/libsystem_platform.dylib
0x00007fff20638000 	/usr/lib/system/libsystem_pthread.dylib
0x00007fff26585000 	/usr/lib/system/libsystem_symptoms.dylib
0x00007fff203ab000 	/usr/lib/system/libsystem_trace.dylib
0x00007fff2a802000 	/usr/lib/system/libunwind.dylib
0x00007fff20375000 	/usr/lib/system/libxpc.dylib
0x00007fff205f0000 	/usr/lib/libc++abi.dylib
0x00007fff2a80d000 	/usr/lib/liboah.dylib
0x00007fff2aec3000 	/usr/lib/liblzma.5.dylib
0x00007fff21176000 	/System/Library/Frameworks/SystemConfiguration.framework/Versions/A/SystemConfiguration
0x00007fff2a842000 	/usr/lib/libfakelink.dylib
0x00007fff2497c000 	/System/Library/Frameworks/CFNetwork.framework/Versions/A/CFNetwork
0x00007fff2a982000 	/usr/lib/libarchive.2.dylib
0x00007fff211f4000 	/usr/lib/libCRFSuite.dylib
0x00007fff2a015000 	/usr/lib/libbsm.0.dylib
0x00007fff24338000 	/usr/lib/libnetwork.dylib
0x00007fff2a847000 	/usr/lib/libpcap.A.dylib
0x00007fff2657e000 	/usr/lib/libdns_services.dylib
0x00007fff2aedc000 	/usr/lib/libcoretls_cfhelpers.dylib
0x00007fff2aa86000 	/usr/lib/libapple_nghttp2.dylib
0x00007fff2a7da000 	/usr/lib/system/libkxld.dylib
0x00007fff261e4000 	/usr/lib/libsqlite3.dylib
0x00007fff2a552000 	/System/Library/PrivateFrameworks/AppleFSCompression.framework/Versions/A/AppleFSCompression
0x00007fff29ffd000 	/usr/lib/libcoretls.dylib
0x00007fff2aab3000 	/usr/lib/libpam.2.dylib
0x00007fff2afd9000 	/usr/lib/libxar.1.dylib
0x00007fff292ed000 	/System/Library/PrivateFrameworks/AppleSystemInfo.framework/Versions/A/AppleSystemInfo
0x00007fff29c40000 	/System/Library/PrivateFrameworks/IOMobileFramebuffer.framework/Versions/A/IOMobileFramebuffer
0x00007fff2a562000 	/usr/lib/libbz2.1.0.dylib
0x00007fff2a87f000 	/usr/lib/libiconv.2.dylib
0x00007fff2a7d3000 	/usr/lib/libcharset.1.dylib
0x00007fff27447000 	/System/Library/Frameworks/CoreServices.framework/Versions/A/Frameworks/FSEvents.framework/Versions/A/FSEvents
0x00007fff22aad000 	/System/Library/Frameworks/CoreServices.framework/Versions/A/Frameworks/CarbonCore.framework/Versions/A/CarbonCore
0x00007fff26787000 	/System/Library/Frameworks/CoreServices.framework/Versions/A/Frameworks/Metadata.framework/Versions/A/Metadata
0x00007fff2a575000 	/System/Library/Frameworks/CoreServices.framework/Versions/A/Frameworks/OSServices.framework/Versions/A/OSServices
0x00007fff2a9f4000 	/System/Library/Frameworks/CoreServices.framework/Versions/A/Frameworks/SearchKit.framework/Versions/A/SearchKit
0x00007fff26508000 	/System/Library/Frameworks/CoreServices.framework/Versions/A/Frameworks/AE.framework/Versions/A/AE
0x00007fff20b51000 	/System/Library/Frameworks/CoreServices.framework/Versions/A/Frameworks/LaunchServices.framework/Versions/A/LaunchServices
0x00007fff2ae74000 	/System/Library/Frameworks/CoreServices.framework/Versions/A/Frameworks/DictionaryServices.framework/Versions/A/DictionaryServices
0x00007fff27450000 	/System/Library/Frameworks/CoreServices.framework/Versions/A/Frameworks/SharedFileList.framework/Versions/A/SharedFileList
0x00007fff29ff1000 	/usr/lib/libCheckFix.dylib
0x00007fff24e9d000 	/System/Library/PrivateFrameworks/TCC.framework/Versions/A/TCC
0x00007fff292f3000 	/System/Library/PrivateFrameworks/CoreNLP.framework/Versions/A/CoreNLP
0x00007fff2673a000 	/System/Library/PrivateFrameworks/MetadataUtilities.framework/Versions/A/MetadataUtilities
0x00007fff2122a000 	/usr/lib/libmecabra.dylib
0x00007fff2a304000 	/System/Library/Frameworks/MLCompute.framework/Versions/A/MLCompute
0x00007fff2a026000 	/usr/lib/libmecab.dylib
0x00007fff2a070000 	/usr/lib/libgermantok.dylib
0x00007fff2aa5c000 	/usr/lib/libThaiTokenizer.dylib
0x00007fff2b014000 	/usr/lib/libChineseTokenizer.dylib
0x00007fff2aab1000 	/System/Library/Frameworks/MetalPerformanceShaders.framework/Versions/A/MetalPerformanceShaders
0x00007fff26829000 	/System/Library/Frameworks/Accelerate.framework/Versions/A/Frameworks/vImage.framework/Versions/A/vImage
0x00007fff30208000 	/System/Library/Frameworks/Accelerate.framework/Versions/A/Frameworks/vecLib.framework/Versions/A/vecLib
0x00007fff2b01f000 	/System/Library/Frameworks/Accelerate.framework/Versions/A/Frameworks/vecLib.framework/Versions/A/libvMisc.dylib
0x00007fff29a59000 	/System/Library/Frameworks/Accelerate.framework/Versions/A/Frameworks/vecLib.framework/Versions/A/libvDSP.dylib
0x00007fff20e55000 	/System/Library/Frameworks/Accelerate.framework/Versions/A/Frameworks/vecLib.framework/Versions/A/libBLAS.dylib
0x00007fff2aad7000 	/System/Library/Frameworks/Accelerate.framework/Versions/A/Frameworks/vecLib.framework/Versions/A/libLAPACK.dylib
0x00007fff2a076000 	/System/Library/Frameworks/Accelerate.framework/Versions/A/Frameworks/vecLib.framework/Versions/A/libLinearAlgebra.dylib
0x00007fff2aa9e000 	/System/Library/Frameworks/Accelerate.framework/Versions/A/Frameworks/vecLib.framework/Versions/A/libSparseBLAS.dylib
0x00007fff2aad1000 	/System/Library/Frameworks/Accelerate.framework/Versions/A/Frameworks/vecLib.framework/Versions/A/libQuadrature.dylib
0x00007fff2939b000 	/System/Library/Frameworks/Accelerate.framework/Versions/A/Frameworks/vecLib.framework/Versions/A/libBNNS.dylib
0x00007fff21107000 	/System/Library/Frameworks/Accelerate.framework/Versions/A/Frameworks/vecLib.framework/Versions/A/libSparse.dylib
0x00007fff29286000 	/System/Library/Frameworks/MetalPerformanceShaders.framework/Versions/A/Frameworks/MPSCore.framework/Versions/A/MPSCore
0x00007fff2a4c1000 	/System/Library/Frameworks/MetalPerformanceShaders.framework/Versions/A/Frameworks/MPSImage.framework/Versions/A/MPSImage
0x00007fff2a08c000 	/System/Library/Frameworks/MetalPerformanceShaders.framework/Versions/A/Frameworks/MPSNeuralNetwork.framework/Versions/A/MPSNeuralNetwork
0x00007fff2a44c000 	/System/Library/Frameworks/MetalPerformanceShaders.framework/Versions/A/Frameworks/MPSMatrix.framework/Versions/A/MPSMatrix
0x00007fff2a2b4000 	/System/Library/Frameworks/MetalPerformanceShaders.framework/Versions/A/Frameworks/MPSRayIntersector.framework/Versions/A/MPSRayIntersector
0x00007fff2a483000 	/System/Library/Frameworks/MetalPerformanceShaders.framework/Versions/A/Frameworks/MPSNDArray.framework/Versions/A/MPSNDArray
0x00007fff20d81000 	/System/Library/PrivateFrameworks/MetalTools.framework/Versions/A/MetalTools
0x00007fff292eb000 	/System/Library/PrivateFrameworks/AggregateDictionary.framework/Versions/A/AggregateDictionary
0x00007fff26712000 	/System/Library/PrivateFrameworks/CoreAnalytics.framework/Versions/A/CoreAnalytics
0x00007fff2aa5e000 	/System/Library/PrivateFrameworks/AppleSauce.framework/Versions/A/AppleSauce
0x00007fff285f8000 	/System/Library/PrivateFrameworks/IOAccelerator.framework/Versions/A/IOAccelerator
0x00007fff6cb8c000 	/System/Library/Frameworks/OpenGL.framework/Versions/A/Libraries/libCoreFSCache.dylib
0x00007fff217c6000 	/System/Library/PrivateFrameworks/LanguageModeling.framework/Versions/A/LanguageModeling
0x00007fff29c2d000 	/System/Library/PrivateFrameworks/CoreEmoji.framework/Versions/A/CoreEmoji
0x00007fff29394000 	/System/Library/PrivateFrameworks/LinguisticData.framework/Versions/A/LinguisticData
0x00007fff210b9000 	/System/Library/PrivateFrameworks/Lexicon.framework/Versions/A/Lexicon
0x00007fff2a970000 	/usr/lib/libcmph.dylib
0x00007fff27427000 	/System/Library/Frameworks/OpenDirectory.framework/Versions/A/Frameworks/CFOpenDirectory.framework/Versions/A/CFOpenDirectory
0x00007fff27417000 	/System/Library/Frameworks/OpenDirectory.framework/Versions/A/OpenDirectory
0x00007fff2aede000 	/System/Library/PrivateFrameworks/APFS.framework/Versions/A/APFS
0x00007fff29f52000 	/System/Library/Frameworks/SecurityFoundation.framework/Versions/A/SecurityFoundation
0x00007fff2afe7000 	/usr/lib/libutil.dylib
0x00007fff22dd4000 	/System/Library/PrivateFrameworks/CoreServicesStore.framework/Versions/A/CoreServicesStore
0x00007fff29fe9000 	/System/Library/Frameworks/ServiceManagement.framework/Versions/A/ServiceManagement
0x00007fff2afeb000 	/usr/lib/libxslt.1.dylib
0x00007fff29fdf000 	/System/Library/PrivateFrameworks/BackgroundTaskManagement.framework/Versions/A/BackgroundTaskManagement
0x00007fff2bfe0000 	/System/Library/Frameworks/ImageIO.framework/Versions/A/Resources/libRadiance.dylib
0x00007fff2bfea000 	/System/Library/Frameworks/ImageIO.framework/Versions/A/Resources/libJPEG.dylib
0x00007fff2bf35000 	/System/Library/Frameworks/ImageIO.framework/Versions/A/Resources/libPng.dylib
0x00007fff2bf5c000 	/System/Library/Frameworks/ImageIO.framework/Versions/A/Resources/libTIFF.dylib
0x00007fff2c03f000 	/System/Library/Frameworks/ImageIO.framework/Versions/A/Resources/libGIF.dylib
0x00007fff2bc98000 	/System/Library/Frameworks/ImageIO.framework/Versions/A/Resources/libJP2.dylib
0x00007fff2b382000 	/usr/lib/libexpat.1.dylib
0x00007fff2bc4d000 	/System/Library/PrivateFrameworks/AppleJPEG.framework/Versions/A/AppleJPEG
0x00007fff2882e000 	/System/Library/PrivateFrameworks/FontServices.framework/libFontParser.dylib
0x00007fff264bc000 	/System/Library/PrivateFrameworks/RunningBoardServices.framework/Versions/A/RunningBoardServices
0x00007fff2bd77000 	/System/Library/PrivateFrameworks/WatchdogClient.framework/Versions/A/WatchdogClient
0x00007fff218b3000 	/System/Library/Frameworks/CoreDisplay.framework/Versions/A/CoreDisplay
0x00007fff28744000 	/System/Library/Frameworks/CoreMedia.framework/Versions/A/CoreMedia
0x00007fff275a4000 	/System/Library/Frameworks/CoreVideo.framework/Versions/A/CoreVideo
0x00007fff2bdaf000 	/System/Library/Frameworks/VideoToolbox.framework/Versions/A/VideoToolbox
0x00007fff2643a000 	/System/Library/PrivateFrameworks/BaseBoard.framework/Versions/A/BaseBoard
0x00007fff2b4c7000 	/System/Library/PrivateFrameworks/PersistentConnection.framework/Versions/A/PersistentConnection
0x00007fff261cd000 	/System/Library/PrivateFrameworks/ProtocolBuffer.framework/Versions/A/ProtocolBuffer
0x00007fff26421000 	/System/Library/PrivateFrameworks/CommonUtilities.framework/Versions/A/CommonUtilities
0x00007fff2bbe2000 	/System/Library/PrivateFrameworks/Bom.framework/Versions/A/Bom
0x00007fff2bfd9000 	/System/Library/PrivateFrameworks/GPUWrangler.framework/Versions/A/GPUWrangler
0x00007fff2bfbc000 	/System/Library/PrivateFrameworks/IOPresentment.framework/Versions/A/IOPresentment
0x00007fff2bfe4000 	/System/Library/PrivateFrameworks/DSExternalDisplay.framework/Versions/A/DSExternalDisplay
0x00007fff2c044000 	/System/Library/PrivateFrameworks/CMCaptureCore.framework/Versions/A/CMCaptureCore
0x00007fff2b967000 	/System/Library/PrivateFrameworks/AppServerSupport.framework/Versions/A/AppServerSupport
0x00007fff2da18000 	/System/Library/PrivateFrameworks/perfdata.framework/Versions/A/perfdata
0x00007fff29f41000 	/System/Library/PrivateFrameworks/AssertionServices.framework/Versions/A/AssertionServices
0x00007fff219ea000 	/System/Library/PrivateFrameworks/AudioToolboxCore.framework/Versions/A/AudioToolboxCore
0x00007fff28727000 	/System/Library/PrivateFrameworks/caulk.framework/Versions/A/caulk
0x00007fff3d6c3000 	/System/Library/PrivateFrameworks/SystemPolicy.framework/Versions/A/SystemPolicy
0x00007fff2b177000 	/usr/lib/libIOReport.dylib
0x00007fff2d23a000 	/usr/lib/libSMC.dylib
0x00007fff2bf02000 	/usr/lib/libAudioToolboxUtility.dylib
0x00007fff3e02d000 	/usr/lib/libmis.dylib
0x00007fff6cbe8000 	/System/Library/Frameworks/OpenGL.framework/Versions/A/Libraries/libGLU.dylib
0x00007fff6cbab000 	/System/Library/Frameworks/OpenGL.framework/Versions/A/Libraries/libGFXShared.dylib
0x00007fff6cdba000 	/System/Library/Frameworks/OpenGL.framework/Versions/A/Libraries/libGL.dylib
0x00007fff6cbb4000 	/System/Library/Frameworks/OpenGL.framework/Versions/A/Libraries/libGLImage.dylib
0x00007fff6cba8000 	/System/Library/Frameworks/OpenGL.framework/Versions/A/Libraries/libCVMSPluginSupport.dylib
0x00007fff6cb93000 	/System/Library/Frameworks/OpenGL.framework/Versions/A/Libraries/libCoreVMClient.dylib
0x00007fff6e1fb000 	/System/Library/Frameworks/OpenCL.framework/Versions/A/OpenCL
0x00007fff2b4f1000 	/System/Library/PrivateFrameworks/GraphVisualizer.framework/Versions/A/GraphVisualizer
0x00007fff2b500000 	/System/Library/PrivateFrameworks/FaceCore.framework/Versions/A/FaceCore
0x00007fff2b91c000 	/System/Library/PrivateFrameworks/OTSVG.framework/Versions/A/OTSVG
0x00007fff2719b000 	/System/Library/Frameworks/ApplicationServices.framework/Versions/A/Frameworks/ATS.framework/Versions/A/Resources/libFontRegistry.dylib
0x00007fff2b96e000 	/System/Library/PrivateFrameworks/FontServices.framework/libhvf.dylib
0x00007fff2b32e000 	/System/Library/PrivateFrameworks/AppleVA.framework/Versions/A/AppleVA
0x00007fff2d083000 	/System/Library/Frameworks/ApplicationServices.framework/Versions/A/Frameworks/ATS.framework/Versions/A/ATS
0x00007fff2d395000 	/System/Library/Frameworks/ApplicationServices.framework/Versions/A/Frameworks/ColorSyncLegacy.framework/Versions/A/ColorSyncLegacy
0x00007fff259a7000 	/System/Library/Frameworks/ApplicationServices.framework/Versions/A/Frameworks/HIServices.framework/Versions/A/HIServices
0x00007fff2d37a000 	/System/Library/Frameworks/ApplicationServices.framework/Versions/A/Frameworks/LangAnalysis.framework/Versions/A/LangAnalysis
0x00007fff2c04e000 	/System/Library/Frameworks/ApplicationServices.framework/Versions/A/Frameworks/PrintCore.framework/Versions/A/PrintCore
0x00007fff2d39d000 	/System/Library/Frameworks/ApplicationServices.framework/Versions/A/Frameworks/QD.framework/Versions/A/QD
0x00007fff2d073000 	/System/Library/Frameworks/ApplicationServices.framework/Versions/A/Frameworks/SpeechSynthesis.framework/Versions/A/SpeechSynthesis
0x00007fff2c00f000 	/System/Library/Frameworks/ApplicationServices.framework/Versions/A/Frameworks/ATSUI.framework/Versions/A/ATSUI
0x00007fff2d31a000 	/usr/lib/libcups.2.dylib
0x00007fff2d38a000 	/System/Library/PrivateFrameworks/NetAuth.framework/Versions/A/NetAuth
0x00007fff2da34000 	/System/Library/Frameworks/Kerberos.framework/Versions/A/Kerberos
0x00007fff2da44000 	/System/Library/Frameworks/GSS.framework/Versions/A/GSS
0x00007fff2d0ef000 	/usr/lib/libresolv.9.dylib
0x00007fff2b983000 	/System/Library/PrivateFrameworks/Heimdal.framework/Versions/A/Heimdal
0x00007fff337c8000 	/System/Library/Frameworks/Kerberos.framework/Versions/A/Libraries/libHeimdalProxy.dylib
0x00007fff2658d000 	/System/Library/Frameworks/Network.framework/Versions/A/Network
0x00007fff2b39c000 	/usr/lib/libheimdal-asn1.dylib
0x00007fff2da94000 	/System/Library/PrivateFrameworks/CommonAuth.framework/Versions/A/CommonAuth
0x00007fff275f1000 	/System/Library/PrivateFrameworks/login.framework/Versions/A/Frameworks/loginsupport.framework/Versions/A/loginsupport
0x00007fff2cff8000 	/System/Library/PrivateFrameworks/AudioSession.framework/Versions/A/AudioSession
0x00007fff2d060000 	/usr/lib/libAudioStatistics.dylib
0x00007fff2b429000 	/System/Library/PrivateFrameworks/MediaExperience.framework/Versions/A/MediaExperience
0x00007fff2ce95000 	/System/Library/PrivateFrameworks/AudioSession.framework/libSessionUtility.dylib
0x00007fff2da25000 	/usr/lib/libperfcheck.dylib
0x00007fff2d3a9000 	/System/Library/PrivateFrameworks/AudioResourceArbitration.framework/Versions/A/AudioResourceArbitration
0x00007fff2b3a6000 	/System/Library/PrivateFrameworks/IconFoundation.framework/Versions/A/IconFoundation
0x00007fff2fed2000 	/System/Library/PrivateFrameworks/SpeechRecognitionCore.framework/Versions/A/SpeechRecognitionCore
0x000000010c800000 	/Users/cadennewton/wpilib/2021/jdk/lib/server/libjvm.dylib
0x000000010a471000 	/Users/cadennewton/wpilib/2021/jdk/lib/libverify.dylib
0x000000010a482000 	/Users/cadennewton/wpilib/2021/jdk/lib/libjava.dylib
0x000000010a4ae000 	/Users/cadennewton/wpilib/2021/jdk/lib/libjimage.dylib
0x000000010a4bc000 	/Users/cadennewton/wpilib/2021/jdk/lib/libjdwp.dylib
0x000000010a541000 	/Users/cadennewton/wpilib/2021/jdk/lib/libzip.dylib
0x000000010a7d9000 	/Users/cadennewton/wpilib/2021/jdk/lib/libdt_socket.dylib
0x000000010a7e3000 	/Users/cadennewton/wpilib/2021/jdk/lib/libnio.dylib
0x0000000113552000 	/Users/cadennewton/wpilib/2021/jdk/lib/libnet.dylib
0x000000011356b000 	/Users/cadennewton/Documents/romi-examples-main 2/RomiExample/build/tmp/jniExtractDir/libwpiHaljni.dylib
0x00000001135ef000 	/Users/cadennewton/Documents/romi-examples-main 2/RomiExample/build/tmp/jniExtractDir/libwpiHal.dylib
0x00000001136d3000 	/Users/cadennewton/Documents/romi-examples-main 2/RomiExample/build/tmp/jniExtractDir/libwpiutil.dylib
0x00007fff3d538000 	/System/Library/Frameworks/AVFoundation.framework/Versions/A/AVFoundation
0x00007fff37a54000 	/System/Library/Frameworks/AVFoundation.framework/Versions/A/Frameworks/AVFAudio.framework/Versions/A/AVFAudio
0x00007fff31968000 	/System/Library/PrivateFrameworks/AVFCore.framework/Versions/A/AVFCore
0x00007fff37b3c000 	/System/Library/PrivateFrameworks/AVFCapture.framework/Versions/A/AVFCapture
0x00007fff2e5bc000 	/System/Library/Frameworks/IOBluetooth.framework/Versions/A/IOBluetooth
0x00007fff29c4b000 	/System/Library/Frameworks/CoreWLAN.framework/Versions/A/CoreWLAN
0x00007fff3387b000 	/System/Library/Frameworks/AudioUnit.framework/Versions/A/AudioUnit
0x00007fff30d74000 	/System/Library/Frameworks/CoreBluetooth.framework/Versions/A/CoreBluetooth
0x00007fff32e54000 	/System/Library/PrivateFrameworks/CoreWiFi.framework/Versions/A/CoreWiFi
0x00007fff29d1e000 	/System/Library/PrivateFrameworks/CoreUtils.framework/Versions/A/CoreUtils
0x00007fff29f1e000 	/System/Library/PrivateFrameworks/MobileKeyBag.framework/Versions/A/MobileKeyBag
0x00007fff3c500000 	/System/Library/PrivateFrameworks/AirPlaySync.framework/Versions/A/AirPlaySync
0x00007fff2c247000 	/System/Library/Frameworks/MediaToolbox.framework/Versions/A/MediaToolbox
0x00007fff2d1d5000 	/System/Library/Frameworks/CoreMediaIO.framework/Versions/A/CoreMediaIO
0x00007fff3138a000 	/System/Library/PrivateFrameworks/CoreAVCHD.framework/Versions/A/CoreAVCHD
0x00007fff3053e000 	/System/Library/Frameworks/MediaAccessibility.framework/Versions/A/MediaAccessibility
0x00007fff31386000 	/System/Library/PrivateFrameworks/Mangrove.framework/Versions/A/Mangrove
0x00007fff3054a000 	/System/Library/PrivateFrameworks/AlgosScoreFramework.framework/Versions/A/AlgosScoreFramework
0x00007fff31d4f000 	/System/Library/PrivateFrameworks/AppleVPA.framework/Versions/A/AppleVPA
0x00007fff30fcb000 	/System/Library/PrivateFrameworks/CoreAUC.framework/Versions/A/CoreAUC
0x00007fff37c50000 	/System/Library/PrivateFrameworks/Quagga.framework/Versions/A/Quagga
0x00007fff37ce5000 	/System/Library/PrivateFrameworks/CMCapture.framework/Versions/A/CMCapture
0x00007fff33994000 	/System/Library/PrivateFrameworks/Espresso.framework/Versions/A/Espresso
0x00007fff3514e000 	/System/Library/PrivateFrameworks/AppleNeuralEngine.framework/Versions/A/AppleNeuralEngine
0x00007fff341a2000 	/System/Library/PrivateFrameworks/ANEServices.framework/Versions/A/ANEServices
0x00007fff22eca000 	/usr/lib/libsandbox.1.dylib
0x00007fff2b29a000 	/usr/lib/libMatch.1.dylib
0x00007fff32fa7000 	/System/Library/PrivateFrameworks/BackBoardServices.framework/Versions/A/BackBoardServices
0x00007fff31af6000 	/System/Library/PrivateFrameworks/FrontBoardServices.framework/Versions/A/FrontBoardServices
0x00007fff31b69000 	/System/Library/PrivateFrameworks/BoardServices.framework/Versions/A/BoardServices
0x00000001138e3000 	/Users/cadennewton/Documents/romi-examples-main 2/RomiExample/build/tmp/expandedArchives/halsim_gui-2021.2.2-osxx86-64.zip_f5561bcd7c4301ba6b8af8f98515ed37/osx/x86-64/shared/libhalsim_gui.dylib
0x0000000113de3000 	/Users/cadennewton/Documents/romi-examples-main 2/RomiExample/build/tmp/jniExtractDir/libwpimath.dylib
0x0000000114003000 	/Users/cadennewton/Documents/romi-examples-main 2/RomiExample/build/tmp/jniExtractDir/libntcore.dylib
0x00007fff2e7b0000 	/System/Library/Frameworks/MetalKit.framework/Versions/A/MetalKit
0x00007fff22d95000 	/System/Library/PrivateFrameworks/CoreServicesInternal.framework/Versions/A/CoreServicesInternal
0x00007fff313b8000 	/System/Library/Frameworks/FileProvider.framework/Versions/A/FileProvider
0x00007fff263a4000 	/System/Library/Frameworks/Accounts.framework/Versions/A/Accounts
0x00007fff314d9000 	/System/Library/PrivateFrameworks/GenerationalStorage.framework/Versions/A/GenerationalStorage
0x00007fff31e9c000 	/System/Library/PrivateFrameworks/CoreSymbolication.framework/Versions/A/CoreSymbolication
0x00007fff30dd7000 	/System/Library/PrivateFrameworks/SymptomDiagnosticReporter.framework/Versions/A/SymptomDiagnosticReporter
0x00007fff2e6dd000 	/System/Library/PrivateFrameworks/AppContainer.framework/Versions/A/AppContainer
0x00007fff23ee1000 	/System/Library/PrivateFrameworks/DesktopServicesPriv.framework/Versions/A/DesktopServicesPriv
0x00007fff2761d000 	/System/Library/PrivateFrameworks/UserManagement.framework/Versions/A/UserManagement
0x00007fff34832000 	/System/Library/PrivateFrameworks/ChunkingLibrary.framework/Versions/A/ChunkingLibrary
0x00007fff31e5f000 	/System/Library/PrivateFrameworks/DebugSymbols.framework/Versions/A/DebugSymbols
0x00007fff2e6f2000 	/System/Library/PrivateFrameworks/SecCodeWrapper.framework/Versions/A/SecCodeWrapper
0x00007fff2b17f000 	/System/Library/PrivateFrameworks/CrashReporterSupport.framework/Versions/A/CrashReporterSupport
0x00007fff485b6000 	/System/Library/PrivateFrameworks/OSAnalytics.framework/Versions/A/OSAnalytics
0x00007fff783c0000 	/usr/lib/libRosetta.dylib
0x00007fff33213000 	/System/Library/PrivateFrameworks/RemoteServiceDiscovery.framework/Versions/A/RemoteServiceDiscovery
0x00007fff5258d000 	/System/Library/PrivateFrameworks/Symbolication.framework/Versions/A/Symbolication
0x00007fff33223000 	/System/Library/PrivateFrameworks/RemoteXPC.framework/Versions/A/RemoteXPC
0x00007fff3972e000 	/System/Library/PrivateFrameworks/OSAServicesClient.framework/Versions/A/OSAServicesClient
0x00007fff3e00c000 	/System/Library/PrivateFrameworks/MallocStackLogging.framework/Versions/A/MallocStackLogging
0x00007fff2e474000 	/System/Library/PrivateFrameworks/Sharing.framework/Versions/A/Sharing
0x00007fff32df0000 	/System/Library/PrivateFrameworks/Apple80211.framework/Versions/A/Apple80211
0x00007fff2a5a3000 	/System/Library/PrivateFrameworks/AuthKit.framework/Versions/A/AuthKit
0x00007fff2db1c000 	/System/Library/PrivateFrameworks/CorePhoneNumbers.framework/Versions/A/CorePhoneNumbers
0x00007fff30edf000 	/System/Library/PrivateFrameworks/DiskManagement.framework/Versions/A/DiskManagement
0x00007fff30df5000 	/System/Library/PrivateFrameworks/AppleIDAuthSupport.framework/Versions/A/AppleIDAuthSupport
0x00007fff2daf9000 	/System/Library/PrivateFrameworks/KeychainCircle.framework/Versions/A/KeychainCircle
0x00007fff30eab000 	/System/Library/PrivateFrameworks/MediaKit.framework/Versions/A/MediaKit
0x00007fff30e02000 	/System/Library/Frameworks/DiscRecording.framework/Versions/A/DiscRecording
0x00007fff2b2a2000 	/usr/lib/libCoreStorage.dylib
0x00007fff3328e000 	/usr/lib/libcsfde.dylib
0x00007fff2e6f6000 	/System/Library/PrivateFrameworks/ProtectedCloudStorage.framework/Versions/A/ProtectedCloudStorage
0x00007fff33286000 	/System/Library/PrivateFrameworks/EFILogin.framework/Versions/A/EFILogin
0x00000001149b1000 	/usr/lib/libobjc-trampolines.dylib
0x00000001149fc000 	/System/Library/Extensions/IOHIDFamily.kext/Contents/PlugIns/IOHIDLib.plugin/Contents/MacOS/IOHIDLib
0x00007fff2731f000 	/System/Library/PrivateFrameworks/ViewBridge.framework/Versions/A/ViewBridge
0x00007fff41c39000 	/System/Library/Frameworks/Accelerate.framework/Versions/A/Frameworks/vImage.framework/Versions/A/Libraries/libCGInterfaces.dylib
0x00007fff2ba44000 	/System/Library/PrivateFrameworks/login.framework/Versions/A/login
0x00007fff5ed68000 	/System/Library/Extensions/AppleIntelKBLGraphicsMTLDriver.bundle/Contents/MacOS/AppleIntelKBLGraphicsMTLDriver
0x00007fff3e040000 	/System/Library/PrivateFrameworks/GPURawCounter.framework/Versions/A/GPURawCounter
0x0000000135bae000 	/Users/cadennewton/Documents/romi-examples-main 2/RomiExample/build/tmp/expandedArchives/halsim_ds_socket-2021.2.2-osxx86-64.zip_481495b05ee77d5634c4cbd811983800/osx/x86-64/shared/libhalsim_ds_socket.dylib
0x0000000135be2000 	/Users/cadennewton/Documents/romi-examples-main 2/RomiExample/build/tmp/expandedArchives/halsim_ws_client-2021.2.2-osxx86-64.zip_3528187fca2db7f083eed7e5dd69f68f/osx/x86-64/shared/libhalsim_ws_client.dylib
0x0000000135c8a000 	/Users/cadennewton/Documents/romi-examples-main 2/RomiExample/build/tmp/jniExtractDir/libcscorejni.dylib
0x0000000135cba000 	/Users/cadennewton/Documents/romi-examples-main 2/RomiExample/build/tmp/jniExtractDir/libcscore.dylib
0x0000000135d56000 	/Users/cadennewton/Documents/romi-examples-main 2/RomiExample/build/tmp/jniExtractDir/libopencv_superres.3.4.dylib
0x0000000135d82000 	/Users/cadennewton/Documents/romi-examples-main 2/RomiExample/build/tmp/jniExtractDir/libopencv_videostab.3.4.dylib
0x0000000135dda000 	/Users/cadennewton/Documents/romi-examples-main 2/RomiExample/build/tmp/jniExtractDir/libopencv_videoio.3.4.dylib
0x0000000135e2a000 	/Users/cadennewton/Documents/romi-examples-main 2/RomiExample/build/tmp/jniExtractDir/libopencv_highgui.3.4.dylib
0x0000000135e4e000 	/Users/cadennewton/Documents/romi-examples-main 2/RomiExample/build/tmp/jniExtractDir/libopencv_objdetect.3.4.dylib
0x0000000135eca000 	/Users/cadennewton/Documents/romi-examples-main 2/RomiExample/build/tmp/jniExtractDir/libopencv_imgcodecs.3.4.dylib
0x0000000135faa000 	/Users/cadennewton/Documents/romi-examples-main 2/RomiExample/build/tmp/jniExtractDir/libopencv_video.3.4.dylib
0x0000000136012000 	/Users/cadennewton/Documents/romi-examples-main 2/RomiExample/build/tmp/jniExtractDir/libopencv_photo.3.4.dylib
0x00000001360f2000 	/Users/cadennewton/Documents/romi-examples-main 2/RomiExample/build/tmp/jniExtractDir/libopencv_shape.3.4.dylib
0x0000000136136000 	/Users/cadennewton/Documents/romi-examples-main 2/RomiExample/build/tmp/jniExtractDir/libopencv_imgproc.3.4.dylib
0x00000001366ce000 	/Users/cadennewton/Documents/romi-examples-main 2/RomiExample/build/tmp/jniExtractDir/libopencv_flann.3.4.dylib
0x0000000136746000 	/Users/cadennewton/Documents/romi-examples-main 2/RomiExample/build/tmp/jniExtractDir/libopencv_features2d.3.4.dylib
0x0000000136806000 	/Users/cadennewton/Documents/romi-examples-main 2/RomiExample/build/tmp/jniExtractDir/libopencv_ml.3.4.dylib
0x00000001368e2000 	/Users/cadennewton/Documents/romi-examples-main 2/RomiExample/build/tmp/jniExtractDir/libopencv_calib3d.3.4.dylib
0x0000000136ad6000 	/Users/cadennewton/Documents/romi-examples-main 2/RomiExample/build/tmp/jniExtractDir/libopencv_core.3.4.dylib
0x0000000136e8a000 	/Users/cadennewton/Documents/romi-examples-main 2/RomiExample/build/tmp/jniExtractDir/libopencv_stitching.3.4.dylib
0x0000000137168000 	/Users/cadennewton/Documents/romi-examples-main 2/RomiExample/build/tmp/jniExtractDir/libntcorejni.dylib
0x00007fff6a71e000 	/System/Library/PrivateFrameworks/GPUCompiler.framework/Versions/31001/Libraries/libmetal_timestamp.dylib


VM Arguments:
jvm_args: -agentlib:jdwp=transport=dt_socket,server=n,suspend=y,address=localhost:52981 -Djava.library.path=/Users/cadennewton/Documents/romi-examples-main 2/RomiExample/build/tmp/jniExtractDir -Dfile.encoding=UTF-8 
java_command: frc.robot.Main
java_class_path (initial): /Users/cadennewton/Documents/romi-examples-main 2/RomiExample/bin/main:/Users/cadennewton/.gradle/caches/modules-2/files-2.1/edu.wpi.first.wpilibj/wpilibj-java/2021.2.2/1a8283edbaa8a7c0cad67a3461475577cd9b1e7a/wpilibj-java-2021.2.2.jar:/Users/cadennewton/.gradle/caches/modules-2/files-2.1/edu.wpi.first.wpimath/wpimath-java/2021.2.2/be756454231da288b7f2d96f8add3818c3000762/wpimath-java-2021.2.2.jar:/Users/cadennewton/.gradle/caches/modules-2/files-2.1/edu.wpi.first.ntcore/ntcore-java/2021.2.2/42f98b4ab54cb1e54d1f08db6461defffba3cdef/ntcore-java-2021.2.2.jar:/Users/cadennewton/.gradle/caches/modules-2/files-2.1/edu.wpi.first.wpiutil/wpiutil-java/2021.2.2/b537b2fd160e1ae3e85bc06baeaa696d66ead95b/wpiutil-java-2021.2.2.jar:/Users/cadennewton/wpilib/2021/maven/edu/wpi/first/thirdparty/frc2021/opencv/opencv-java/3.4.7-5/opencv-java-3.4.7-5.jar:/Users/cadennewton/.gradle/caches/modules-2/files-2.1/edu.wpi.first.cscore/cscore-java/2021.2.2/1f2c760c2d8dc9337ff6be9474f49df4acbf7900/cscore-java-2021.2.2.jar:/Users/cadennewton/.gradle/caches/modules-2/files-2.1/edu.wpi.first.cameraserver/cameraserver-java/2021.2.2/4e8470c203f41e8e4c187d80583acd89a82e85ab/cameraserver-java-2021.2.2.jar:/Users/cadennewton/.gradle/caches/modules-2/files-2.1/edu.wpi.first.hal/hal-java/2021.2.2/807d64f14e79ee8c27cdb0cdfbdb06c3581023ef/hal-java-2021.2.2.jar:/Users/cadennewton/wpilib/2021/maven/org/ejml/ejml-simple/0.38/ejml-simple-0.38.jar:/Users/cadennewton/wpilib/2021/maven/com/fasterxml/jackson/core/jackson-databind/2.10.0/jackson-databind-2.10.0.jar:/Users/cadennewton/wpilib/2021/maven/com/fasterxml/jackson/core/jackson-annotations/2.10.0/jackson-annotations-2.10.0.jar:/Users/cadennewton/wpilib/2021/maven/com/fasterxml/jackson/core/jackson-core/2.10.0/jackson-core-2.10.0.jar:/Users/cadennewton/.gradle/caches/modules-2/files-2.1/edu.wpi.first.wpilibNewCommands/wpilibNewCommands-java/2021.2.2/4ffa94167cf6c07336c9c8bcaff44dabe3ee492c/wpilibNewCommands-java-2021.2.2.jar:/U
Launcher Type: SUN_STANDARD

[Global flags]
     intx CICompilerCount                          = 3                                         {product} {ergonomic}
     uint ConcGCThreads                            = 1                                         {product} {ergonomic}
     uint G1ConcRefinementThreads                  = 4                                         {product} {ergonomic}
   size_t G1HeapRegionSize                         = 1048576                                   {product} {ergonomic}
    uintx GCDrainStackTargetSize                   = 64                                        {product} {ergonomic}
   size_t InitialHeapSize                          = 268435456                                 {product} {ergonomic}
   size_t MarkStackSize                            = 4194304                                   {product} {ergonomic}
   size_t MaxHeapSize                              = 4294967296                                {product} {ergonomic}
   size_t MaxNewSize                               = 2576351232                                {product} {ergonomic}
   size_t MinHeapDeltaBytes                        = 1048576                                   {product} {ergonomic}
    uintx NonNMethodCodeHeapSize                   = 5830732                                {pd product} {ergonomic}
    uintx NonProfiledCodeHeapSize                  = 122913754                              {pd product} {ergonomic}
    uintx ProfiledCodeHeapSize                     = 122913754                              {pd product} {ergonomic}
    uintx ReservedCodeCacheSize                    = 251658240                              {pd product} {ergonomic}
     bool SegmentedCodeCache                       = true                                      {product} {ergonomic}
     bool UseCompressedClassPointers               = true                                 {lp64_product} {ergonomic}
     bool UseCompressedOops                        = true                                 {lp64_product} {ergonomic}
     bool UseG1GC                                  = true                                      {product} {ergonomic}

Logging:
Log output configuration:
 #0: stdout all=warning uptime,level,tags
 #1: stderr all=off uptime,level,tags

Environment Variables:
JAVA_HOME=/Users/cadennewton/wpilib/2021/jdk
PATH=/Users/cadennewton/.npm-global/bin:/usr/local/bin:/usr/bin:/bin:/usr/sbin:/sbin:/usr/local/share/dotnet:~/.dotnet/tools:/Library/Apple/usr/bin:/Library/Frameworks/Mono.framework/Versions/Current/Commands:/Applications/Xamarin Workbooks.app/Contents/SharedSupport/path-bin:/Users/cadennewton/wpilib/2021/jdk/bin:/Users/cadennewton/.npm-global/bin:/Users/cadennewton/Library/Android/sdk/emulator:/Users/cadennewton/Library/Android/sdk/tools:/Users/cadennewton/Library/Android/sdk/tools/bin:/Users/cadennewton/Library/Android/sdk/platform-tools:/Users/cadennewton/Library/Android/sdk/emulator:/Users/cadennewton/Library/Android/sdk/tools:/Users/cadennewton/Library/Android/sdk/tools/bin:/Users/cadennewton/Library/Android/sdk/platform-tools
LD_LIBRARY_PATH=/Users/cadennewton/Documents/romi-examples-main 2/RomiExample/build/tmp/jniExtractDir
SHELL=/bin/bash
LANG=en_US.UTF-8
DYLD_LIBRARY_PATH=/Users/cadennewton/Documents/romi-examples-main 2/RomiExample/build/tmp/jniExtractDir

Signal Handlers:
SIGSEGV: [libjvm.dylib+0x74285a], sa_mask[0]=11111111011111110111111111111111, sa_flags=SA_ONSTACK|SA_RESTART|SA_SIGINFO
SIGBUS: [libjvm.dylib+0x74285a], sa_mask[0]=11111111011111110111111111111111, sa_flags=SA_RESTART|SA_SIGINFO
SIGFPE: [libjvm.dylib+0x74285a], sa_mask[0]=11111111011111110111111111111111, sa_flags=SA_RESTART|SA_SIGINFO
SIGPIPE: SIG_IGN, sa_mask[0]=00000000000000000000000000000000, sa_flags=SA_RESTART
SIGXFSZ: [libjvm.dylib+0x5f43ab], sa_mask[0]=11111111011111110111111111111111, sa_flags=SA_RESTART|SA_SIGINFO
SIGILL: [libjvm.dylib+0x74285a], sa_mask[0]=11111111011111110111111111111111, sa_flags=SA_RESTART|SA_SIGINFO
SIGUSR2: [libjvm.dylib+0x5f4993], sa_mask[0]=00000000000000000000000000000000, sa_flags=SA_RESTART|SA_SIGINFO
SIGHUP: [libjvm.dylib+0x5f34d9], sa_mask[0]=11111111011111110111111111111111, sa_flags=SA_RESTART|SA_SIGINFO
SIGINT: [libjvm.dylib+0x5f34d9], sa_mask[0]=11111111011111110111111111111111, sa_flags=SA_RESTART|SA_SIGINFO
SIGTERM: [libjvm.dylib+0x5f34d9], sa_mask[0]=11111111011111110111111111111111, sa_flags=SA_RESTART|SA_SIGINFO
SIGQUIT: [libjvm.dylib+0x5f34d9], sa_mask[0]=11111111011111110111111111111111, sa_flags=SA_RESTART|SA_SIGINFO


---------------  S Y S T E M  ---------------

OS:uname:Darwin 20.3.0 Darwin Kernel Version 20.3.0: Thu Jan 21 00:07:06 PST 2021; root:xnu-7195.81.3~1/RELEASE_X86_64 x86_64
OS uptime: 0 days 22:47 hours
rlimit (soft/hard): STACK 8192k/65532k , CORE 0k/infinity , NPROC 2784/4176 , NOFILE 10240/infinity , AS infinity/infinity , CPU infinity/infinity , DATA infinity/infinity , FSIZE infinity/infinity , MEMLOCK infinity/infinity , RSS infinity/infinity
load average:59.87 27.53 12.88

CPU:total 4 (initial active 4) (2 cores per cpu, 2 threads per core) family 6 model 142 stepping 9, cmov, cx8, fxsr, mmx, sse, sse2, sse3, ssse3, sse4.1, sse4.2, popcnt, avx, avx2, aes, clmul, erms, 3dnowpref, lzcnt, ht, tsc, tscinvbit, bmi1, bmi2, adx, fma

Memory: 4k page, physical 16777216k(2629196k free), swap 3145728k(1733120k free)

vm_info: OpenJDK 64-Bit Server VM (11.0.8+10) for bsd-amd64 JRE (11.0.8+10), built on Jul 15 2020 09:55:29 by "jenkins" with gcc 4.2.1 Compatible Apple LLVM 10.0.1 (clang-1001.0.46.4)

END.
